[PREINITIALIZATION][CLIENT][INFO] Current loaders after merging: [[preinit]]
[PREINITIALIZATION][CLIENT][INFO] Loading scripts for loader with names [preinit]
[PREINITIALIZATION][CLIENT][INFO] [preinit | SIDE_CLIENT]: Skipping file {[0:crafttweaker]: aa\aa.zs} as we are currently loading with a different loader
[PREINITIALIZATION][CLIENT][INFO] [preinit | SIDE_CLIENT]: Skipping file {[0:crafttweaker]: applied\lazy_ae2.zs} as we are currently loading with a different loader
[PREINITIALIZATION][CLIENT][INFO] [preinit | SIDE_CLIENT]: Skipping file {[0:crafttweaker]: applied\me cable\mecable.zs} as we are currently loading with a different loader
[PREINITIALIZATION][CLIENT][INFO] [preinit | SIDE_CLIENT]: Skipping file {[0:contenttweaker]: applied\test.zs} as we are currently loading with a different loader
[PREINITIALIZATION][CLIENT][INFO] [preinit | SIDE_CLIENT]: Skipping file {[0:contenttweaker]: custom item\custom.zs} as we are currently loading with a different loader
[PREINITIALIZATION][CLIENT][INFO] [preinit | SIDE_CLIENT]: Skipping file {[0:contenttweaker]: custom item\dilloy.zs} as we are currently loading with a different loader
[PREINITIALIZATION][CLIENT][INFO] [preinit | SIDE_CLIENT]: Skipping file {[0:contenttweaker]: custom item\Lallix.zs} as we are currently loading with a different loader
[PREINITIALIZATION][CLIENT][INFO] [preinit | SIDE_CLIENT]: Skipping file {[0:contenttweaker]: custom item\Lallixium.zs} as we are currently loading with a different loader
[PREINITIALIZATION][CLIENT][INFO] [preinit | SIDE_CLIENT]: Skipping file {[0:contenttweaker]: custom item\mac.zs} as we are currently loading with a different loader
[PREINITIALIZATION][CLIENT][INFO] [preinit | SIDE_CLIENT]: Skipping file {[0:contenttweaker]: custom item\Red hellite.zs} as we are currently loading with a different loader
[PREINITIALIZATION][CLIENT][INFO] [preinit | SIDE_CLIENT]: Skipping file {[0:contenttweaker]: custom item\staff\Awolf.zs} as we are currently loading with a different loader
[PREINITIALIZATION][CLIENT][INFO] [preinit | SIDE_CLIENT]: Skipping file {[0:contenttweaker]: custom item\staff\babi.zs} as we are currently loading with a different loader
[PREINITIALIZATION][CLIENT][INFO] [preinit | SIDE_CLIENT]: Skipping file {[0:contenttweaker]: custom item\staff\crao.zs} as we are currently loading with a different loader
[PREINITIALIZATION][CLIENT][INFO] [preinit | SIDE_CLIENT]: Skipping file {[0:contenttweaker]: custom item\staff\dawsondude.zs} as we are currently loading with a different loader
[PREINITIALIZATION][CLIENT][INFO] [preinit | SIDE_CLIENT]: Skipping file {[0:contenttweaker]: custom item\staff\dustcrafter.zs} as we are currently loading with a different loader
[PREINITIALIZATION][CLIENT][INFO] [preinit | SIDE_CLIENT]: Skipping file {[0:contenttweaker]: custom item\staff\FirstTimeGaming.zs} as we are currently loading with a different loader
[PREINITIALIZATION][CLIENT][INFO] [preinit | SIDE_CLIENT]: Skipping file {[0:contenttweaker]: custom item\staff\irgend.zs} as we are currently loading with a different loader
[PREINITIALIZATION][CLIENT][INFO] [preinit | SIDE_CLIENT]: Skipping file {[0:contenttweaker]: custom item\staff\kylian.zs} as we are currently loading with a different loader
[PREINITIALIZATION][CLIENT][INFO] [preinit | SIDE_CLIENT]: Skipping file {[0:contenttweaker]: custom item\staff\ramm.zs} as we are currently loading with a different loader
[PREINITIALIZATION][CLIENT][INFO] [preinit | SIDE_CLIENT]: Skipping file {[0:contenttweaker]: custom item\staff\Skitso.zs} as we are currently loading with a different loader
[PREINITIALIZATION][CLIENT][INFO] [preinit | SIDE_CLIENT]: Skipping file {[0:contenttweaker]: custom item\staff\Star.zs} as we are currently loading with a different loader
[PREINITIALIZATION][CLIENT][INFO] [preinit | SIDE_CLIENT]: Skipping file {[0:contenttweaker]: custom item\staff\techguy.zs} as we are currently loading with a different loader
[PREINITIALIZATION][CLIENT][INFO] [preinit | SIDE_CLIENT]: Skipping file {[0:contenttweaker]: custom item\staff\Violet.zs} as we are currently loading with a different loader
[PREINITIALIZATION][CLIENT][INFO] [preinit | SIDE_CLIENT]: Skipping file {[0:contenttweaker]: custom item\staff\Xodias.zs} as we are currently loading with a different loader
[PREINITIALIZATION][CLIENT][INFO] [preinit | SIDE_CLIENT]: Skipping file {[0:contenttweaker]: custom item\staff\zephyrus.zs} as we are currently loading with a different loader
[PREINITIALIZATION][CLIENT][INFO] [preinit | SIDE_CLIENT]: Skipping file {[0:contenttweaker]: custom item\starwars.zs} as we are currently loading with a different loader
[PREINITIALIZATION][CLIENT][INFO] [preinit | SIDE_CLIENT]: Skipping file {[0:contenttweaker]: custom item\tiger\Arkomediez.zs} as we are currently loading with a different loader
[PREINITIALIZATION][CLIENT][INFO] [preinit | SIDE_CLIENT]: Skipping file {[0:contenttweaker]: custom item\tiger\black.zs} as we are currently loading with a different loader
[PREINITIALIZATION][CLIENT][INFO] [preinit | SIDE_CLIENT]: Skipping file {[0:contenttweaker]: custom item\tiger\blue.zs} as we are currently loading with a different loader
[PREINITIALIZATION][CLIENT][INFO] [preinit | SIDE_CLIENT]: Skipping file {[0:contenttweaker]: custom item\tiger\lightpink.zs} as we are currently loading with a different loader
[PREINITIALIZATION][CLIENT][INFO] [preinit | SIDE_CLIENT]: Skipping file {[0:contenttweaker]: custom item\tiger\orange.zs} as we are currently loading with a different loader
[PREINITIALIZATION][CLIENT][INFO] [preinit | SIDE_CLIENT]: Skipping file {[0:contenttweaker]: custom item\tiger\purple.zs} as we are currently loading with a different loader
[PREINITIALIZATION][CLIENT][INFO] [preinit | SIDE_CLIENT]: Skipping file {[0:contenttweaker]: custom item\tiger\rainbow.zs} as we are currently loading with a different loader
[PREINITIALIZATION][CLIENT][INFO] [preinit | SIDE_CLIENT]: Skipping file {[0:contenttweaker]: custom item\tiger\red.zs} as we are currently loading with a different loader
[PREINITIALIZATION][CLIENT][INFO] [preinit | SIDE_CLIENT]: Skipping file {[0:contenttweaker]: custom item\tiger\white.zs} as we are currently loading with a different loader
[PREINITIALIZATION][CLIENT][INFO] [preinit | SIDE_CLIENT]: Skipping file {[0:contenttweaker]: custom item\tiger\yellow.zs} as we are currently loading with a different loader
[PREINITIALIZATION][CLIENT][INFO] [preinit | SIDE_CLIENT]: Skipping file {[0:contenttweaker]: custom item\Xaelium.zs} as we are currently loading with a different loader
[PREINITIALIZATION][CLIENT][INFO] [preinit | SIDE_CLIENT]: Skipping file {[0:crafttweaker]: endercrafter\danknulls.zs} as we are currently loading with a different loader
[PREINITIALIZATION][CLIENT][INFO] [preinit | SIDE_CLIENT]: Skipping file {[0:crafttweaker]: endercrafter\storagedraws.zs} as we are currently loading with a different loader
[PREINITIALIZATION][CLIENT][INFO] [preinit | SIDE_CLIENT]: Skipping file {[0:crafttweaker]: immsinves\here.zs} as we are currently loading with a different loader
[PREINITIALIZATION][CLIENT][INFO] [preinit | SIDE_CLIENT]: Skipping file {[0:crafttweaker]: immsinves\here2.zs} as we are currently loading with a different loader
[PREINITIALIZATION][CLIENT][INFO] [preinit | SIDE_CLIENT]: Skipping file {[0:crafttweaker]: indus\IndustrialCraft2.zs} as we are currently loading with a different loader
[PREINITIALIZATION][CLIENT][INFO] [preinit | SIDE_CLIENT]: Skipping file {[0:crafttweaker]: MineTweakerRecipeMaker.zs} as we are currently loading with a different loader
[PREINITIALIZATION][CLIENT][INFO] [preinit | SIDE_CLIENT]: Skipping file {[0:crafttweaker]: peu\test34.zs} as we are currently loading with a different loader
[PREINITIALIZATION][CLIENT][INFO] [preinit | SIDE_CLIENT]: Skipping file {[0:crafttweaker]: quarry\quarry\quarry.zs} as we are currently loading with a different loader
[PREINITIALIZATION][CLIENT][INFO] [preinit | SIDE_CLIENT]: Skipping file {[0:crafttweaker]: quarry\remove.zs} as we are currently loading with a different loader
[PREINITIALIZATION][CLIENT][INFO] [preinit | SIDE_CLIENT]: Skipping file {[0:crafttweaker]: quarry\teslerack\teseract.zs} as we are currently loading with a different loader
[PREINITIALIZATION][CLIENT][INFO] [preinit | SIDE_CLIENT]: Skipping file {[0:crafttweaker]: storage draws\keys2.zs} as we are currently loading with a different loader
[PREINITIALIZATION][CLIENT][INFO] [preinit | SIDE_CLIENT]: Skipping file {[0:crafttweaker]: storage draws\remove.zs} as we are currently loading with a different loader
[PREINITIALIZATION][CLIENT][INFO] [preinit | SIDE_CLIENT]: Skipping file {[0:crafttweaker]: thermals\quarry.zs} as we are currently loading with a different loader
[PREINITIALIZATION][CLIENT][INFO] [preinit | SIDE_CLIENT]: Skipping file {[0:crafttweaker]: thermals\thermals.zs} as we are currently loading with a different loader
[PREINITIALIZATION][CLIENT][INFO] [preinit | SIDE_CLIENT]: Skipping file {[0:crafttweaker]: tinkers\tinkers.zs} as we are currently loading with a different loader
[PREINITIALIZATION][CLIENT][INFO] Completed script loading in: 4ms
[PREINITIALIZATION][CLIENT][INFO] Current loaders after merging: [[preinit], [contenttweaker]]
[PREINITIALIZATION][CLIENT][INFO] Loading scripts for loader with names [contenttweaker]
[PREINITIALIZATION][CLIENT][INFO] [contenttweaker | SIDE_CLIENT]: Skipping file {[0:crafttweaker]: aa\aa.zs} as we are currently loading with a different loader
[PREINITIALIZATION][CLIENT][INFO] [contenttweaker | SIDE_CLIENT]: Skipping file {[0:crafttweaker]: applied\lazy_ae2.zs} as we are currently loading with a different loader
[PREINITIALIZATION][CLIENT][INFO] [contenttweaker | SIDE_CLIENT]: Skipping file {[0:crafttweaker]: applied\me cable\mecable.zs} as we are currently loading with a different loader
[PREINITIALIZATION][CLIENT][INFO] [contenttweaker | SIDE_CLIENT]: Loading Script: {[0:contenttweaker]: applied\test.zs}
[PREINITIALIZATION][CLIENT][INFO] [contenttweaker | SIDE_CLIENT]: Loading Script: {[0:contenttweaker]: custom item\custom.zs}
[PREINITIALIZATION][CLIENT][INFO] [contenttweaker | SIDE_CLIENT]: Loading Script: {[0:contenttweaker]: custom item\dilloy.zs}
[PREINITIALIZATION][CLIENT][INFO] [contenttweaker | SIDE_CLIENT]: Loading Script: {[0:contenttweaker]: custom item\Lallix.zs}
[PREINITIALIZATION][CLIENT][INFO] [contenttweaker | SIDE_CLIENT]: Loading Script: {[0:contenttweaker]: custom item\Lallixium.zs}
[PREINITIALIZATION][CLIENT][INFO] [contenttweaker | SIDE_CLIENT]: Loading Script: {[0:contenttweaker]: custom item\mac.zs}
[PREINITIALIZATION][CLIENT][INFO] [contenttweaker | SIDE_CLIENT]: Loading Script: {[0:contenttweaker]: custom item\Red hellite.zs}
[PREINITIALIZATION][CLIENT][INFO] [contenttweaker | SIDE_CLIENT]: Loading Script: {[0:contenttweaker]: custom item\staff\Awolf.zs}
[PREINITIALIZATION][CLIENT][INFO] [contenttweaker | SIDE_CLIENT]: Loading Script: {[0:contenttweaker]: custom item\staff\babi.zs}
[PREINITIALIZATION][CLIENT][INFO] [contenttweaker | SIDE_CLIENT]: Loading Script: {[0:contenttweaker]: custom item\staff\crao.zs}
[PREINITIALIZATION][CLIENT][INFO] [contenttweaker | SIDE_CLIENT]: Loading Script: {[0:contenttweaker]: custom item\staff\dawsondude.zs}
[PREINITIALIZATION][CLIENT][INFO] [contenttweaker | SIDE_CLIENT]: Loading Script: {[0:contenttweaker]: custom item\staff\dustcrafter.zs}
[PREINITIALIZATION][CLIENT][INFO] [contenttweaker | SIDE_CLIENT]: Loading Script: {[0:contenttweaker]: custom item\staff\FirstTimeGaming.zs}
[PREINITIALIZATION][CLIENT][INFO] [contenttweaker | SIDE_CLIENT]: Loading Script: {[0:contenttweaker]: custom item\staff\irgend.zs}
[PREINITIALIZATION][CLIENT][INFO] [contenttweaker | SIDE_CLIENT]: Loading Script: {[0:contenttweaker]: custom item\staff\kylian.zs}
[PREINITIALIZATION][CLIENT][INFO] [contenttweaker | SIDE_CLIENT]: Loading Script: {[0:contenttweaker]: custom item\staff\ramm.zs}
[PREINITIALIZATION][CLIENT][INFO] [contenttweaker | SIDE_CLIENT]: Loading Script: {[0:contenttweaker]: custom item\staff\Skitso.zs}
[PREINITIALIZATION][CLIENT][INFO] [contenttweaker | SIDE_CLIENT]: Loading Script: {[0:contenttweaker]: custom item\staff\Star.zs}
[PREINITIALIZATION][CLIENT][INFO] [contenttweaker | SIDE_CLIENT]: Loading Script: {[0:contenttweaker]: custom item\staff\techguy.zs}
[PREINITIALIZATION][CLIENT][INFO] [contenttweaker | SIDE_CLIENT]: Loading Script: {[0:contenttweaker]: custom item\staff\Violet.zs}
[PREINITIALIZATION][CLIENT][INFO] [contenttweaker | SIDE_CLIENT]: Loading Script: {[0:contenttweaker]: custom item\staff\Xodias.zs}
[PREINITIALIZATION][CLIENT][INFO] [contenttweaker | SIDE_CLIENT]: Loading Script: {[0:contenttweaker]: custom item\staff\zephyrus.zs}
[PREINITIALIZATION][CLIENT][INFO] [contenttweaker | SIDE_CLIENT]: Loading Script: {[0:contenttweaker]: custom item\starwars.zs}
[PREINITIALIZATION][CLIENT][INFO] [contenttweaker | SIDE_CLIENT]: Loading Script: {[0:contenttweaker]: custom item\tiger\Arkomediez.zs}
[PREINITIALIZATION][CLIENT][INFO] [contenttweaker | SIDE_CLIENT]: Loading Script: {[0:contenttweaker]: custom item\tiger\black.zs}
[PREINITIALIZATION][CLIENT][INFO] [contenttweaker | SIDE_CLIENT]: Loading Script: {[0:contenttweaker]: custom item\tiger\blue.zs}
[PREINITIALIZATION][CLIENT][INFO] [contenttweaker | SIDE_CLIENT]: Loading Script: {[0:contenttweaker]: custom item\tiger\lightpink.zs}
[PREINITIALIZATION][CLIENT][INFO] [contenttweaker | SIDE_CLIENT]: Loading Script: {[0:contenttweaker]: custom item\tiger\orange.zs}
[PREINITIALIZATION][CLIENT][INFO] [contenttweaker | SIDE_CLIENT]: Loading Script: {[0:contenttweaker]: custom item\tiger\purple.zs}
[PREINITIALIZATION][CLIENT][INFO] [contenttweaker | SIDE_CLIENT]: Loading Script: {[0:contenttweaker]: custom item\tiger\rainbow.zs}
[PREINITIALIZATION][CLIENT][INFO] [contenttweaker | SIDE_CLIENT]: Loading Script: {[0:contenttweaker]: custom item\tiger\red.zs}
[PREINITIALIZATION][CLIENT][INFO] [contenttweaker | SIDE_CLIENT]: Loading Script: {[0:contenttweaker]: custom item\tiger\white.zs}
[PREINITIALIZATION][CLIENT][INFO] [contenttweaker | SIDE_CLIENT]: Loading Script: {[0:contenttweaker]: custom item\tiger\yellow.zs}
[PREINITIALIZATION][CLIENT][INFO] [contenttweaker | SIDE_CLIENT]: Loading Script: {[0:contenttweaker]: custom item\Xaelium.zs}
[PREINITIALIZATION][CLIENT][INFO] [contenttweaker | SIDE_CLIENT]: Skipping file {[0:crafttweaker]: endercrafter\danknulls.zs} as we are currently loading with a different loader
[PREINITIALIZATION][CLIENT][INFO] [contenttweaker | SIDE_CLIENT]: Skipping file {[0:crafttweaker]: endercrafter\storagedraws.zs} as we are currently loading with a different loader
[PREINITIALIZATION][CLIENT][INFO] [contenttweaker | SIDE_CLIENT]: Skipping file {[0:crafttweaker]: immsinves\here.zs} as we are currently loading with a different loader
[PREINITIALIZATION][CLIENT][INFO] [contenttweaker | SIDE_CLIENT]: Skipping file {[0:crafttweaker]: immsinves\here2.zs} as we are currently loading with a different loader
[PREINITIALIZATION][CLIENT][INFO] [contenttweaker | SIDE_CLIENT]: Skipping file {[0:crafttweaker]: indus\IndustrialCraft2.zs} as we are currently loading with a different loader
[PREINITIALIZATION][CLIENT][INFO] [contenttweaker | SIDE_CLIENT]: Skipping file {[0:crafttweaker]: MineTweakerRecipeMaker.zs} as we are currently loading with a different loader
[PREINITIALIZATION][CLIENT][INFO] [contenttweaker | SIDE_CLIENT]: Skipping file {[0:crafttweaker]: peu\test34.zs} as we are currently loading with a different loader
[PREINITIALIZATION][CLIENT][INFO] [contenttweaker | SIDE_CLIENT]: Skipping file {[0:crafttweaker]: quarry\quarry\quarry.zs} as we are currently loading with a different loader
[PREINITIALIZATION][CLIENT][INFO] [contenttweaker | SIDE_CLIENT]: Skipping file {[0:crafttweaker]: quarry\remove.zs} as we are currently loading with a different loader
[PREINITIALIZATION][CLIENT][INFO] [contenttweaker | SIDE_CLIENT]: Skipping file {[0:crafttweaker]: quarry\teslerack\teseract.zs} as we are currently loading with a different loader
[PREINITIALIZATION][CLIENT][INFO] [contenttweaker | SIDE_CLIENT]: Skipping file {[0:crafttweaker]: storage draws\keys2.zs} as we are currently loading with a different loader
[PREINITIALIZATION][CLIENT][INFO] [contenttweaker | SIDE_CLIENT]: Skipping file {[0:crafttweaker]: storage draws\remove.zs} as we are currently loading with a different loader
[PREINITIALIZATION][CLIENT][INFO] [contenttweaker | SIDE_CLIENT]: Skipping file {[0:crafttweaker]: thermals\quarry.zs} as we are currently loading with a different loader
[PREINITIALIZATION][CLIENT][INFO] [contenttweaker | SIDE_CLIENT]: Skipping file {[0:crafttweaker]: thermals\thermals.zs} as we are currently loading with a different loader
[PREINITIALIZATION][CLIENT][INFO] [contenttweaker | SIDE_CLIENT]: Skipping file {[0:crafttweaker]: tinkers\tinkers.zs} as we are currently loading with a different loader
[PREINITIALIZATION][CLIENT][INFO] Completed script loading in: 296ms
[INITIALIZATION][CLIENT][INFO] CraftTweaker: Building registry
[INITIALIZATION][CLIENT][INFO] CraftTweaker: Successfully built item registry
[INITIALIZATION][CLIENT][INFO] Current loaders after merging: [[preinit], [contenttweaker], [recipeevent | crafttweaker]]
[INITIALIZATION][CLIENT][INFO] Loading scripts for loader with names [crafttweaker | recipeevent]
[INITIALIZATION][CLIENT][INFO] [crafttweaker | SIDE_CLIENT]: Loading Script: {[0:crafttweaker]: aa\aa.zs}
[INITIALIZATION][CLIENT][INFO] Adding a Table Crafting recipe for Small Storage Crate
[INITIALIZATION][CLIENT][INFO] Adding a Table Crafting recipe for Medium Storage Crate
[INITIALIZATION][CLIENT][INFO] Adding a Table Crafting recipe for Large Storage Crate
[INITIALIZATION][CLIENT][INFO] [crafttweaker | SIDE_CLIENT]: Loading Script: {[0:crafttweaker]: applied\lazy_ae2.zs}
[INITIALIZATION][CLIENT][INFO] [crafttweaker | SIDE_CLIENT]: Loading Script: {[0:crafttweaker]: applied\me cable\mecable.zs}
[INITIALIZATION][CLIENT][INFO] Adding a Combination Crafting recipe for ME Glass Cable - Red
[INITIALIZATION][CLIENT][INFO] Adding a Combination Crafting recipe for ME Glass Cable - Black
[INITIALIZATION][CLIENT][INFO] Adding a Combination Crafting recipe for ME Glass Cable - Pink
[INITIALIZATION][CLIENT][INFO] Adding a Combination Crafting recipe for ME Glass Cable - Orange
[INITIALIZATION][CLIENT][INFO] Adding a Combination Crafting recipe for ME Glass Cable - Brown
[INITIALIZATION][CLIENT][INFO] Adding a Combination Crafting recipe for ME Glass Cable - White
[INITIALIZATION][CLIENT][INFO] Adding a Combination Crafting recipe for ME Glass Cable - Purple
[INITIALIZATION][CLIENT][INFO] Adding a Combination Crafting recipe for ME Glass Cable - Blue
[INITIALIZATION][CLIENT][INFO] Adding a Combination Crafting recipe for ME Glass Cable - Light Blue
[INITIALIZATION][CLIENT][INFO] Adding a Combination Crafting recipe for ME Glass Cable - Cyan
[INITIALIZATION][CLIENT][INFO] Adding a Combination Crafting recipe for ME Glass Cable - Gray
[INITIALIZATION][CLIENT][INFO] Adding a Combination Crafting recipe for ME Glass Cable - Light Gray
[INITIALIZATION][CLIENT][INFO] Adding a Combination Crafting recipe for ME Glass Cable - Green
[INITIALIZATION][CLIENT][INFO] Adding a Combination Crafting recipe for ME Glass Cable - Lime
[INITIALIZATION][CLIENT][INFO] Adding a Combination Crafting recipe for ME Glass Cable - Yellow
[INITIALIZATION][CLIENT][INFO] Adding a Combination Crafting recipe for ME Glass Cable - Magenta
[INITIALIZATION][CLIENT][INFO] Adding a Combination Crafting recipe for ME Glass Cable - Fluix
[INITIALIZATION][CLIENT][INFO] Adding a Combination Crafting recipe for ME Dense Smart Cable - Red
[INITIALIZATION][CLIENT][INFO] Adding a Combination Crafting recipe for ME Dense Smart Cable - Black
[INITIALIZATION][CLIENT][INFO] Adding a Combination Crafting recipe for ME Dense Smart Cable - Pink
[INITIALIZATION][CLIENT][INFO] Adding a Combination Crafting recipe for ME Dense Smart Cable - Orange
[INITIALIZATION][CLIENT][INFO] Adding a Combination Crafting recipe for ME Dense Smart Cable - Brown
[INITIALIZATION][CLIENT][INFO] Adding a Combination Crafting recipe for ME Dense Smart Cable - White
[INITIALIZATION][CLIENT][INFO] Adding a Combination Crafting recipe for ME Dense Smart Cable - Purple
[INITIALIZATION][CLIENT][INFO] Adding a Combination Crafting recipe for ME Dense Smart Cable - Blue
[INITIALIZATION][CLIENT][INFO] Adding a Combination Crafting recipe for ME Dense Smart Cable - Light Blue
[INITIALIZATION][CLIENT][INFO] Adding a Combination Crafting recipe for ME Dense Smart Cable - Cyan
[INITIALIZATION][CLIENT][INFO] Adding a Combination Crafting recipe for ME Dense Smart Cable - Gray
[INITIALIZATION][CLIENT][INFO] Adding a Combination Crafting recipe for ME Dense Smart Cable - Light Gray
[INITIALIZATION][CLIENT][INFO] Adding a Combination Crafting recipe for ME Dense Smart Cable - Green
[INITIALIZATION][CLIENT][INFO] Adding a Combination Crafting recipe for ME Dense Smart Cable - Lime
[INITIALIZATION][CLIENT][INFO] Adding a Combination Crafting recipe for ME Dense Smart Cable - Yellow
[INITIALIZATION][CLIENT][INFO] Adding a Combination Crafting recipe for ME Dense Smart Cable - Magenta
[INITIALIZATION][CLIENT][INFO] Adding a Combination Crafting recipe for ME Dense Smart Cable - Fluix
[INITIALIZATION][CLIENT][INFO] Adding a Combination Crafting recipe for ME Smart Cable - Red
[INITIALIZATION][CLIENT][INFO] Adding a Combination Crafting recipe for ME Smart Cable - Black
[INITIALIZATION][CLIENT][INFO] Adding a Combination Crafting recipe for ME Smart Cable - Pink
[INITIALIZATION][CLIENT][INFO] Adding a Combination Crafting recipe for ME Smart Cable - Orange
[INITIALIZATION][CLIENT][INFO] Adding a Combination Crafting recipe for ME Smart Cable - Brown
[INITIALIZATION][CLIENT][INFO] Adding a Combination Crafting recipe for ME Smart Cable - White
[INITIALIZATION][CLIENT][INFO] Adding a Combination Crafting recipe for ME Smart Cable - Purple
[INITIALIZATION][CLIENT][INFO] Adding a Combination Crafting recipe for ME Smart Cable - Blue
[INITIALIZATION][CLIENT][INFO] Adding a Combination Crafting recipe for ME Smart Cable - Light Blue
[INITIALIZATION][CLIENT][INFO] Adding a Combination Crafting recipe for ME Smart Cable - Cyan
[INITIALIZATION][CLIENT][INFO] Adding a Combination Crafting recipe for ME Smart Cable - Gray
[INITIALIZATION][CLIENT][INFO] Adding a Combination Crafting recipe for ME Smart Cable - Light Gray
[INITIALIZATION][CLIENT][INFO] Adding a Combination Crafting recipe for ME Smart Cable - Green
[INITIALIZATION][CLIENT][INFO] Adding a Combination Crafting recipe for ME Smart Cable - Lime
[INITIALIZATION][CLIENT][INFO] Adding a Combination Crafting recipe for ME Smart Cable - Yellow
[INITIALIZATION][CLIENT][INFO] Adding a Combination Crafting recipe for ME Smart Cable - Magenta
[INITIALIZATION][CLIENT][INFO] Adding a Combination Crafting recipe for ME Smart Cable - Fluix
[INITIALIZATION][CLIENT][INFO] Adding an Ender Crafting recipe for Basic Card
[INITIALIZATION][CLIENT][INFO] Adding an Ender Crafting recipe for Advanced Card
[INITIALIZATION][CLIENT][INFO] Adding an Ender Crafting recipe for Acceleration Card
[INITIALIZATION][CLIENT][INFO] Adding an Ender Crafting recipe for Crafting Card
[INITIALIZATION][CLIENT][INFO] Adding a Table Crafting recipe for ME Chest
[INITIALIZATION][CLIENT][INFO] Adding a Table Crafting recipe for Inscriber Operation Press
[INITIALIZATION][CLIENT][INFO] Adding a Table Crafting recipe for Inscriber Estimation Press
[INITIALIZATION][CLIENT][INFO] Adding a Table Crafting recipe for Inscriber Methodology Press
[INITIALIZATION][CLIENT][INFO] Adding a Table Crafting recipe for Inscriber Clearance Press
[INITIALIZATION][CLIENT][INFO] Adding a Table Crafting recipe for Inscriber Scheduling Press
[INITIALIZATION][CLIENT][INFO] Adding a Table Crafting recipe for Crystal Growth Chamber
[INITIALIZATION][CLIENT][INFO] Adding a Table Crafting recipe for Advanced Inscriber
[INITIALIZATION][CLIENT][INFO] Adding a Table Crafting recipe for ME Drive
[INITIALIZATION][CLIENT][INFO] Adding a Table Crafting recipe for ME Security Terminal
[INITIALIZATION][CLIENT][INFO] Adding a Table Crafting recipe for ME Extended Processing Pattern Terminal
[INITIALIZATION][CLIENT][INFO] Adding a Table Crafting recipe for ME Crafting Terminal
[INITIALIZATION][CLIENT][INFO] Adding a Table Crafting recipe for ME Pattern Terminal
[INITIALIZATION][CLIENT][INFO] Adding a Table Crafting recipe for ME Extended Processing Pattern Terminal
[INITIALIZATION][CLIENT][INFO] Adding a Table Crafting recipe for ME Interface Configuration Terminal
[INITIALIZATION][CLIENT][INFO] Adding a Table Crafting recipe for ME Interface Terminal
[INITIALIZATION][CLIENT][INFO] Adding a Table Crafting recipe for ME Fluid Terminal
[INITIALIZATION][CLIENT][INFO] Adding a Table Crafting recipe for ME Fluid Interface Configuration Terminal
[INITIALIZATION][CLIENT][INFO] Adding a Table Crafting recipe for ME Terminal
[INITIALIZATION][CLIENT][INFO] [crafttweaker | SIDE_CLIENT]: Skipping file {[0:contenttweaker]: applied\test.zs} as we are currently loading with a different loader
[INITIALIZATION][CLIENT][INFO] [crafttweaker | SIDE_CLIENT]: Skipping file {[0:contenttweaker]: custom item\custom.zs} as we are currently loading with a different loader
[INITIALIZATION][CLIENT][INFO] [crafttweaker | SIDE_CLIENT]: Skipping file {[0:contenttweaker]: custom item\dilloy.zs} as we are currently loading with a different loader
[INITIALIZATION][CLIENT][INFO] [crafttweaker | SIDE_CLIENT]: Skipping file {[0:contenttweaker]: custom item\Lallix.zs} as we are currently loading with a different loader
[INITIALIZATION][CLIENT][INFO] [crafttweaker | SIDE_CLIENT]: Skipping file {[0:contenttweaker]: custom item\Lallixium.zs} as we are currently loading with a different loader
[INITIALIZATION][CLIENT][INFO] [crafttweaker | SIDE_CLIENT]: Skipping file {[0:contenttweaker]: custom item\mac.zs} as we are currently loading with a different loader
[INITIALIZATION][CLIENT][INFO] [crafttweaker | SIDE_CLIENT]: Skipping file {[0:contenttweaker]: custom item\Red hellite.zs} as we are currently loading with a different loader
[INITIALIZATION][CLIENT][INFO] [crafttweaker | SIDE_CLIENT]: Skipping file {[0:contenttweaker]: custom item\staff\Awolf.zs} as we are currently loading with a different loader
[INITIALIZATION][CLIENT][INFO] [crafttweaker | SIDE_CLIENT]: Skipping file {[0:contenttweaker]: custom item\staff\babi.zs} as we are currently loading with a different loader
[INITIALIZATION][CLIENT][INFO] [crafttweaker | SIDE_CLIENT]: Skipping file {[0:contenttweaker]: custom item\staff\crao.zs} as we are currently loading with a different loader
[INITIALIZATION][CLIENT][INFO] [crafttweaker | SIDE_CLIENT]: Skipping file {[0:contenttweaker]: custom item\staff\dawsondude.zs} as we are currently loading with a different loader
[INITIALIZATION][CLIENT][INFO] [crafttweaker | SIDE_CLIENT]: Skipping file {[0:contenttweaker]: custom item\staff\dustcrafter.zs} as we are currently loading with a different loader
[INITIALIZATION][CLIENT][INFO] [crafttweaker | SIDE_CLIENT]: Skipping file {[0:contenttweaker]: custom item\staff\FirstTimeGaming.zs} as we are currently loading with a different loader
[INITIALIZATION][CLIENT][INFO] [crafttweaker | SIDE_CLIENT]: Skipping file {[0:contenttweaker]: custom item\staff\irgend.zs} as we are currently loading with a different loader
[INITIALIZATION][CLIENT][INFO] [crafttweaker | SIDE_CLIENT]: Skipping file {[0:contenttweaker]: custom item\staff\kylian.zs} as we are currently loading with a different loader
[INITIALIZATION][CLIENT][INFO] [crafttweaker | SIDE_CLIENT]: Skipping file {[0:contenttweaker]: custom item\staff\ramm.zs} as we are currently loading with a different loader
[INITIALIZATION][CLIENT][INFO] [crafttweaker | SIDE_CLIENT]: Skipping file {[0:contenttweaker]: custom item\staff\Skitso.zs} as we are currently loading with a different loader
[INITIALIZATION][CLIENT][INFO] [crafttweaker | SIDE_CLIENT]: Skipping file {[0:contenttweaker]: custom item\staff\Star.zs} as we are currently loading with a different loader
[INITIALIZATION][CLIENT][INFO] [crafttweaker | SIDE_CLIENT]: Skipping file {[0:contenttweaker]: custom item\staff\techguy.zs} as we are currently loading with a different loader
[INITIALIZATION][CLIENT][INFO] [crafttweaker | SIDE_CLIENT]: Skipping file {[0:contenttweaker]: custom item\staff\Violet.zs} as we are currently loading with a different loader
[INITIALIZATION][CLIENT][INFO] [crafttweaker | SIDE_CLIENT]: Skipping file {[0:contenttweaker]: custom item\staff\Xodias.zs} as we are currently loading with a different loader
[INITIALIZATION][CLIENT][INFO] [crafttweaker | SIDE_CLIENT]: Skipping file {[0:contenttweaker]: custom item\staff\zephyrus.zs} as we are currently loading with a different loader
[INITIALIZATION][CLIENT][INFO] [crafttweaker | SIDE_CLIENT]: Skipping file {[0:contenttweaker]: custom item\starwars.zs} as we are currently loading with a different loader
[INITIALIZATION][CLIENT][INFO] [crafttweaker | SIDE_CLIENT]: Skipping file {[0:contenttweaker]: custom item\tiger\Arkomediez.zs} as we are currently loading with a different loader
[INITIALIZATION][CLIENT][INFO] [crafttweaker | SIDE_CLIENT]: Skipping file {[0:contenttweaker]: custom item\tiger\black.zs} as we are currently loading with a different loader
[INITIALIZATION][CLIENT][INFO] [crafttweaker | SIDE_CLIENT]: Skipping file {[0:contenttweaker]: custom item\tiger\blue.zs} as we are currently loading with a different loader
[INITIALIZATION][CLIENT][INFO] [crafttweaker | SIDE_CLIENT]: Skipping file {[0:contenttweaker]: custom item\tiger\lightpink.zs} as we are currently loading with a different loader
[INITIALIZATION][CLIENT][INFO] [crafttweaker | SIDE_CLIENT]: Skipping file {[0:contenttweaker]: custom item\tiger\orange.zs} as we are currently loading with a different loader
[INITIALIZATION][CLIENT][INFO] [crafttweaker | SIDE_CLIENT]: Skipping file {[0:contenttweaker]: custom item\tiger\purple.zs} as we are currently loading with a different loader
[INITIALIZATION][CLIENT][INFO] [crafttweaker | SIDE_CLIENT]: Skipping file {[0:contenttweaker]: custom item\tiger\rainbow.zs} as we are currently loading with a different loader
[INITIALIZATION][CLIENT][INFO] [crafttweaker | SIDE_CLIENT]: Skipping file {[0:contenttweaker]: custom item\tiger\red.zs} as we are currently loading with a different loader
[INITIALIZATION][CLIENT][INFO] [crafttweaker | SIDE_CLIENT]: Skipping file {[0:contenttweaker]: custom item\tiger\white.zs} as we are currently loading with a different loader
[INITIALIZATION][CLIENT][INFO] [crafttweaker | SIDE_CLIENT]: Skipping file {[0:contenttweaker]: custom item\tiger\yellow.zs} as we are currently loading with a different loader
[INITIALIZATION][CLIENT][INFO] [crafttweaker | SIDE_CLIENT]: Skipping file {[0:contenttweaker]: custom item\Xaelium.zs} as we are currently loading with a different loader
[INITIALIZATION][CLIENT][INFO] [crafttweaker | SIDE_CLIENT]: Loading Script: {[0:crafttweaker]: endercrafter\danknulls.zs}
[INITIALIZATION][CLIENT][INFO] Adding an Ender Crafting recipe for /dank/null/
[INITIALIZATION][CLIENT][INFO] Adding an Ender Crafting recipe for /dank/null/MK II
[INITIALIZATION][CLIENT][INFO] Adding an Ender Crafting recipe for /dank/null/MK III
[INITIALIZATION][CLIENT][INFO] Adding an Ender Crafting recipe for /dank/null/MK IV
[INITIALIZATION][CLIENT][INFO] Adding an Ender Crafting recipe for /dank/null/MK V
[INITIALIZATION][CLIENT][INFO] Adding a Combination Crafting recipe for /dank/null/MK VI
[INITIALIZATION][CLIENT][INFO] Adding a Table Crafting recipe for /dank/null/Creative
[INITIALIZATION][CLIENT][INFO] [crafttweaker | SIDE_CLIENT]: Loading Script: {[0:crafttweaker]: endercrafter\storagedraws.zs}
[INITIALIZATION][CLIENT][INFO] Adding an Ender Crafting recipe for Storage Upgrade (I)
[INITIALIZATION][CLIENT][INFO] Adding an Ender Crafting recipe for Storage Upgrade (II)
[INITIALIZATION][CLIENT][INFO] Adding an Ender Crafting recipe for Storage Upgrade (III)
[INITIALIZATION][CLIENT][INFO] Adding an Ender Crafting recipe for Storage Upgrade (IV)
[INITIALIZATION][CLIENT][INFO] Adding an Ender Crafting recipe for Storage Upgrade (V)
[INITIALIZATION][CLIENT][INFO] Adding an Ender Crafting recipe for Redstone Upgrade
[INITIALIZATION][CLIENT][INFO] Adding an Ender Crafting recipe for Redstone Max Upgrade
[INITIALIZATION][CLIENT][INFO] Adding an Ender Crafting recipe for Redstone Min Upgrade
[INITIALIZATION][CLIENT][INFO] Adding an Ender Crafting recipe for Status Upgrade (I)
[INITIALIZATION][CLIENT][INFO] Adding an Ender Crafting recipe for Status Upgrade (II)
[INITIALIZATION][CLIENT][INFO] Adding an Ender Crafting recipe for Void Upgrade
[INITIALIZATION][CLIENT][INFO] Adding an Ender Crafting recipe for Conversion Upgrade
[INITIALIZATION][CLIENT][INFO] Adding an Ender Crafting recipe for Upgrade Template
[INITIALIZATION][CLIENT][INFO] [crafttweaker | SIDE_CLIENT]: Loading Script: {[0:crafttweaker]: immsinves\here.zs}
[INITIALIZATION][CLIENT][INFO] Added powerTier with capacity: 16000 and 1024 RF/t
[INITIALIZATION][CLIENT][INFO] Added Reservoir Type: aquifer
[INITIALIZATION][CLIENT][INFO] Added Reservoir Type: oil
[INITIALIZATION][CLIENT][INFO] Added Reservoir Type: oil
[INITIALIZATION][CLIENT][INFO] Added Reservoir Type: lava
[INITIALIZATION][CLIENT][INFO] Added powerTier with capacity: 160000 and 10240 RF/t
[INITIALIZATION][CLIENT][INFO] Added Reservoir Type: drainChanceOil
[INITIALIZATION][CLIENT][INFO] Added Reservoir Type: drainChanceOil
[INITIALIZATION][CLIENT][INFO] Added Reservoir Type: plantoil
[INITIALIZATION][CLIENT][INFO] Registering Drill Fuel Molten rainbowtiger 
[INITIALIZATION][CLIENT][INFO] [crafttweaker | SIDE_CLIENT]: Loading Script: {[0:crafttweaker]: immsinves\here2.zs}
[INITIALIZATION][CLIENT][INFO] Added powerTier with capacity: 64000 and 4096 RF/t
[INITIALIZATION][CLIENT][INFO] Adding MineralMix: Test1 with weight 2000000
[INITIALIZATION][CLIENT][INFO] Added powerTier with capacity: 640000 and 40960 RF/t
[INITIALIZATION][CLIENT][INFO] Adding MineralMix: Test2 with weight 2000000
[INITIALIZATION][CLIENT][INFO] Added powerTier with capacity: 498808960 and 4096000 RF/t
[INITIALIZATION][CLIENT][INFO] [crafttweaker | SIDE_CLIENT]: Loading Script: {[0:crafttweaker]: indus\IndustrialCraft2.zs}
[INITIALIZATION][CLIENT][INFO] [crafttweaker | SIDE_CLIENT]: Loading Script: {[0:crafttweaker]: MineTweakerRecipeMaker.zs}
[INITIALIZATION][CLIENT][INFO] [crafttweaker | SIDE_CLIENT]: Loading Script: {[0:crafttweaker]: peu\test34.zs}
[INITIALIZATION][CLIENT][INFO] [crafttweaker | SIDE_CLIENT]: Loading Script: {[0:crafttweaker]: quarry\quarry\quarry.zs}
[INITIALIZATION][CLIENT][INFO] Adding an Ender Crafting recipe for Ender Quarry Silk Touch Upgrade
[INITIALIZATION][CLIENT][INFO] Adding an Ender Crafting recipe for Ender Quarry Fortune I Upgrade
[INITIALIZATION][CLIENT][INFO] Adding an Ender Crafting recipe for Ender Quarry Fortune II Upgrade
[INITIALIZATION][CLIENT][INFO] Adding an Ender Crafting recipe for Ender Quarry Fortune III Upgrade
[INITIALIZATION][CLIENT][INFO] Adding an Ender Crafting recipe for Ender Quarry Pump Upgrade
[INITIALIZATION][CLIENT][INFO] Adding an Ender Crafting recipe for Ender Quarry World Hole Upgrade
[INITIALIZATION][CLIENT][INFO] Adding an Ender Crafting recipe for Ender Quarry
[INITIALIZATION][CLIENT][INFO] Adding an Ender Crafting recipe for Ender Marker
[INITIALIZATION][CLIENT][INFO] [crafttweaker | SIDE_CLIENT]: Loading Script: {[0:crafttweaker]: quarry\remove.zs}
[INITIALIZATION][CLIENT][INFO] [crafttweaker | SIDE_CLIENT]: Loading Script: {[0:crafttweaker]: quarry\teslerack\teseract.zs}
[INITIALIZATION][CLIENT][INFO] [crafttweaker | SIDE_CLIENT]: Loading Script: {[0:crafttweaker]: storage draws\keys2.zs}
[INITIALIZATION][CLIENT][INFO] [crafttweaker | SIDE_CLIENT]: Loading Script: {[0:crafttweaker]: storage draws\remove.zs}
[INITIALIZATION][CLIENT][INFO] [crafttweaker | SIDE_CLIENT]: Loading Script: {[0:crafttweaker]: thermals\quarry.zs}
[INITIALIZATION][CLIENT][INFO] Adding Refinery Recipe for Hot Spring Water
[INITIALIZATION][CLIENT][INFO] Registering Drill Fuel Hot Spring Water
[INITIALIZATION][CLIENT][INFO] [crafttweaker | SIDE_CLIENT]: Loading Script: {[0:crafttweaker]: thermals\thermals.zs}
[INITIALIZATION][CLIENT][INFO] [crafttweaker | SIDE_CLIENT]: Loading Script: {[0:crafttweaker]: tinkers\tinkers.zs}
[INITIALIZATION][CLIENT][INFO] Altering EntityMelting Recipe(s) for Villager
[INITIALIZATION][CLIENT][INFO] Completed script loading in: 364ms
[INITIALIZATION][CLIENT][INFO] Current loaders after merging: [[preinit], [contenttweaker], [crafttweaker | recipeevent], [multiblocked]]
[INITIALIZATION][CLIENT][INFO] Loading scripts for loader with names [multiblocked]
[INITIALIZATION][CLIENT][INFO] [multiblocked | SIDE_CLIENT]: Skipping file {[0:crafttweaker]: aa\aa.zs} as we are currently loading with a different loader
[INITIALIZATION][CLIENT][INFO] [multiblocked | SIDE_CLIENT]: Skipping file {[0:crafttweaker]: applied\lazy_ae2.zs} as we are currently loading with a different loader
[INITIALIZATION][CLIENT][INFO] [multiblocked | SIDE_CLIENT]: Skipping file {[0:crafttweaker]: applied\me cable\mecable.zs} as we are currently loading with a different loader
[INITIALIZATION][CLIENT][INFO] [multiblocked | SIDE_CLIENT]: Skipping file {[0:contenttweaker]: applied\test.zs} as we are currently loading with a different loader
[INITIALIZATION][CLIENT][INFO] [multiblocked | SIDE_CLIENT]: Skipping file {[0:contenttweaker]: custom item\custom.zs} as we are currently loading with a different loader
[INITIALIZATION][CLIENT][INFO] [multiblocked | SIDE_CLIENT]: Skipping file {[0:contenttweaker]: custom item\dilloy.zs} as we are currently loading with a different loader
[INITIALIZATION][CLIENT][INFO] [multiblocked | SIDE_CLIENT]: Skipping file {[0:contenttweaker]: custom item\Lallix.zs} as we are currently loading with a different loader
[INITIALIZATION][CLIENT][INFO] [multiblocked | SIDE_CLIENT]: Skipping file {[0:contenttweaker]: custom item\Lallixium.zs} as we are currently loading with a different loader
[INITIALIZATION][CLIENT][INFO] [multiblocked | SIDE_CLIENT]: Skipping file {[0:contenttweaker]: custom item\mac.zs} as we are currently loading with a different loader
[INITIALIZATION][CLIENT][INFO] [multiblocked | SIDE_CLIENT]: Skipping file {[0:contenttweaker]: custom item\Red hellite.zs} as we are currently loading with a different loader
[INITIALIZATION][CLIENT][INFO] [multiblocked | SIDE_CLIENT]: Skipping file {[0:contenttweaker]: custom item\staff\Awolf.zs} as we are currently loading with a different loader
[INITIALIZATION][CLIENT][INFO] [multiblocked | SIDE_CLIENT]: Skipping file {[0:contenttweaker]: custom item\staff\babi.zs} as we are currently loading with a different loader
[INITIALIZATION][CLIENT][INFO] [multiblocked | SIDE_CLIENT]: Skipping file {[0:contenttweaker]: custom item\staff\crao.zs} as we are currently loading with a different loader
[INITIALIZATION][CLIENT][INFO] [multiblocked | SIDE_CLIENT]: Skipping file {[0:contenttweaker]: custom item\staff\dawsondude.zs} as we are currently loading with a different loader
[INITIALIZATION][CLIENT][INFO] [multiblocked | SIDE_CLIENT]: Skipping file {[0:contenttweaker]: custom item\staff\dustcrafter.zs} as we are currently loading with a different loader
[INITIALIZATION][CLIENT][INFO] [multiblocked | SIDE_CLIENT]: Skipping file {[0:contenttweaker]: custom item\staff\FirstTimeGaming.zs} as we are currently loading with a different loader
[INITIALIZATION][CLIENT][INFO] [multiblocked | SIDE_CLIENT]: Skipping file {[0:contenttweaker]: custom item\staff\irgend.zs} as we are currently loading with a different loader
[INITIALIZATION][CLIENT][INFO] [multiblocked | SIDE_CLIENT]: Skipping file {[0:contenttweaker]: custom item\staff\kylian.zs} as we are currently loading with a different loader
[INITIALIZATION][CLIENT][INFO] [multiblocked | SIDE_CLIENT]: Skipping file {[0:contenttweaker]: custom item\staff\ramm.zs} as we are currently loading with a different loader
[INITIALIZATION][CLIENT][INFO] [multiblocked | SIDE_CLIENT]: Skipping file {[0:contenttweaker]: custom item\staff\Skitso.zs} as we are currently loading with a different loader
[INITIALIZATION][CLIENT][INFO] [multiblocked | SIDE_CLIENT]: Skipping file {[0:contenttweaker]: custom item\staff\Star.zs} as we are currently loading with a different loader
[INITIALIZATION][CLIENT][INFO] [multiblocked | SIDE_CLIENT]: Skipping file {[0:contenttweaker]: custom item\staff\techguy.zs} as we are currently loading with a different loader
[INITIALIZATION][CLIENT][INFO] [multiblocked | SIDE_CLIENT]: Skipping file {[0:contenttweaker]: custom item\staff\Violet.zs} as we are currently loading with a different loader
[INITIALIZATION][CLIENT][INFO] [multiblocked | SIDE_CLIENT]: Skipping file {[0:contenttweaker]: custom item\staff\Xodias.zs} as we are currently loading with a different loader
[INITIALIZATION][CLIENT][INFO] [multiblocked | SIDE_CLIENT]: Skipping file {[0:contenttweaker]: custom item\staff\zephyrus.zs} as we are currently loading with a different loader
[INITIALIZATION][CLIENT][INFO] [multiblocked | SIDE_CLIENT]: Skipping file {[0:contenttweaker]: custom item\starwars.zs} as we are currently loading with a different loader
[INITIALIZATION][CLIENT][INFO] [multiblocked | SIDE_CLIENT]: Skipping file {[0:contenttweaker]: custom item\tiger\Arkomediez.zs} as we are currently loading with a different loader
[INITIALIZATION][CLIENT][INFO] [multiblocked | SIDE_CLIENT]: Skipping file {[0:contenttweaker]: custom item\tiger\black.zs} as we are currently loading with a different loader
[INITIALIZATION][CLIENT][INFO] [multiblocked | SIDE_CLIENT]: Skipping file {[0:contenttweaker]: custom item\tiger\blue.zs} as we are currently loading with a different loader
[INITIALIZATION][CLIENT][INFO] [multiblocked | SIDE_CLIENT]: Skipping file {[0:contenttweaker]: custom item\tiger\lightpink.zs} as we are currently loading with a different loader
[INITIALIZATION][CLIENT][INFO] [multiblocked | SIDE_CLIENT]: Skipping file {[0:contenttweaker]: custom item\tiger\orange.zs} as we are currently loading with a different loader
[INITIALIZATION][CLIENT][INFO] [multiblocked | SIDE_CLIENT]: Skipping file {[0:contenttweaker]: custom item\tiger\purple.zs} as we are currently loading with a different loader
[INITIALIZATION][CLIENT][INFO] [multiblocked | SIDE_CLIENT]: Skipping file {[0:contenttweaker]: custom item\tiger\rainbow.zs} as we are currently loading with a different loader
[INITIALIZATION][CLIENT][INFO] [multiblocked | SIDE_CLIENT]: Skipping file {[0:contenttweaker]: custom item\tiger\red.zs} as we are currently loading with a different loader
[INITIALIZATION][CLIENT][INFO] [multiblocked | SIDE_CLIENT]: Skipping file {[0:contenttweaker]: custom item\tiger\white.zs} as we are currently loading with a different loader
[INITIALIZATION][CLIENT][INFO] [multiblocked | SIDE_CLIENT]: Skipping file {[0:contenttweaker]: custom item\tiger\yellow.zs} as we are currently loading with a different loader
[INITIALIZATION][CLIENT][INFO] [multiblocked | SIDE_CLIENT]: Skipping file {[0:contenttweaker]: custom item\Xaelium.zs} as we are currently loading with a different loader
[INITIALIZATION][CLIENT][INFO] [multiblocked | SIDE_CLIENT]: Skipping file {[0:crafttweaker]: endercrafter\danknulls.zs} as we are currently loading with a different loader
[INITIALIZATION][CLIENT][INFO] [multiblocked | SIDE_CLIENT]: Skipping file {[0:crafttweaker]: endercrafter\storagedraws.zs} as we are currently loading with a different loader
[INITIALIZATION][CLIENT][INFO] [multiblocked | SIDE_CLIENT]: Skipping file {[0:crafttweaker]: immsinves\here.zs} as we are currently loading with a different loader
[INITIALIZATION][CLIENT][INFO] [multiblocked | SIDE_CLIENT]: Skipping file {[0:crafttweaker]: immsinves\here2.zs} as we are currently loading with a different loader
[INITIALIZATION][CLIENT][INFO] [multiblocked | SIDE_CLIENT]: Skipping file {[0:crafttweaker]: indus\IndustrialCraft2.zs} as we are currently loading with a different loader
[INITIALIZATION][CLIENT][INFO] [multiblocked | SIDE_CLIENT]: Skipping file {[0:crafttweaker]: MineTweakerRecipeMaker.zs} as we are currently loading with a different loader
[INITIALIZATION][CLIENT][INFO] [multiblocked | SIDE_CLIENT]: Skipping file {[0:crafttweaker]: peu\test34.zs} as we are currently loading with a different loader
[INITIALIZATION][CLIENT][INFO] [multiblocked | SIDE_CLIENT]: Skipping file {[0:crafttweaker]: quarry\quarry\quarry.zs} as we are currently loading with a different loader
[INITIALIZATION][CLIENT][INFO] [multiblocked | SIDE_CLIENT]: Skipping file {[0:crafttweaker]: quarry\remove.zs} as we are currently loading with a different loader
[INITIALIZATION][CLIENT][INFO] [multiblocked | SIDE_CLIENT]: Skipping file {[0:crafttweaker]: quarry\teslerack\teseract.zs} as we are currently loading with a different loader
[INITIALIZATION][CLIENT][INFO] [multiblocked | SIDE_CLIENT]: Skipping file {[0:crafttweaker]: storage draws\keys2.zs} as we are currently loading with a different loader
[INITIALIZATION][CLIENT][INFO] [multiblocked | SIDE_CLIENT]: Skipping file {[0:crafttweaker]: storage draws\remove.zs} as we are currently loading with a different loader
[INITIALIZATION][CLIENT][INFO] [multiblocked | SIDE_CLIENT]: Skipping file {[0:crafttweaker]: thermals\quarry.zs} as we are currently loading with a different loader
[INITIALIZATION][CLIENT][INFO] [multiblocked | SIDE_CLIENT]: Skipping file {[0:crafttweaker]: thermals\thermals.zs} as we are currently loading with a different loader
[INITIALIZATION][CLIENT][INFO] [multiblocked | SIDE_CLIENT]: Skipping file {[0:crafttweaker]: tinkers\tinkers.zs} as we are currently loading with a different loader
[INITIALIZATION][CLIENT][INFO] Completed script loading in: 0ms
[POSTINITIALIZATION][CLIENT][INFO] Adding Inscriber Entry for Fluix Steel Ingot
[POSTINITIALIZATION][CLIENT][INFO] Removing recipes for various outputs
[POSTINITIALIZATION][CLIENT][INFO] Removing Shapeless recipes for <fluxnetworks:fluxpoint>
[POSTINITIALIZATION][CLIENT][INFO] Removing 1 Shapeless recipes.
[POSTINITIALIZATION][CLIENT][INFO] Removing Shapeless recipes for <fluxnetworks:fluxplug>
[POSTINITIALIZATION][CLIENT][INFO] Removing 1 Shapeless recipes.
[POSTINITIALIZATION][CLIENT][INFO] Adding shaped recipe for Basic Coil with name Basic Coil
[POSTINITIALIZATION][CLIENT][INFO] Adding shaped recipe for Advanced Coil with name Advanced Coil
[POSTINITIALIZATION][CLIENT][INFO] Adding shaped recipe for Inscriber Calculation Press with name Inscriber Calculation Press
[POSTINITIALIZATION][CLIENT][INFO] Adding shaped recipe for Inscriber Engineering Press with name Inscriber Engineering Press
[POSTINITIALIZATION][CLIENT][INFO] Adding shaped recipe for Inscriber Logic Press with name Inscriber Logic Press
[POSTINITIALIZATION][CLIENT][INFO] Adding shaped recipe for Inscriber Silicon Press with name Inscriber Silicon Press
[POSTINITIALIZATION][CLIENT][INFO] Removing all 6 PneumaticCraft Refinery recipe(s)
[POSTINITIALIZATION][CLIENT][INFO] Removing all 10 PneumaticCraft Pressure Chamber recipe(s)
[POSTINITIALIZATION][CLIENT][INFO] Removing all 2 PneumaticCraft Explosion Crafting recipe(s)
[POSTINITIALIZATION][CLIENT][INFO] Removing all 3 PneumaticCraft Assembly (Laser) recipe(s)
[POSTINITIALIZATION][CLIENT][INFO] Removing all 2 PneumaticCraft Assembly (Drill) recipe(s)
[POSTINITIALIZATION][CLIENT][INFO] Removing all 2 PneumaticCraft Heat Frame Cooling recipe(s)
[POSTINITIALIZATION][CLIENT][INFO] Adding 1 PneumaticCraft Pressure Chamber recipe(s)
[POSTINITIALIZATION][CLIENT][INFO] Adding 1 PneumaticCraft Pressure Chamber recipe(s)
[POSTINITIALIZATION][CLIENT][INFO] Adding 1 PneumaticCraft Pressure Chamber recipe(s)
[POSTINITIALIZATION][CLIENT][INFO] Adding 1 PneumaticCraft Pressure Chamber recipe(s)
[POSTINITIALIZATION][CLIENT][INFO] Adding 1 PneumaticCraft Pressure Chamber recipe(s)
[POSTINITIALIZATION][CLIENT][INFO] Adding 1 PneumaticCraft Pressure Chamber recipe(s)
[POSTINITIALIZATION][CLIENT][INFO] Adding 1 PneumaticCraft Pressure Chamber recipe(s)
[POSTINITIALIZATION][CLIENT][INFO] Adding 1 PneumaticCraft Pressure Chamber recipe(s)
[POSTINITIALIZATION][CLIENT][INFO] Adding 1 PneumaticCraft Pressure Chamber recipe(s)
[POSTINITIALIZATION][CLIENT][INFO] Adding 1 PneumaticCraft Pressure Chamber recipe(s)
[POSTINITIALIZATION][CLIENT][INFO] Adding 1 PneumaticCraft Pressure Chamber recipe(s)
[POSTINITIALIZATION][CLIENT][INFO] Adding 1 PneumaticCraft Pressure Chamber recipe(s)
[POSTINITIALIZATION][CLIENT][INFO] Adding 1 PneumaticCraft Pressure Chamber recipe(s)
[POSTINITIALIZATION][CLIENT][INFO] Adding 1 PneumaticCraft Pressure Chamber recipe(s)
[POSTINITIALIZATION][CLIENT][INFO] Adding 1 PneumaticCraft Pressure Chamber recipe(s)
[AVAILABLE][CLIENT][INFO] Fixed the RecipeBook
[AVAILABLE][CLIENT][INFO] Removing 0 Empowerer Recipe(s) for Unknown item
[AVAILABLE][CLIENT][INFO] Removing 0 Empowerer Recipe(s) for Unknown item
[AVAILABLE][CLIENT][INFO] Removing 0 Empowerer Recipe(s) for Unknown item
[AVAILABLE][CLIENT][INFO] Removing 0 Empowerer Recipe(s) for Unknown item
[AVAILABLE][CLIENT][INFO] Removing 0 Empowerer Recipe(s) for Unknown item
[AVAILABLE][CLIENT][INFO] Removing 0 Empowerer Recipe(s) for Unknown item
[AVAILABLE][CLIENT][INFO] Removing 0 Empowerer Recipe(s) for Unknown item
[AVAILABLE][CLIENT][INFO] Removing 0 Empowerer Recipe(s) for Unknown item
[AVAILABLE][CLIENT][INFO] Removing 0 Empowerer Recipe(s) for Unknown item
[AVAILABLE][CLIENT][INFO] Removing 0 Empowerer Recipe(s) for Unknown item
[AVAILABLE][CLIENT][INFO] Removing 0 Empowerer Recipe(s) for Unknown item
[AVAILABLE][CLIENT][INFO] Removing 0 Empowerer Recipe(s) for Unknown item
[AVAILABLE][CLIENT][INFO] Removing 0 Empowerer Recipe(s) for Unknown item
[AVAILABLE][CLIENT][INFO] Removing 0 Empowerer Recipe(s) for Unknown item
[AVAILABLE][CLIENT][INFO] Removing 0 Empowerer Recipe(s) for Unknown item
[AVAILABLE][CLIENT][INFO] Removing 0 Empowerer Recipe(s) for Unknown item
[AVAILABLE][CLIENT][INFO] Removing 0 Empowerer Recipe(s) for Unknown item
[AVAILABLE][CLIENT][INFO] Removing 0 Empowerer Recipe(s) for Unknown item
[AVAILABLE][CLIENT][INFO] Removing 0 Empowerer Recipe(s) for Unknown item
[AVAILABLE][CLIENT][INFO] Removing 0 Empowerer Recipe(s) for Unknown item
[AVAILABLE][CLIENT][INFO] Removing 0 Empowerer Recipe(s) for Unknown item
[AVAILABLE][CLIENT][INFO] Removing 0 Empowerer Recipe(s) for Unknown item
[AVAILABLE][CLIENT][INFO] Removing 0 Empowerer Recipe(s) for Unknown item
[AVAILABLE][CLIENT][INFO] Removing 0 Empowerer Recipe(s) for Unknown item
[AVAILABLE][CLIENT][INFO] Removing 0 Empowerer Recipe(s) for Unknown item
[AVAILABLE][CLIENT][INFO] Removing 0 Empowerer Recipe(s) for Unknown item
[AVAILABLE][CLIENT][INFO] Removing 0 Empowerer Recipe(s) for Unknown item
[AVAILABLE][CLIENT][INFO] Removing Factorizer for <extendedcrafting:material> * 9
[AVAILABLE][CLIENT][INFO] Removing Factorizer for <extendedcrafting:material:1> * 9
[AVAILABLE][CLIENT][INFO] Removing Factorizer for <extendedcrafting:material>
[AVAILABLE][CLIENT][INFO] Removing Factorizer for <extendedcrafting:storage>
[AVAILABLE][CLIENT][INFO] Removing Factorizer for <extendedcrafting:material> * 9
[AVAILABLE][CLIENT][INFO] Removing Factorizer for <extendedcrafting:material:1> * 9
[AVAILABLE][CLIENT][INFO] Removing Factorizer for <extendedcrafting:material>
[AVAILABLE][CLIENT][INFO] Removing Factorizer for <extendedcrafting:storage>
[AVAILABLE][CLIENT][INFO] Adding 1 Empowerer Recipe(s) for <danknull:dank_null_panel_0>
[AVAILABLE][CLIENT][INFO] Adding 1 Empowerer Recipe(s) for <danknull:dank_null_panel_1>
[AVAILABLE][CLIENT][INFO] Adding 1 Empowerer Recipe(s) for <danknull:dank_null_panel_2>
[AVAILABLE][CLIENT][INFO] Adding 1 Empowerer Recipe(s) for <danknull:dank_null_panel_3>
[AVAILABLE][CLIENT][INFO] Adding 1 Empowerer Recipe(s) for <danknull:dank_null_panel_4>
[AVAILABLE][CLIENT][INFO] Adding 1 Empowerer Recipe(s) for <danknull:dank_null_panel_5>
[AVAILABLE][CLIENT][INFO] Altering InductionSmelter Recipe(s) for <storagedrawers:drawer_key>
[AVAILABLE][CLIENT][INFO] Altering InductionSmelter Recipe(s) for <storagedrawers:shroud_key>
[AVAILABLE][CLIENT][INFO] Altering InductionSmelter Recipe(s) for <storagedrawers:personal_key>
[AVAILABLE][CLIENT][INFO] Altering InductionSmelter Recipe(s) for <storagedrawers:quantify_key>
[AVAILABLE][CLIENT][INFO] Altering Transposer Fill Recipe(s) for <liquid:ender> * 4000
[AVAILABLE][CLIENT][INFO] Altering InductionSmelter Recipe(s) for <thermalexpansion:frame:129>
[AVAILABLE][CLIENT][INFO] Altering InductionSmelter Recipe(s) for <woot:cell:2>
[AVAILABLE][CLIENT][INFO] Altering InductionSmelter Recipe(s) for <thermalexpansion:cell>.withTag({Recv: 1000, RSControl: 0 as byte, Facing: 3 as byte, Energy: 0, SideCache: [2, 1, 1, 1, 1, 1] as byte[] as byte[], Level: 0 as byte, Send: 1000})
[AVAILABLE][CLIENT][INFO] Altering InductionSmelter Recipe(s) for <thermalexpansion:frame:147>
[AVAILABLE][CLIENT][INFO] Altering InductionSmelter Recipe(s) for <thermalexpansion:frame:146>
[AVAILABLE][CLIENT][INFO] Altering InductionSmelter Recipe(s) for <thermalexpansion:frame:132>
[AVAILABLE][CLIENT][INFO] Altering Transposer Extract Recipe(s) for <liquid:lava> * 1000
[AVAILABLE][CLIENT][INFO] Altering Transposer Extract Recipe(s) for <liquid:lava> * 1000
[AVAILABLE][CLIENT][INFO] Altering Transposer Extract Recipe(s) for <liquid:lava> * 500
[AVAILABLE][CLIENT][INFO] Altering Transposer Extract Recipe(s) for <liquid:lava> * 500
[AVAILABLE][CLIENT][INFO] Altering InductionSmelter Recipe(s) for <thermalexpansion:frame:131>
[AVAILABLE][CLIENT][INFO] Altering InductionSmelter Recipe(s) for <thermalexpansion:frame:130>
[AVAILABLE][CLIENT][INFO] Altering InductionSmelter Recipe(s) for <thermalexpansion:frame:132>
[AVAILABLE][CLIENT][INFO] Altering Transposer Fill Recipe(s) for <liquid:ender> * 4000
[AVAILABLE][CLIENT][INFO] Altering Casting Recipe(s) for <storagedrawers:keybutton>
[AVAILABLE][CLIENT][INFO] Altering Casting Recipe(s) for <storagedrawers:keybutton:1>
[AVAILABLE][CLIENT][INFO] Altering Casting Recipe(s) for <storagedrawers:keybutton:2>
[AVAILABLE][CLIENT][INFO] Altering Casting Recipe(s) for <storagedrawers:keybutton:3>
[AVAILABLE][CLIENT][INFO] Altering Melting Recipe(s) for <liquid:redtiger> * 144
[AVAILABLE][CLIENT][INFO] Altering Melting Recipe(s) for <liquid:yellowtiger> * 144
[AVAILABLE][CLIENT][INFO] Altering Melting Recipe(s) for <liquid:tiger> * 144
[AVAILABLE][CLIENT][INFO] Altering Melting Recipe(s) for <liquid:whitetiger> * 144
[AVAILABLE][CLIENT][INFO] Altering Melting Recipe(s) for <liquid:purpletiger> * 144
[AVAILABLE][CLIENT][INFO] Altering Melting Recipe(s) for <liquid:orangetiger> * 144
[AVAILABLE][CLIENT][INFO] Altering Melting Recipe(s) for <liquid:pinktiger> * 144
[AVAILABLE][CLIENT][INFO] Altering Melting Recipe(s) for <liquid:bluetiger> * 144
[AVAILABLE][CLIENT][INFO] Altering Melting Recipe(s) for <liquid:blacktiger> * 144
[AVAILABLE][CLIENT][INFO] Altering Melting Recipe(s) for <liquid:rainbowtiger> * 144
[AVAILABLE][CLIENT][INFO] Altering Melting Recipe(s) for <liquid:lallix> * 144
[AVAILABLE][CLIENT][INFO] Altering Melting Recipe(s) for <liquid:lallixium> * 144
[AVAILABLE][CLIENT][INFO] Altering Melting Recipe(s) for <liquid:xaelium> * 144
[AVAILABLE][CLIENT][INFO] Altering Melting Recipe(s) for <liquid:skymium> * 144
[AVAILABLE][CLIENT][INFO] Altering Melting Recipe(s) for <liquid:redhellite> * 144
[AVAILABLE][CLIENT][INFO] Altering Melting Recipe(s) for <liquid:dillapis> * 144
[AVAILABLE][CLIENT][INFO] Altering Melting Recipe(s) for <liquid:crao> * 144
[AVAILABLE][CLIENT][INFO] Altering Melting Recipe(s) for <liquid:warlock> * 144
[AVAILABLE][CLIENT][INFO] Altering Melting Recipe(s) for <liquid:star> * 144
[AVAILABLE][CLIENT][INFO] Altering Melting Recipe(s) for <liquid:tech_guy> * 144
[AVAILABLE][CLIENT][INFO] Altering Melting Recipe(s) for <liquid:violet> * 144
[AVAILABLE][CLIENT][INFO] Altering Melting Recipe(s) for <liquid:starwars> * 144
[AVAILABLE][CLIENT][INFO] Altering Melting Recipe(s) for <liquid:zephyrus> * 144
[AVAILABLE][CLIENT][INFO] Altering Melting Recipe(s) for <liquid:xodias> * 144
[AVAILABLE][CLIENT][INFO] Altering Melting Recipe(s) for <liquid:dustcrafter> * 144
[AVAILABLE][CLIENT][INFO] Altering Melting Recipe(s) for <liquid:first_time_gaming> * 144
[AVAILABLE][CLIENT][INFO] Altering Melting Recipe(s) for <liquid:irg> * 144
[AVAILABLE][CLIENT][INFO] Altering Melting Recipe(s) for <liquid:kylian> * 144
[AVAILABLE][CLIENT][INFO] Altering Melting Recipe(s) for <liquid:ramm> * 144
[AVAILABLE][CLIENT][INFO] Altering Melting Recipe(s) for <liquid:skitso> * 144
[AVAILABLE][CLIENT][INFO] Altering Melting Recipe(s) for <liquid:dawsondude> * 144
[AVAILABLE][CLIENT][INFO] Altering Melting Recipe(s) for <liquid:aph_wolf> * 144
