[16:29:10] [WARN] Crucible entry for Oak Sapling with meta 0 already exists, skipping.
[16:29:10] [WARN] Crucible entry for Spruce Sapling with meta 1 already exists, skipping.
[16:29:10] [WARN] Crucible entry for Birch Sapling with meta 2 already exists, skipping.
[16:29:10] [WARN] Crucible entry for Jungle Sapling with meta 3 already exists, skipping.
[16:29:10] [WARN] Crucible entry for Acacia Sapling with meta 4 already exists, skipping.
[16:29:10] [WARN] Crucible entry for Dark Oak Sapling with meta 5 already exists, skipping.
[16:29:16] [INFO] ModConfig Loaded: true
[16:29:16] [INFO] JEI: Compost Recipe Pages Loaded:         2
[16:29:16] [INFO] JEI: Fluid Item Transform Recipes Loaded:       23
[16:29:16] [INFO] JEI: Fluid On Top Recipes Loaded:       2
[16:29:16] [INFO] JEI: Fluid Transform Recipes Loaded:    1
[16:29:16] [INFO] JEI: Hammer Recipes Loaded:             42
[16:29:16] [INFO] JEI: Crook Recipes Loaded:              1
[16:29:16] [INFO] JEI: Heat Sources Loaded:             36
[16:29:16] [INFO] JEI: Sieve Recipes Loaded:              48
[16:29:16] [INFO] JEI: Stone Crucible Recipes Loaded:       1
[16:29:16] [INFO] JEI: Wood Crucible Recipes Loaded:        1
[16:29:16] [INFO] Registered Hammer Catalyst: exnihilocreatio:hammer_wood
[16:29:16] [INFO] Registered Hammer Catalyst: exnihilocreatio:hammer_stone
[16:29:16] [INFO] Registered Hammer Catalyst: exnihilocreatio:hammer_iron
[16:29:16] [INFO] Registered Hammer Catalyst: exnihilocreatio:hammer_diamond
[16:29:16] [INFO] Registered Hammer Catalyst: exnihilocreatio:hammer_gold
[16:29:16] [INFO] Registered Crook Catalyst: exnihilocreatio:crook_wood
[16:29:16] [INFO] Registered Crook Catalyst: exnihilocreatio:crook_stone
[16:29:16] [INFO] Registered Crook Catalyst: exnihilocreatio:crook_andesite
[16:29:16] [INFO] Registered Crook Catalyst: exnihilocreatio:crook_granite
[16:29:16] [INFO] Registered Crook Catalyst: exnihilocreatio:crook_diorite
[16:29:16] [INFO] Registered Crook Catalyst: exnihilocreatio:crook_gold
[16:29:16] [INFO] Registered Crook Catalyst: exnihilocreatio:crook_iron
[16:29:16] [INFO] Registered Crook Catalyst: exnihilocreatio:crook_diamond
[16:29:16] [INFO] Registered Crook Catalyst: exnihilocreatio:crook_bone
[16:29:16] [INFO] Registered Crook Catalyst: exnihilocreatio:crook_clay_uncooked
[16:29:16] [INFO] Registered Crook Catalyst: exnihilocreatio:crook_clay
[16:29:16] [INFO] Registered Crook Catalyst: exnihilocreatio:crook_prismarine
[16:29:16] [INFO] Registered Crook Catalyst: exnihilocreatio:crook_netherrack
[16:29:16] [INFO] Registered Crook Catalyst: exnihilocreatio:crook_purpur
[16:29:16] [INFO] Registered Crook Catalyst: exnihilocreatio:crook_blaze
[16:29:16] [INFO] Registered Hammer Catalyst: exnihilocreatio:hammer_tconstruct
[16:29:16] [INFO] Registered Crook Catalyst: exnihilocreatio:crook_tconstruct
[16:29:16] [INFO] Registered Crook Catalyst: excompressum:compressed_crook
