[12:43:49] [WARN] Crucible entry for Oak Sapling with meta 0 already exists, skipping.
[12:43:49] [WARN] Crucible entry for Spruce Sapling with meta 1 already exists, skipping.
[12:43:49] [WARN] Crucible entry for Birch Sapling with meta 2 already exists, skipping.
[12:43:49] [WARN] Crucible entry for Jungle Sapling with meta 3 already exists, skipping.
[12:43:49] [WARN] Crucible entry for Acacia Sapling with meta 4 already exists, skipping.
[12:43:49] [WARN] Crucible entry for Dark Oak Sapling with meta 5 already exists, skipping.
[12:44:39] [INFO] ModConfig Loaded: true
[12:44:39] [INFO] JEI: Compost Recipe Pages Loaded:         2
[12:44:39] [INFO] JEI: Fluid Item Transform Recipes Loaded:       24
[12:44:39] [INFO] JEI: Fluid On Top Recipes Loaded:       2
[12:44:39] [INFO] JEI: Fluid Transform Recipes Loaded:    1
[12:44:39] [INFO] JEI: Hammer Recipes Loaded:             43
[12:44:39] [INFO] JEI: Crook Recipes Loaded:              1
[12:44:39] [INFO] JEI: Heat Sources Loaded:             143
[12:44:39] [INFO] JEI: Sieve Recipes Loaded:              55
[12:44:39] [INFO] JEI: Stone Crucible Recipes Loaded:       1
[12:44:39] [INFO] JEI: Wood Crucible Recipes Loaded:        1
[12:44:39] [INFO] Registered Crook Catalyst: enderio:item_dark_steel_crook
[12:44:39] [INFO] Registered Hammer Catalyst: exnihilocreatio:hammer_wood
[12:44:39] [INFO] Registered Hammer Catalyst: exnihilocreatio:hammer_stone
[12:44:39] [INFO] Registered Hammer Catalyst: exnihilocreatio:hammer_iron
[12:44:39] [INFO] Registered Hammer Catalyst: exnihilocreatio:hammer_diamond
[12:44:39] [INFO] Registered Hammer Catalyst: exnihilocreatio:hammer_gold
[12:44:39] [INFO] Registered Crook Catalyst: exnihilocreatio:crook_wood
[12:44:39] [INFO] Registered Crook Catalyst: exnihilocreatio:crook_stone
[12:44:39] [INFO] Registered Crook Catalyst: exnihilocreatio:crook_andesite
[12:44:39] [INFO] Registered Crook Catalyst: exnihilocreatio:crook_granite
[12:44:39] [INFO] Registered Crook Catalyst: exnihilocreatio:crook_diorite
[12:44:39] [INFO] Registered Crook Catalyst: exnihilocreatio:crook_gold
[12:44:39] [INFO] Registered Crook Catalyst: exnihilocreatio:crook_iron
[12:44:39] [INFO] Registered Crook Catalyst: exnihilocreatio:crook_diamond
[12:44:39] [INFO] Registered Crook Catalyst: exnihilocreatio:crook_bone
[12:44:39] [INFO] Registered Crook Catalyst: exnihilocreatio:crook_clay_uncooked
[12:44:39] [INFO] Registered Crook Catalyst: exnihilocreatio:crook_clay
[12:44:39] [INFO] Registered Crook Catalyst: exnihilocreatio:crook_prismarine
[12:44:39] [INFO] Registered Crook Catalyst: exnihilocreatio:crook_netherrack
[12:44:39] [INFO] Registered Crook Catalyst: exnihilocreatio:crook_purpur
[12:44:39] [INFO] Registered Crook Catalyst: exnihilocreatio:crook_blaze
[12:44:39] [INFO] Registered Crook Catalyst: exnihilocreatio:crook_tconstruct
[12:44:39] [INFO] Registered Crook Catalyst: excompressum:compressed_crook
[12:44:39] [INFO] Registered Hammer Catalyst: tcomplement:sledge_hammer
