[18:17:56] [WARN] Crucible entry for Oak Sapling with meta 0 already exists, skipping.
[18:17:56] [WARN] Crucible entry for Spruce Sapling with meta 1 already exists, skipping.
[18:17:56] [WARN] Crucible entry for Birch Sapling with meta 2 already exists, skipping.
[18:17:56] [WARN] Crucible entry for Jungle Sapling with meta 3 already exists, skipping.
[18:17:56] [WARN] Crucible entry for Acacia Sapling with meta 4 already exists, skipping.
[18:17:56] [WARN] Crucible entry for Dark Oak Sapling with meta 5 already exists, skipping.
[18:19:49] [INFO] ModConfig Loaded: true
[18:19:49] [INFO] JEI: Compost Recipe Pages Loaded:         2
[18:19:49] [INFO] JEI: Fluid Item Transform Recipes Loaded:       24
[18:19:49] [INFO] JEI: Fluid On Top Recipes Loaded:       2
[18:19:49] [INFO] JEI: Fluid Transform Recipes Loaded:    1
[18:19:49] [INFO] JEI: Hammer Recipes Loaded:             43
[18:19:49] [INFO] JEI: Crook Recipes Loaded:              1
[18:19:49] [INFO] JEI: Heat Sources Loaded:             254
[18:19:49] [INFO] JEI: Sieve Recipes Loaded:              66
[18:19:49] [INFO] JEI: Stone Crucible Recipes Loaded:       1
[18:19:49] [INFO] JEI: Wood Crucible Recipes Loaded:        1
[18:19:49] [INFO] Registered Crook Catalyst: enderio:item_dark_steel_crook
[18:19:49] [INFO] Registered Hammer Catalyst: exnihilocreatio:hammer_wood
[18:19:49] [INFO] Registered Hammer Catalyst: exnihilocreatio:hammer_stone
[18:19:49] [INFO] Registered Hammer Catalyst: exnihilocreatio:hammer_iron
[18:19:49] [INFO] Registered Hammer Catalyst: exnihilocreatio:hammer_diamond
[18:19:49] [INFO] Registered Hammer Catalyst: exnihilocreatio:hammer_gold
[18:19:49] [INFO] Registered Crook Catalyst: exnihilocreatio:crook_wood
[18:19:49] [INFO] Registered Crook Catalyst: exnihilocreatio:crook_stone
[18:19:49] [INFO] Registered Crook Catalyst: exnihilocreatio:crook_andesite
[18:19:49] [INFO] Registered Crook Catalyst: exnihilocreatio:crook_granite
[18:19:49] [INFO] Registered Crook Catalyst: exnihilocreatio:crook_diorite
[18:19:49] [INFO] Registered Crook Catalyst: exnihilocreatio:crook_gold
[18:19:49] [INFO] Registered Crook Catalyst: exnihilocreatio:crook_iron
[18:19:49] [INFO] Registered Crook Catalyst: exnihilocreatio:crook_diamond
[18:19:49] [INFO] Registered Crook Catalyst: exnihilocreatio:crook_bone
[18:19:49] [INFO] Registered Crook Catalyst: exnihilocreatio:crook_clay_uncooked
[18:19:49] [INFO] Registered Crook Catalyst: exnihilocreatio:crook_clay
[18:19:49] [INFO] Registered Crook Catalyst: exnihilocreatio:crook_prismarine
[18:19:49] [INFO] Registered Crook Catalyst: exnihilocreatio:crook_netherrack
[18:19:49] [INFO] Registered Crook Catalyst: exnihilocreatio:crook_purpur
[18:19:49] [INFO] Registered Crook Catalyst: exnihilocreatio:crook_blaze
[18:19:49] [INFO] Registered Crook Catalyst: exnihilocreatio:crook_tconstruct
[18:19:49] [INFO] Registered Crook Catalyst: excompressum:compressed_crook
[18:19:49] [INFO] Registered Hammer Catalyst: tcomplement:sledge_hammer
