[11:43:36] [WARN] Crucible entry for Oak Sapling with meta 0 already exists, skipping.
[11:43:36] [WARN] Crucible entry for Spruce Sapling with meta 1 already exists, skipping.
[11:43:36] [WARN] Crucible entry for Birch Sapling with meta 2 already exists, skipping.
[11:43:36] [WARN] Crucible entry for Jungle Sapling with meta 3 already exists, skipping.
[11:43:36] [WARN] Crucible entry for Acacia Sapling with meta 4 already exists, skipping.
[11:43:36] [WARN] Crucible entry for Dark Oak Sapling with meta 5 already exists, skipping.
[11:44:54] [INFO] ModConfig Loaded: true
[11:44:54] [INFO] JEI: Compost Recipe Pages Loaded:         2
[11:44:54] [INFO] JEI: Fluid Item Transform Recipes Loaded:       24
[11:44:54] [INFO] JEI: Fluid On Top Recipes Loaded:       2
[11:44:54] [INFO] JEI: Fluid Transform Recipes Loaded:    1
[11:44:54] [INFO] JEI: Hammer Recipes Loaded:             43
[11:44:54] [INFO] JEI: Crook Recipes Loaded:              1
[11:44:54] [INFO] JEI: Heat Sources Loaded:             181
[11:44:54] [INFO] JEI: Sieve Recipes Loaded:              58
[11:44:54] [INFO] JEI: Stone Crucible Recipes Loaded:       1
[11:44:54] [INFO] JEI: Wood Crucible Recipes Loaded:        1
[11:44:54] [INFO] Registered Crook Catalyst: enderio:item_dark_steel_crook
[11:44:54] [INFO] Registered Hammer Catalyst: exnihilocreatio:hammer_wood
[11:44:54] [INFO] Registered Hammer Catalyst: exnihilocreatio:hammer_stone
[11:44:54] [INFO] Registered Hammer Catalyst: exnihilocreatio:hammer_iron
[11:44:54] [INFO] Registered Hammer Catalyst: exnihilocreatio:hammer_diamond
[11:44:54] [INFO] Registered Hammer Catalyst: exnihilocreatio:hammer_gold
[11:44:54] [INFO] Registered Crook Catalyst: exnihilocreatio:crook_wood
[11:44:54] [INFO] Registered Crook Catalyst: exnihilocreatio:crook_stone
[11:44:54] [INFO] Registered Crook Catalyst: exnihilocreatio:crook_andesite
[11:44:54] [INFO] Registered Crook Catalyst: exnihilocreatio:crook_granite
[11:44:54] [INFO] Registered Crook Catalyst: exnihilocreatio:crook_diorite
[11:44:54] [INFO] Registered Crook Catalyst: exnihilocreatio:crook_gold
[11:44:54] [INFO] Registered Crook Catalyst: exnihilocreatio:crook_iron
[11:44:54] [INFO] Registered Crook Catalyst: exnihilocreatio:crook_diamond
[11:44:54] [INFO] Registered Crook Catalyst: exnihilocreatio:crook_bone
[11:44:54] [INFO] Registered Crook Catalyst: exnihilocreatio:crook_clay_uncooked
[11:44:54] [INFO] Registered Crook Catalyst: exnihilocreatio:crook_clay
[11:44:54] [INFO] Registered Crook Catalyst: exnihilocreatio:crook_prismarine
[11:44:54] [INFO] Registered Crook Catalyst: exnihilocreatio:crook_netherrack
[11:44:54] [INFO] Registered Crook Catalyst: exnihilocreatio:crook_purpur
[11:44:54] [INFO] Registered Crook Catalyst: exnihilocreatio:crook_blaze
[11:44:54] [INFO] Registered Crook Catalyst: exnihilocreatio:crook_tconstruct
[11:44:54] [INFO] Registered Crook Catalyst: excompressum:compressed_crook
[11:44:54] [INFO] Registered Hammer Catalyst: tcomplement:sledge_hammer
