[20:53:22] [WARN] Crucible entry for Oak Sapling with meta 0 already exists, skipping.
[20:53:22] [WARN] Crucible entry for Spruce Sapling with meta 1 already exists, skipping.
[20:53:22] [WARN] Crucible entry for Birch Sapling with meta 2 already exists, skipping.
[20:53:22] [WARN] Crucible entry for Jungle Sapling with meta 3 already exists, skipping.
[20:53:22] [WARN] Crucible entry for Acacia Sapling with meta 4 already exists, skipping.
[20:53:22] [WARN] Crucible entry for Dark Oak Sapling with meta 5 already exists, skipping.
[20:54:50] [INFO] ModConfig Loaded: true
[20:54:50] [INFO] JEI: Compost Recipe Pages Loaded:         2
[20:54:50] [INFO] JEI: Fluid Item Transform Recipes Loaded:       24
[20:54:50] [INFO] JEI: Fluid On Top Recipes Loaded:       2
[20:54:50] [INFO] JEI: Fluid Transform Recipes Loaded:    1
[20:54:50] [INFO] JEI: Hammer Recipes Loaded:             43
[20:54:50] [INFO] JEI: Crook Recipes Loaded:              1
[20:54:50] [INFO] JEI: Heat Sources Loaded:             217
[20:54:50] [INFO] JEI: Sieve Recipes Loaded:              65
[20:54:50] [INFO] JEI: Stone Crucible Recipes Loaded:       1
[20:54:50] [INFO] JEI: Wood Crucible Recipes Loaded:        1
[20:54:50] [INFO] Registered Crook Catalyst: enderio:item_dark_steel_crook
[20:54:50] [INFO] Registered Hammer Catalyst: exnihilocreatio:hammer_wood
[20:54:50] [INFO] Registered Hammer Catalyst: exnihilocreatio:hammer_stone
[20:54:50] [INFO] Registered Hammer Catalyst: exnihilocreatio:hammer_iron
[20:54:50] [INFO] Registered Hammer Catalyst: exnihilocreatio:hammer_diamond
[20:54:50] [INFO] Registered Hammer Catalyst: exnihilocreatio:hammer_gold
[20:54:50] [INFO] Registered Crook Catalyst: exnihilocreatio:crook_wood
[20:54:50] [INFO] Registered Crook Catalyst: exnihilocreatio:crook_stone
[20:54:50] [INFO] Registered Crook Catalyst: exnihilocreatio:crook_andesite
[20:54:50] [INFO] Registered Crook Catalyst: exnihilocreatio:crook_granite
[20:54:50] [INFO] Registered Crook Catalyst: exnihilocreatio:crook_diorite
[20:54:50] [INFO] Registered Crook Catalyst: exnihilocreatio:crook_gold
[20:54:50] [INFO] Registered Crook Catalyst: exnihilocreatio:crook_iron
[20:54:50] [INFO] Registered Crook Catalyst: exnihilocreatio:crook_diamond
[20:54:50] [INFO] Registered Crook Catalyst: exnihilocreatio:crook_bone
[20:54:50] [INFO] Registered Crook Catalyst: exnihilocreatio:crook_clay_uncooked
[20:54:50] [INFO] Registered Crook Catalyst: exnihilocreatio:crook_clay
[20:54:50] [INFO] Registered Crook Catalyst: exnihilocreatio:crook_prismarine
[20:54:50] [INFO] Registered Crook Catalyst: exnihilocreatio:crook_netherrack
[20:54:50] [INFO] Registered Crook Catalyst: exnihilocreatio:crook_purpur
[20:54:50] [INFO] Registered Crook Catalyst: exnihilocreatio:crook_blaze
[20:54:50] [INFO] Registered Crook Catalyst: exnihilocreatio:crook_tconstruct
[20:54:50] [INFO] Registered Crook Catalyst: excompressum:compressed_crook
[20:54:50] [INFO] Registered Hammer Catalyst: tcomplement:sledge_hammer
