[14:35:40] [WARN] Crucible entry for Oak Sapling with meta 0 already exists, skipping.
[14:35:40] [WARN] Crucible entry for Spruce Sapling with meta 1 already exists, skipping.
[14:35:40] [WARN] Crucible entry for Birch Sapling with meta 2 already exists, skipping.
[14:35:40] [WARN] Crucible entry for Jungle Sapling with meta 3 already exists, skipping.
[14:35:40] [WARN] Crucible entry for Acacia Sapling with meta 4 already exists, skipping.
[14:35:40] [WARN] Crucible entry for Dark Oak Sapling with meta 5 already exists, skipping.
[14:37:15] [INFO] ModConfig Loaded: true
[14:37:15] [INFO] JEI: Compost Recipe Pages Loaded:         2
[14:37:15] [INFO] JEI: Fluid Item Transform Recipes Loaded:       24
[14:37:15] [INFO] JEI: Fluid On Top Recipes Loaded:       2
[14:37:15] [INFO] JEI: Fluid Transform Recipes Loaded:    1
[14:37:15] [INFO] JEI: Hammer Recipes Loaded:             43
[14:37:15] [INFO] JEI: Crook Recipes Loaded:              1
[14:37:15] [INFO] JEI: Heat Sources Loaded:             218
[14:37:15] [INFO] JEI: Sieve Recipes Loaded:              67
[14:37:15] [INFO] JEI: Stone Crucible Recipes Loaded:       1
[14:37:15] [INFO] JEI: Wood Crucible Recipes Loaded:        1
[14:37:15] [INFO] Registered Crook Catalyst: enderio:item_dark_steel_crook
[14:37:15] [INFO] Registered Hammer Catalyst: exnihilocreatio:hammer_wood
[14:37:15] [INFO] Registered Hammer Catalyst: exnihilocreatio:hammer_stone
[14:37:15] [INFO] Registered Hammer Catalyst: exnihilocreatio:hammer_iron
[14:37:15] [INFO] Registered Hammer Catalyst: exnihilocreatio:hammer_diamond
[14:37:15] [INFO] Registered Hammer Catalyst: exnihilocreatio:hammer_gold
[14:37:15] [INFO] Registered Crook Catalyst: exnihilocreatio:crook_wood
[14:37:15] [INFO] Registered Crook Catalyst: exnihilocreatio:crook_stone
[14:37:15] [INFO] Registered Crook Catalyst: exnihilocreatio:crook_andesite
[14:37:15] [INFO] Registered Crook Catalyst: exnihilocreatio:crook_granite
[14:37:15] [INFO] Registered Crook Catalyst: exnihilocreatio:crook_diorite
[14:37:15] [INFO] Registered Crook Catalyst: exnihilocreatio:crook_gold
[14:37:15] [INFO] Registered Crook Catalyst: exnihilocreatio:crook_iron
[14:37:15] [INFO] Registered Crook Catalyst: exnihilocreatio:crook_diamond
[14:37:15] [INFO] Registered Crook Catalyst: exnihilocreatio:crook_bone
[14:37:15] [INFO] Registered Crook Catalyst: exnihilocreatio:crook_clay_uncooked
[14:37:15] [INFO] Registered Crook Catalyst: exnihilocreatio:crook_clay
[14:37:15] [INFO] Registered Crook Catalyst: exnihilocreatio:crook_prismarine
[14:37:15] [INFO] Registered Crook Catalyst: exnihilocreatio:crook_netherrack
[14:37:15] [INFO] Registered Crook Catalyst: exnihilocreatio:crook_purpur
[14:37:15] [INFO] Registered Crook Catalyst: exnihilocreatio:crook_blaze
[14:37:15] [INFO] Registered Crook Catalyst: exnihilocreatio:crook_tconstruct
[14:37:15] [INFO] Registered Crook Catalyst: excompressum:compressed_crook
[14:37:15] [INFO] Registered Hammer Catalyst: tcomplement:sledge_hammer
