[17:22:35] [Client thread/INFO] [JMLogger] JourneyMap log initialized.
[17:22:35] [Client thread/INFO] [JourneymapClient] initialize ENTER
[17:22:35] [Client thread/WARN] [PropertiesBase] core (Initialized) Bad configField entry during updateFrom(): optionsManagerViewed=null
[17:22:35] [Client thread/WARN] [PropertiesBase] core (Initialized) Bad configField entry during updateFrom(): splashViewed=null
[17:22:36] [Client thread/INFO] [?] Version: JourneyMap 1.12.2-5.7.1, built with Forge 14.23.5.2768
Forge: 14.23.5.2860
Environment: os.name, os.arch, java.version, user.country, user.language=null, game language=en_us, locale=en_us
Features: 
	RadarPlayers : singleplayer = true , multiplayer = true
	RadarAnimals : singleplayer = true , multiplayer = true
	RadarMobs : singleplayer = true , multiplayer = true
	RadarVillagers : singleplayer = true , multiplayer = true
	MapTopo : singleplayer = true , multiplayer = true
	MapSurface : singleplayer = true , multiplayer = true
	MapCaves : singleplayer = true , multiplayer = true
MiniMapProperties{state=Valid, file=journeymap.minimap.config, configVersion=5.7.1, zoomLevel=0, showPlayers=true, frameAlpha=100, compassFontScale=1, terrainAlpha=100, showEntityNames=true, enabled=true, showPlayerHeading=true, showVillagers=true, info2Label=Game Time, sizePercent=30, showDayNight=true, info3Label=Location, showMobs=true, showPets=true, preferredMapType=day, showCompass=true, mobDisplay=Small Dots, showReticle=true, orientation=North, systemTimeRealFormat=HH:mm:ss, shape=Circle, showSelf=true, info4Label=Biome, locationFormat=xzyv, playerDisplay=Small Dots, showGrid=true, reticleOrientation=Compass, gameTimeRealFormat=HH:mm:ss, showWaypoints=true, showCaves=true, showAnimals=true, showMobHeading=true, showWaypointLabels=true, locationFormatVerbose=true, position=Top Right, info1Label=Blank, fontScale=1}
MiniMapProperties{state=Valid, file=journeymap.minimap2.config, configVersion=5.7.1, zoomLevel=0, showPlayers=true, frameAlpha=100, compassFontScale=1, terrainAlpha=100, showEntityNames=true, enabled=true, showPlayerHeading=true, showVillagers=true, info2Label=Game Time, sizePercent=30, showDayNight=true, info3Label=Location, showMobs=true, showPets=true, preferredMapType=day, showCompass=true, mobDisplay=Small Dots, showReticle=true, orientation=North, systemTimeRealFormat=HH:mm:ss, shape=Rectangle, showSelf=true, info4Label=Biome, locationFormat=xzyv, playerDisplay=Small Dots, showGrid=true, reticleOrientation=Compass, gameTimeRealFormat=HH:mm:ss, showWaypoints=true, showCaves=true, showAnimals=true, showMobHeading=true, showWaypointLabels=true, locationFormatVerbose=true, position=Top Right, info1Label=Blank, fontScale=1}
FullMapProperties{state=Valid, file=journeymap.fullmap.config, configVersion=5.7.1, mobDisplay=Small Dots, zoomLevel=0, showPlayers=true, showSelf=true, locationFormat=xzyv, playerDisplay=Small Dots, showGrid=true, showEntityNames=true, showPlayerHeading=true, showVillagers=true, showWaypoints=true, showCaves=true, showAnimals=true, showMobHeading=true, showKeys=true, showWaypointLabels=true, locationFormatVerbose=true, showMobs=true, showPets=true, fontScale=1, preferredMapType=day}
WaypointProperties{state=Valid, file=journeymap.waypoint.config, configVersion=5.7.1, autoRemoveDeathpointDistance=2, createDeathpoints=true, showName=true, dateFormat=MM-dd-yyyy, autoRemoveDeathpoints=false, maxDistance=0, autoHideLabel=true, teleportCommand=/tp {name} {x} {y} {z}, showStaticBeam=true, minDistance=4, timeFormat=HH:mm:ss, boldLabel=false, textureSmall=true, showDeathpointlabel=true, showDistance=true, showRotatingBeam=true, fontScale=2, showTexture=true, managerEnabled=true, beaconEnabled=true}
WebMapProperties{state=Valid, file=journeymap.webmap.config, configVersion=5.7.1, zoomLevel=0, showWaypoints=true, showCaves=true, showSelf=true, port=8080, showGrid=true, showEntityNames=true, enabled=false, preferredMapType=day}
CoreProperties{state=Valid, file=journeymap.core.config, configVersion=5.7.1, verboseColorPalette=false, maxPlayersData=32, mapSurfaceAboveCaves=true, optionsManagerViewed=null, announceMod=true, colorPassive=#bbbbbb, renderOverlayEventTypeName=ALL, mapBlendWater=false, renderDistanceSurfaceMax=7, radarVerticalDistance=16, mapBlendGrass=true, recordCacheStats=false, hideSneakingEntities=true, revealShape=Circle, alwaysMapSurface=false, colorVillager=#88e188, mapPlants=false, colorPet=#0077ff, radarLateralDistance=64, mapBathymetry=false, mapCrops=true, maxMobsData=32, mapPlantShadows=false, alwaysMapCaves=false, checkUpdates=true, browserPoll=2000, mapBlendFoliage=true, mappingEnabled=true, colorPlayer=#ffffff, tileHighDisplayQuality=true, cacheVillagersData=2200, logLevel=INFO, maxVillagersData=32, maxAnimalsData=32, mapTransparency=true, tileRenderType=1, caveIgnoreGlass=true, mapTopography=true, renderDistanceCaveMax=3, mapAntialiasing=true, colorSelf=#0000ff, cachePlayersData=2000, cacheMobsData=3000, cachePlayerData=1000, splashViewed=null, colorHostile=#ff0000, cacheAnimalsData=3100, themeName=OceanMonument, mapCaveLighting=true, renderDelay=2, renderOverlayPreEvent=true, autoMapPoll=2000}
[17:22:36] [Client thread/INFO] [ClientAPI] [ClientAPI] built with JourneyMap API 1.4
[17:22:36] [Client thread/INFO] [PluginHelper] Initializing plugins with Client API: journeymap.client.api.impl.ClientAPI
[17:22:36] [Client thread/INFO] [PluginHelper] Initialized IClientPlugin: youyihj.zenutils.impl.util.JourneyMapPlugin
[17:22:36] [Client thread/INFO] [PluginHelper] Initialized IClientPlugin: com.teamacronymcoders.base.modules.journeymap.JourneyMapPlugin
[17:22:36] [Client thread/INFO] [JourneymapClient] initialize EXIT, elapsed count 0 avg ?ms
[17:23:42] [Client thread/DEBUG] [JourneymapClient] postInitialize ENTER
[17:23:42] [Client thread/DEBUG] [EventHandlerManager] Handler registered: journeymap.client.forge.event.KeyEventHandler
[17:23:42] [Client thread/DEBUG] [EventHandlerManager] Handler registered: journeymap.client.forge.event.ChatEventHandler
[17:23:42] [Client thread/DEBUG] [EventHandlerManager] Handler registered: journeymap.client.forge.event.StateTickHandler
[17:23:42] [Client thread/DEBUG] [EventHandlerManager] Handler registered: journeymap.client.forge.event.WorldEventHandler
[17:23:42] [Client thread/DEBUG] [EventHandlerManager] Handler registered: journeymap.client.forge.event.WaypointBeaconHandler
[17:23:42] [Client thread/DEBUG] [EventHandlerManager] Handler registered: journeymap.client.forge.event.TextureAtlasHandler
[17:23:42] [Client thread/DEBUG] [EventHandlerManager] Handler registered: journeymap.client.forge.event.MiniMapOverlayHandler
[17:23:42] [Client thread/DEBUG] [EventHandlerManager] Handler registered: journeymap.client.forge.event.PlayerConnectHandler
[17:23:42] [Client thread/DEBUG] [EventHandlerManager] Handler registered: journeymap.client.world.ChunkMonitor
[17:23:42] [Client thread/ERROR] [FileHandler] Couldn't locate icons for Default: D:\New%20folder\Instances\Instances\test%20bench%202\mods\journeymap-1.12.2-5.7.1.jar\assets\journeymap\icon\entity
[17:23:42] [Client thread/INFO] [IconSetFileHandler] Added entity icons from journeymap:icon/entity. Success: false
[17:23:42] [Client thread/TRACE] [ThemeLoader] Initializing themes ...
[17:23:42] [Client thread/ERROR] [FileHandler] Couldn't locate icons for flat: D:\New%20folder\Instances\Instances\test%20bench%202\mods\journeymap-1.12.2-5.7.1.jar\assets\journeymap\theme\flat
[17:23:42] [Client thread/INFO] [ThemeLoader] Preloaded theme textures: 0
[17:23:42] [Client thread/DEBUG] [JourneymapClient] postInitialize EXIT, elapsed§8 count §r1§8 avg §r362.09§8ms§r
[17:24:57] [Client thread/DEBUG] [StatTimer] Tick.MappingMonitorTask warmup done, 10
[17:26:25] [Netty Local Client IO #0/DEBUG] [JourneymapClient] Connection initiated with Journeymap Server: true
[17:26:25] [Netty Local Client IO #0/DEBUG] [JourneymapClient] Teleport Enabled:true
[17:26:25] [Netty Local Client IO #0/DEBUG] [JourneymapClient] Server Admin Enabled:true
[17:26:25] [Netty Local Client IO #0/DEBUG] [JourneymapClient] Connection initiated with Journeymap Server: true
[17:26:25] [Netty Local Client IO #0/DEBUG] [JourneymapClient] Teleport Enabled:true
[17:26:25] [Netty Local Client IO #0/DEBUG] [JourneymapClient] Server Admin Enabled:true
[17:26:39] [Client thread/WARN] [PropertiesBase] core (Initialized) Bad configField entry during updateFrom(): optionsManagerViewed=null
[17:26:39] [Client thread/WARN] [PropertiesBase] core (Initialized) Bad configField entry during updateFrom(): splashViewed=null
[17:26:39] [Client thread/DEBUG] [StatTimer] TileDrawStep.updateRegionTexture warmup done, 5
[17:26:39] [Client thread/DEBUG] [StatTimer] TileDrawStep.updateScaledTexture warmup done, 5
[17:26:39] [Client thread/DEBUG] [GridRenderer] Centered on Tile [ r0, r-1 (zoom 0) ] with pixel offsets of 0.0,0.0
[17:26:39] [Client thread/DEBUG] [GridRenderer] Centered on Tile [ r0, r-1 (zoom 0) ] with pixel offsets of 461.80456183727813,58.54045056957955
[17:26:39] [Client thread/DEBUG] [GridRenderer] Centered on Tile [ r0, r-1 (zoom 0) ] with pixel offsets of 461.80456183727813,58.54045056957955
[17:26:39] [Client thread/DEBUG] [GridRenderer] Centered on Tile [ r0, r-1 (zoom 0) ] with pixel offsets of 461.80456183727813,58.54045056957955
[17:26:39] [Client thread/INFO] [WaypointStore] Loaded 0 waypoints from D:\New folder\Instances\Instances\test bench 2\journeymap\data\sp\New World\waypoints
[17:26:41] [Client thread/DEBUG] [TaskController] Task not initially enabled: MapRegionTask
[17:26:41] [Client thread/DEBUG] [TaskController] Task not initially enabled: SaveMapTask
[17:26:41] [Client thread/DEBUG] [TaskController] Task ready: MapPlayerTask
[17:26:41] [Client thread/DEBUG] [TaskController] Task ready: InitColorManagerTask
[17:26:41] [Client thread/INFO] [JourneymapClient] Mapping started in D:\New folder\Instances\Instances\test bench 2\journeymap\data\sp\New World\DIM0. Memory: 10432MB total, 2900MB free 
[17:26:41] [Client thread/DEBUG] [GridRenderer] Centered on Tile [ r0, r-1 (zoom 0) ] with pixel offsets of 461.80456183727813,58.54045056957955
[17:26:41] [Netty Local Client IO #0/DEBUG] [JourneymapClient] Connection initiated with Journeymap Server: true
[17:26:41] [Netty Local Client IO #0/DEBUG] [JourneymapClient] Teleport Enabled:true
[17:26:41] [Netty Local Client IO #0/DEBUG] [JourneymapClient] Server Admin Enabled:true
[17:26:41] [Client thread/DEBUG] [GridRenderer] Centered on Tile [ r0, r-1 (zoom 0) ] with pixel offsets of 461.80456183727813,58.54045056957955
[17:26:41] [Client thread/INFO] [ChatLog] JourneyMap: Press [J]
[17:26:43] [Client thread/DEBUG] [TaskController] Scheduled MapPlayerTask
[17:26:43] [JM-task-4/DEBUG] [ColorManager] Cached color #dbd3a0 for minecraft:blocks/sand
[17:26:43] [JM-task-4/DEBUG] [ColorManager] Cached color #939393 for minecraft:blocks/grass_top
[17:26:43] [JM-task-4/DEBUG] [ColorManager] Cached color #2e43f4 for minecraft:blocks/water_still
[17:26:43] [JM-task-4/DEBUG] [ColorManager] Cached color #866043 for minecraft:blocks/dirt
[17:26:43] [JM-task-4/DEBUG] [VanillaBlockSpriteProxy] Success during [Cutout] class net.minecraftforge.client.model.ModelLoader$VanillaModelWrapper$1.getQuads(astralsorcery:blockcustomsandore[oretype=aquamarine], null, 0)
[17:26:43] [JM-task-4/DEBUG] [ColorManager] Cached color #b6bfa2 for astralsorcery:blocks/ore_aquamarine,minecraft:blocks/sand
[17:26:43] [JM-task-4/DEBUG] [ColorManager] Cached color #7a7a7a for minecraft:blocks/stonebrick
[17:26:43] [JM-task-4/DEBUG] [ColorManager] Cached color #6f6f6f for minecraft:blocks/vine
[17:26:43] [JM-task-4/DEBUG] [ColorManager] Cached color #767676 for minecraft:blocks/stonebrick_carved
[17:26:43] [JM-task-4/DEBUG] [ColorManager] Cached color #767676 for minecraft:blocks/stonebrick_cracked
[17:26:43] [JM-task-4/DEBUG] [ColorManager] Cached color #72776a for minecraft:blocks/stonebrick_mossy
[17:26:43] [JM-task-4/DEBUG] [StatTimer] SurfaceRenderer.renderSurface warmup done, 10
[17:26:43] [JM-task-4/DEBUG] [StatTimer] TopoRenderer.renderSurface warmup done, 10
[17:26:45] [Client thread/DEBUG] [StatTimer] TaskController.performMultithreadTasks warmup done, 1
[17:26:45] [Client thread/DEBUG] [StatTimer] GridRenderer.updateTiles(1) warmup done, 5
[17:26:45] [Client thread/DEBUG] [StatTimer] GridRenderer.updateTiles(2) warmup done, 5
[17:26:45] [Client thread/DEBUG] [StatTimer] TileDrawStep.draw(low) warmup done, 10
[17:26:46] [Client thread/DEBUG] [KeyEventHandler] [KeyBindingAction{LBRACKET = Change Map Type}]
[17:26:46] [Client thread/DEBUG] [KeyEventHandler] [KeyBindingAction{BACKSLASH = Switch MiniMap Preset}]
[17:26:46] [Client thread/DEBUG] [KeyEventHandler] [KeyBindingAction{MINUS = Zoom Out}]
[17:26:46] [Client thread/DEBUG] [KeyEventHandler] [KeyBindingAction{EQUALS = Zoom In}]
[17:26:46] [Client thread/DEBUG] [KeyEventHandler] [KeyBindingAction{CTRL + B = Waypoint Manager}, KeyBindingAction{B = Create Waypoint}]
[17:26:46] [Client thread/DEBUG] [KeyEventHandler] [KeyBindingAction{CTRL + J = Show / Hide MiniMap}, KeyBindingAction{J = Show / Hide Fullscreen Map}]
[17:26:46] [Client thread/DEBUG] [KeyEventHandler] [KeyBindingAction{LBRACKET = Change Map Type}]
[17:26:46] [Client thread/DEBUG] [KeyEventHandler] [KeyBindingAction{BACKSLASH = Switch MiniMap Preset}]
[17:26:46] [Client thread/DEBUG] [KeyEventHandler] [KeyBindingAction{MINUS = Zoom Out}]
[17:26:46] [Client thread/DEBUG] [KeyEventHandler] [KeyBindingAction{Z = Toggle all Waypoints}]
[17:26:46] [Client thread/DEBUG] [KeyEventHandler] [KeyBindingAction{EQUALS = Zoom In}]
[17:26:46] [Client thread/DEBUG] [KeyEventHandler] [KeyBindingAction{CTRL + B = Waypoint Manager}, KeyBindingAction{B = Create Waypoint (at cursor)}]
[17:26:46] [Client thread/DEBUG] [KeyEventHandler] [KeyBindingAction{DOWN = Pan South (16 Blocks)}]
[17:26:46] [Client thread/DEBUG] [KeyEventHandler] [KeyBindingAction{J = Show / Hide Fullscreen Map}]
[17:26:46] [Client thread/DEBUG] [KeyEventHandler] [KeyBindingAction{O = Options Manager}]
[17:26:46] [Client thread/DEBUG] [KeyEventHandler] [KeyBindingAction{UP = Pan North (16 Blocks)}]
[17:26:46] [Client thread/DEBUG] [KeyEventHandler] [KeyBindingAction{LBRACKET = Change Map Type}]
[17:26:46] [Client thread/DEBUG] [KeyEventHandler] [KeyBindingAction{LEFT = Pan West (16 Blocks)}]
[17:26:46] [Client thread/DEBUG] [KeyEventHandler] [KeyBindingAction{MINUS = Zoom Out}]
[17:26:46] [Client thread/DEBUG] [KeyEventHandler] [KeyBindingAction{EQUALS = Zoom In}]
[17:26:46] [Client thread/DEBUG] [KeyEventHandler] [KeyBindingAction{RIGHT = Pan East (16 Blocks)}]
[17:26:46] [Client thread/DEBUG] [KeyEventHandler] [KeyBindingAction{C = Chat Position (at cursor)}]
[17:26:46] [Client thread/DEBUG] [TaskController] Scheduled MapPlayerTask
[17:26:49] [Client thread/DEBUG] [TaskController] Scheduled MapPlayerTask
[17:26:49] [JM-task-4/DEBUG] [ColorManager] Cached color #9f9f9f for minecraft:blocks/stone_slab_top
[17:26:49] [JM-task-4/DEBUG] [ColorManager] Cached color #9c7f4e for minecraft:blocks/planks_oak
[17:26:49] [JM-task-4/DEBUG] [ColorManager] Cached color #677967 for minecraft:blocks/cobblestone_mossy
[17:26:52] [Client thread/DEBUG] [TaskController] Scheduled MapPlayerTask
[17:26:52] [JM-task-4/DEBUG] [StatTimer] MapPlayerTask.performTask warmup done, 5
[17:26:52] [JM-task-4/DEBUG] [ColorManager] Cached color #7a7a7a for minecraft:blocks/cobblestone
[17:26:55] [Client thread/DEBUG] [TaskController] Scheduled MapPlayerTask
[17:26:55] [Client thread/DEBUG] [StatTimer] Tick.MappingMonitorTask warmup done, 10
[17:26:57] [Client thread/DEBUG] [TaskController] Scheduled MapPlayerTask
[17:26:59] [Client thread/DEBUG] [TaskController] Scheduled MapPlayerTask
[17:27:01] [Client thread/DEBUG] [TaskController] Scheduled MapPlayerTask
[17:27:03] [Client thread/DEBUG] [TaskController] Scheduled MapPlayerTask
[17:27:05] [Client thread/DEBUG] [TaskController] Scheduled MapPlayerTask
[17:27:07] [Client thread/DEBUG] [TaskController] Scheduled MapPlayerTask
[17:27:08] [Client thread/DEBUG] [StatTimer] MapPlayerTask.Manager.getTask warmup done, 10
[17:27:09] [Client thread/DEBUG] [TaskController] Scheduled MapPlayerTask
[17:27:12] [Client thread/DEBUG] [TaskController] Scheduled MapPlayerTask
[17:27:14] [Client thread/DEBUG] [TaskController] Scheduled MapPlayerTask
[17:27:17] [Client thread/DEBUG] [TaskController] Scheduled MapPlayerTask
[17:27:20] [Client thread/DEBUG] [TaskController] Scheduled MapPlayerTask
[17:27:20] [JM-task-4/DEBUG] [ImageHolder] Wrote to disk: D:\New folder\Instances\Instances\test bench 2\journeymap\data\sp\New World\DIM0\day\-1,0.png
[17:27:20] [JM-task-4/DEBUG] [RegionImageCache$2] Wrote to disk before removal from cache: RegionImageSet{imageHolders=[0|day|_=ImageHolder{mapType=0|day|_, textureId=246, dirty=false, imagePath=D:\New folder\Instances\Instances\test bench 2\journeymap\data\sp\New World\DIM0\day\-1,0.png}]}
[17:27:20] [JM-task-4/DEBUG] [ImageHolder] Wrote to disk: D:\New folder\Instances\Instances\test bench 2\journeymap\data\sp\New World\DIM0\day\0,0.png
[17:27:20] [JM-task-4/DEBUG] [RegionImageCache$2] Wrote to disk before removal from cache: RegionImageSet{imageHolders=[0|day|_=ImageHolder{mapType=0|day|_, textureId=247, dirty=false, imagePath=D:\New folder\Instances\Instances\test bench 2\journeymap\data\sp\New World\DIM0\day\0,0.png}]}
[17:27:23] [Client thread/DEBUG] [TaskController] Scheduled MapPlayerTask
[17:27:26] [Client thread/DEBUG] [TaskController] Scheduled MapPlayerTask
[17:27:28] [Client thread/DEBUG] [TaskController] Scheduled MapPlayerTask
[17:27:31] [Client thread/DEBUG] [TaskController] Scheduled MapPlayerTask
[17:27:33] [Client thread/DEBUG] [TaskController] Scheduled MapPlayerTask
[17:27:35] [Client thread/DEBUG] [TaskController] Scheduled MapPlayerTask
[17:27:37] [Client thread/DEBUG] [TaskController] Scheduled MapPlayerTask
[17:27:39] [Client thread/DEBUG] [TaskController] Scheduled MapPlayerTask
[17:27:39] [JM-task-4/DEBUG] [RegionImageCache] RegionImageCache auto-flushing
[17:27:39] [File IO Thread/DEBUG] [ImageHolder] Wrote to disk: D:\New folder\Instances\Instances\test bench 2\journeymap\data\sp\New World\DIM0\day\-1,-1.png
[17:27:39] [File IO Thread/DEBUG] [ImageHolder] Wrote to disk: D:\New folder\Instances\Instances\test bench 2\journeymap\data\sp\New World\DIM0\topo\-1,-1.png
[17:27:39] [File IO Thread/DEBUG] [ImageHolder] Wrote to disk: D:\New folder\Instances\Instances\test bench 2\journeymap\data\sp\New World\DIM0\night\-1,-1.png
[17:27:39] [File IO Thread/DEBUG] [ImageHolder] Wrote to disk: D:\New folder\Instances\Instances\test bench 2\journeymap\data\sp\New World\DIM0\day\0,-1.png
[17:27:39] [File IO Thread/DEBUG] [ImageHolder] Wrote to disk: D:\New folder\Instances\Instances\test bench 2\journeymap\data\sp\New World\DIM0\topo\0,-1.png
[17:27:39] [File IO Thread/DEBUG] [ImageHolder] Wrote to disk: D:\New folder\Instances\Instances\test bench 2\journeymap\data\sp\New World\DIM0\night\0,-1.png
[17:27:41] [Client thread/DEBUG] [TaskController] Scheduled MapPlayerTask
[17:27:43] [Client thread/DEBUG] [TaskController] Scheduled MapPlayerTask
[17:27:45] [Client thread/DEBUG] [TaskController] Scheduled MapPlayerTask
[17:27:48] [Client thread/DEBUG] [TaskController] Scheduled MapPlayerTask
[17:27:51] [Client thread/DEBUG] [TaskController] Scheduled MapPlayerTask
[17:27:55] [Client thread/DEBUG] [TaskController] Scheduled MapPlayerTask
[17:27:58] [Client thread/DEBUG] [TaskController] Scheduled MapPlayerTask
[17:28:00] [Client thread/DEBUG] [TaskController] Scheduled MapPlayerTask
[17:28:02] [Client thread/DEBUG] [TaskController] Scheduled MapPlayerTask
[17:28:04] [Client thread/DEBUG] [TaskController] Scheduled MapPlayerTask
[17:28:06] [Client thread/DEBUG] [TaskController] Scheduled MapPlayerTask
[17:28:08] [Client thread/DEBUG] [TaskController] Scheduled MapPlayerTask
[17:28:10] [Client thread/DEBUG] [GridRenderer] Centered on Tile [ r0, r-1 (zoom 0) ] with pixel offsets of 909.8045618372781,183.04045056957955
[17:28:11] [Client thread/DEBUG] [TaskController] Scheduled MapPlayerTask
[17:28:12] [Client thread/DEBUG] [StatTimer] MiniMap1.Circle warmup done, 100
[17:28:14] [Client thread/DEBUG] [TaskController] Scheduled MapPlayerTask
[17:28:16] [Client thread/DEBUG] [TaskController] Scheduled MapPlayerTask
[17:28:19] [Client thread/DEBUG] [TaskController] Scheduled MapPlayerTask
[17:28:22] [Client thread/DEBUG] [TaskController] Scheduled MapPlayerTask
[17:28:25] [Client thread/DEBUG] [TaskController] Scheduled MapPlayerTask
[17:28:29] [Client thread/DEBUG] [TaskController] Scheduled MapPlayerTask
[17:28:31] [Client thread/DEBUG] [TaskController] Scheduled MapPlayerTask
[17:28:33] [Client thread/DEBUG] [TaskController] Scheduled MapPlayerTask
[17:28:35] [Client thread/DEBUG] [TaskController] Scheduled MapPlayerTask
[17:28:37] [Client thread/DEBUG] [TaskController] Scheduled MapPlayerTask
[17:28:39] [Client thread/DEBUG] [TaskController] Scheduled MapPlayerTask
[17:28:39] [JM-task-4/DEBUG] [RegionImageCache] RegionImageCache auto-flushing
[17:28:39] [File IO Thread/DEBUG] [ImageHolder] Wrote to disk: D:\New folder\Instances\Instances\test bench 2\journeymap\data\sp\New World\DIM0\day\-1,0.png
[17:28:39] [File IO Thread/DEBUG] [ImageHolder] Wrote to disk: D:\New folder\Instances\Instances\test bench 2\journeymap\data\sp\New World\DIM0\day\0,0.png
[17:28:41] [Client thread/DEBUG] [TaskController] Scheduled MapPlayerTask
[17:28:43] [Client thread/DEBUG] [TaskController] Scheduled MapPlayerTask
[17:28:45] [Client thread/DEBUG] [TaskController] Scheduled MapPlayerTask
[17:28:47] [Client thread/DEBUG] [TaskController] Scheduled MapPlayerTask
[17:28:51] [Client thread/DEBUG] [TaskController] Scheduled MapPlayerTask
[17:28:54] [Client thread/DEBUG] [TaskController] Scheduled MapPlayerTask
[17:28:57] [Client thread/DEBUG] [TaskController] Scheduled MapPlayerTask
[17:29:00] [Client thread/DEBUG] [TaskController] Scheduled MapPlayerTask
[17:29:02] [Client thread/DEBUG] [TaskController] Scheduled MapPlayerTask
[17:29:05] [Client thread/DEBUG] [TaskController] Scheduled MapPlayerTask
[17:29:08] [Client thread/DEBUG] [TaskController] Scheduled MapPlayerTask
[17:29:10] [Client thread/DEBUG] [TaskController] Scheduled MapPlayerTask
[17:29:12] [Client thread/DEBUG] [TaskController] Scheduled MapPlayerTask
[17:29:14] [Client thread/DEBUG] [TaskController] Scheduled MapPlayerTask
[17:29:16] [Client thread/DEBUG] [TaskController] Scheduled MapPlayerTask
[17:29:18] [Client thread/DEBUG] [TaskController] Scheduled MapPlayerTask
[17:29:21] [Client thread/DEBUG] [TaskController] Scheduled MapPlayerTask
[17:29:24] [Client thread/DEBUG] [TaskController] Scheduled MapPlayerTask
[17:29:28] [Client thread/DEBUG] [TaskController] Scheduled MapPlayerTask
[17:29:31] [Client thread/DEBUG] [TaskController] Scheduled MapPlayerTask
[17:29:33] [Client thread/DEBUG] [TaskController] Scheduled MapPlayerTask
[17:29:35] [Client thread/DEBUG] [TaskController] Scheduled MapPlayerTask
[17:29:37] [Client thread/DEBUG] [TaskController] Scheduled MapPlayerTask
[17:29:39] [Client thread/DEBUG] [TaskController] Scheduled MapPlayerTask
[17:29:39] [JM-task-4/DEBUG] [RegionImageCache] RegionImageCache auto-flushing
[17:29:41] [Client thread/DEBUG] [TaskController] Scheduled MapPlayerTask
[17:29:43] [Client thread/DEBUG] [TaskController] Scheduled MapPlayerTask
[17:29:45] [Client thread/DEBUG] [TaskController] Scheduled MapPlayerTask
[17:29:48] [Client thread/DEBUG] [TaskController] Scheduled MapPlayerTask
[17:29:50] [Client thread/DEBUG] [TaskController] Scheduled MapPlayerTask
[17:29:53] [Client thread/DEBUG] [TaskController] Scheduled MapPlayerTask
[17:29:56] [Client thread/DEBUG] [TaskController] Scheduled MapPlayerTask
[17:29:59] [Client thread/DEBUG] [TaskController] Scheduled MapPlayerTask
[17:30:02] [Client thread/DEBUG] [TaskController] Scheduled MapPlayerTask
[17:30:04] [Client thread/DEBUG] [TaskController] Scheduled MapPlayerTask
[17:30:07] [Client thread/DEBUG] [TaskController] Scheduled MapPlayerTask
[17:30:09] [Client thread/DEBUG] [TaskController] Scheduled MapPlayerTask
[17:30:11] [Client thread/DEBUG] [TaskController] Scheduled MapPlayerTask
[17:30:14] [Client thread/DEBUG] [TaskController] Scheduled MapPlayerTask
[17:30:16] [Client thread/DEBUG] [TaskController] Scheduled MapPlayerTask
[17:30:18] [Client thread/DEBUG] [TaskController] Scheduled MapPlayerTask
[17:30:20] [Client thread/DEBUG] [TaskController] Scheduled MapPlayerTask
[17:30:23] [Client thread/DEBUG] [TaskController] Scheduled MapPlayerTask
[17:30:27] [Client thread/DEBUG] [TaskController] Scheduled MapPlayerTask
[17:30:30] [Client thread/DEBUG] [TaskController] Scheduled MapPlayerTask
[17:30:33] [Client thread/DEBUG] [TaskController] Scheduled MapPlayerTask
[17:30:35] [Client thread/DEBUG] [TaskController] Scheduled MapPlayerTask
[17:30:37] [Client thread/DEBUG] [TaskController] Scheduled MapPlayerTask
[17:30:39] [Client thread/DEBUG] [TaskController] Scheduled MapPlayerTask
[17:30:39] [JM-task-4/DEBUG] [RegionImageCache] RegionImageCache auto-flushing
[17:30:39] [File IO Thread/DEBUG] [ImageHolder] Wrote to disk: D:\New folder\Instances\Instances\test bench 2\journeymap\data\sp\New World\DIM0\day\0,-1.png
[17:30:39] [File IO Thread/DEBUG] [ImageHolder] Wrote to disk: D:\New folder\Instances\Instances\test bench 2\journeymap\data\sp\New World\DIM0\topo\0,-1.png
[17:30:39] [File IO Thread/DEBUG] [ImageHolder] Wrote to disk: D:\New folder\Instances\Instances\test bench 2\journeymap\data\sp\New World\DIM0\night\0,-1.png
[17:30:41] [Client thread/DEBUG] [TaskController] Scheduled MapPlayerTask
[17:30:43] [Client thread/DEBUG] [TaskController] Scheduled MapPlayerTask
[17:30:45] [Client thread/DEBUG] [TaskController] Scheduled MapPlayerTask
[17:30:48] [Client thread/DEBUG] [TaskController] Scheduled MapPlayerTask
[17:30:50] [Client thread/DEBUG] [TaskController] Scheduled MapPlayerTask
[17:30:52] [Client thread/DEBUG] [TaskController] Scheduled MapPlayerTask
[17:30:55] [Client thread/DEBUG] [TaskController] Scheduled MapPlayerTask
[17:30:58] [Client thread/DEBUG] [TaskController] Scheduled MapPlayerTask
[17:31:01] [Client thread/DEBUG] [TaskController] Scheduled MapPlayerTask
[17:31:04] [Client thread/DEBUG] [TaskController] Scheduled MapPlayerTask
[17:31:06] [Client thread/DEBUG] [TaskController] Scheduled MapPlayerTask
[17:31:09] [Client thread/DEBUG] [TaskController] Scheduled MapPlayerTask
[17:31:11] [Client thread/DEBUG] [TaskController] Scheduled MapPlayerTask
[17:31:13] [Client thread/DEBUG] [TaskController] Scheduled MapPlayerTask
[17:31:16] [Client thread/DEBUG] [TaskController] Scheduled MapPlayerTask
[17:31:18] [Client thread/DEBUG] [TaskController] Scheduled MapPlayerTask
[17:31:20] [Client thread/DEBUG] [TaskController] Scheduled MapPlayerTask
[17:31:22] [Client thread/DEBUG] [TaskController] Scheduled MapPlayerTask
[17:31:25] [Client thread/DEBUG] [TaskController] Scheduled MapPlayerTask
[17:31:28] [Client thread/DEBUG] [TaskController] Scheduled MapPlayerTask
[17:31:32] [Client thread/DEBUG] [TaskController] Scheduled MapPlayerTask
[17:31:35] [Client thread/DEBUG] [TaskController] Scheduled MapPlayerTask
[17:31:37] [Client thread/DEBUG] [TaskController] Scheduled MapPlayerTask
[17:31:39] [Client thread/DEBUG] [TaskController] Scheduled MapPlayerTask
[17:31:41] [Client thread/DEBUG] [TaskController] Scheduled MapPlayerTask
[17:31:41] [JM-task-4/DEBUG] [RegionImageCache] RegionImageCache auto-flushing
[17:31:41] [File IO Thread/DEBUG] [ImageHolder] Wrote to disk: D:\New folder\Instances\Instances\test bench 2\journeymap\data\sp\New World\DIM0\day\0,-1.png
[17:31:41] [File IO Thread/DEBUG] [ImageHolder] Wrote to disk: D:\New folder\Instances\Instances\test bench 2\journeymap\data\sp\New World\DIM0\topo\0,-1.png
[17:31:41] [File IO Thread/DEBUG] [ImageHolder] Wrote to disk: D:\New folder\Instances\Instances\test bench 2\journeymap\data\sp\New World\DIM0\night\0,-1.png
[17:31:43] [Client thread/DEBUG] [TaskController] Scheduled MapPlayerTask
[17:31:45] [Client thread/DEBUG] [TaskController] Scheduled MapPlayerTask
[17:31:47] [Client thread/DEBUG] [TaskController] Scheduled MapPlayerTask
[17:31:49] [Client thread/DEBUG] [TaskController] Scheduled MapPlayerTask
[17:31:52] [Client thread/DEBUG] [TaskController] Scheduled MapPlayerTask
[17:31:54] [Client thread/DEBUG] [TaskController] Scheduled MapPlayerTask
[17:31:57] [Client thread/DEBUG] [TaskController] Scheduled MapPlayerTask
[17:32:00] [Client thread/DEBUG] [TaskController] Scheduled MapPlayerTask
[17:32:03] [Client thread/DEBUG] [TaskController] Scheduled MapPlayerTask
[17:32:06] [Client thread/DEBUG] [TaskController] Scheduled MapPlayerTask
[17:32:08] [Client thread/DEBUG] [TaskController] Scheduled MapPlayerTask
[17:32:10] [Client thread/DEBUG] [TaskController] Scheduled MapPlayerTask
[17:32:13] [Client thread/DEBUG] [TaskController] Scheduled MapPlayerTask
[17:32:15] [Client thread/DEBUG] [TaskController] Scheduled MapPlayerTask
[17:32:17] [Client thread/DEBUG] [TaskController] Scheduled MapPlayerTask
[17:32:19] [Client thread/DEBUG] [TaskController] Scheduled MapPlayerTask
[17:32:21] [Client thread/DEBUG] [TaskController] Scheduled MapPlayerTask
[17:32:23] [Client thread/DEBUG] [TaskController] Scheduled MapPlayerTask
[17:32:25] [Client thread/DEBUG] [TaskController] Scheduled MapPlayerTask
[17:32:28] [Client thread/DEBUG] [TaskController] Scheduled MapPlayerTask
[17:32:31] [Client thread/DEBUG] [TaskController] Scheduled MapPlayerTask
[17:32:35] [Client thread/DEBUG] [TaskController] Scheduled MapPlayerTask
[17:32:38] [Client thread/DEBUG] [TaskController] Scheduled MapPlayerTask
[17:32:40] [Client thread/DEBUG] [TaskController] Scheduled MapPlayerTask
[17:32:42] [Client thread/DEBUG] [TaskController] Scheduled MapPlayerTask
[17:32:42] [JM-task-4/DEBUG] [RegionImageCache] RegionImageCache auto-flushing
[17:32:44] [Client thread/DEBUG] [TaskController] Scheduled MapPlayerTask
[17:32:46] [Client thread/DEBUG] [TaskController] Scheduled MapPlayerTask
[17:32:48] [Client thread/DEBUG] [TaskController] Scheduled MapPlayerTask
[17:32:50] [Client thread/DEBUG] [TaskController] Scheduled MapPlayerTask
[17:32:52] [Client thread/DEBUG] [TaskController] Scheduled MapPlayerTask
[17:32:55] [Client thread/DEBUG] [TaskController] Scheduled MapPlayerTask
[17:32:57] [Client thread/DEBUG] [TaskController] Scheduled MapPlayerTask
[17:33:00] [Client thread/DEBUG] [TaskController] Scheduled MapPlayerTask
[17:33:03] [Client thread/DEBUG] [TaskController] Scheduled MapPlayerTask
[17:33:06] [Client thread/DEBUG] [TaskController] Scheduled MapPlayerTask
[17:33:09] [Client thread/DEBUG] [TaskController] Scheduled MapPlayerTask
[17:33:11] [Client thread/DEBUG] [TaskController] Scheduled MapPlayerTask
[17:33:13] [Client thread/DEBUG] [TaskController] Scheduled MapPlayerTask
[17:33:16] [Client thread/DEBUG] [TaskController] Scheduled MapPlayerTask
[17:33:18] [Client thread/DEBUG] [TaskController] Scheduled MapPlayerTask
[17:33:20] [Client thread/DEBUG] [TaskController] Scheduled MapPlayerTask
[17:33:22] [Client thread/DEBUG] [TaskController] Scheduled MapPlayerTask
[17:33:24] [Client thread/DEBUG] [TaskController] Scheduled MapPlayerTask
[17:33:26] [Client thread/DEBUG] [TaskController] Scheduled MapPlayerTask
[17:33:28] [Client thread/DEBUG] [TaskController] Scheduled MapPlayerTask
[17:33:31] [Client thread/DEBUG] [TaskController] Scheduled MapPlayerTask
[17:33:34] [Client thread/DEBUG] [TaskController] Scheduled MapPlayerTask
[17:33:36] [Client thread/DEBUG] [TaskController] Scheduled MapPlayerTask
[17:33:36] [JM-task-4/DEBUG] [StatTimer] SurfaceRenderer.renderSurface was slow: 1274.9506
[17:33:39] [Client thread/DEBUG] [TaskController] Scheduled MapPlayerTask
[17:33:42] [Client thread/DEBUG] [TaskController] Scheduled MapPlayerTask
[17:33:44] [Client thread/DEBUG] [TaskController] Scheduled MapPlayerTask
[17:33:44] [JM-task-4/DEBUG] [RegionImageCache] RegionImageCache auto-flushing
[17:33:46] [Client thread/DEBUG] [TaskController] Scheduled MapPlayerTask
[17:33:48] [Client thread/DEBUG] [TaskController] Scheduled MapPlayerTask
[17:33:50] [Client thread/DEBUG] [TaskController] Scheduled MapPlayerTask
[17:33:52] [Client thread/DEBUG] [TaskController] Scheduled MapPlayerTask
[17:33:54] [Client thread/DEBUG] [TaskController] Scheduled MapPlayerTask
[17:33:57] [Client thread/DEBUG] [TaskController] Scheduled MapPlayerTask
[17:33:59] [Client thread/DEBUG] [TaskController] Scheduled MapPlayerTask
[17:34:02] [Client thread/DEBUG] [TaskController] Scheduled MapPlayerTask
[17:34:05] [Client thread/DEBUG] [TaskController] Scheduled MapPlayerTask
[17:34:07] [Client thread/DEBUG] [TaskController] Scheduled MapPlayerTask
[17:34:10] [Client thread/DEBUG] [TaskController] Scheduled MapPlayerTask
[17:34:13] [Client thread/DEBUG] [TaskController] Scheduled MapPlayerTask
[17:34:15] [Client thread/DEBUG] [TaskController] Scheduled MapPlayerTask
[17:34:18] [Client thread/DEBUG] [TaskController] Scheduled MapPlayerTask
[17:34:20] [Client thread/DEBUG] [TaskController] Scheduled MapPlayerTask
[17:34:22] [Client thread/DEBUG] [TaskController] Scheduled MapPlayerTask
[17:34:24] [Client thread/DEBUG] [TaskController] Scheduled MapPlayerTask
[17:34:26] [Client thread/DEBUG] [TaskController] Scheduled MapPlayerTask
[17:34:28] [Client thread/DEBUG] [TaskController] Scheduled MapPlayerTask
[17:34:30] [Client thread/DEBUG] [TaskController] Scheduled MapPlayerTask
[17:34:33] [Client thread/DEBUG] [TaskController] Scheduled MapPlayerTask
[17:34:36] [Client thread/DEBUG] [TaskController] Scheduled MapPlayerTask
[17:34:39] [Client thread/DEBUG] [TaskController] Scheduled MapPlayerTask
[17:34:42] [Client thread/DEBUG] [TaskController] Scheduled MapPlayerTask
[17:34:45] [Client thread/DEBUG] [TaskController] Scheduled MapPlayerTask
[17:34:45] [JM-task-4/DEBUG] [RegionImageCache] RegionImageCache auto-flushing
[17:34:47] [Client thread/DEBUG] [TaskController] Scheduled MapPlayerTask
[17:34:49] [Client thread/DEBUG] [TaskController] Scheduled MapPlayerTask
[17:34:51] [Client thread/DEBUG] [TaskController] Scheduled MapPlayerTask
[17:34:53] [Client thread/DEBUG] [TaskController] Scheduled MapPlayerTask
[17:34:55] [Client thread/DEBUG] [TaskController] Scheduled MapPlayerTask
[17:34:57] [Client thread/DEBUG] [TaskController] Scheduled MapPlayerTask
[17:35:00] [Client thread/DEBUG] [TaskController] Scheduled MapPlayerTask
[17:35:02] [Client thread/DEBUG] [TaskController] Scheduled MapPlayerTask
[17:35:05] [Client thread/DEBUG] [TaskController] Scheduled MapPlayerTask
[17:35:08] [Client thread/DEBUG] [TaskController] Scheduled MapPlayerTask
[17:35:10] [Client thread/DEBUG] [TaskController] Scheduled MapPlayerTask
[17:35:13] [Client thread/DEBUG] [TaskController] Scheduled MapPlayerTask
[17:35:16] [Client thread/DEBUG] [TaskController] Scheduled MapPlayerTask
[17:35:18] [Client thread/DEBUG] [TaskController] Scheduled MapPlayerTask
[17:35:21] [Client thread/DEBUG] [TaskController] Scheduled MapPlayerTask
[17:35:23] [Client thread/DEBUG] [TaskController] Scheduled MapPlayerTask
[17:35:25] [Client thread/DEBUG] [TaskController] Scheduled MapPlayerTask
[17:35:27] [Client thread/DEBUG] [TaskController] Scheduled MapPlayerTask
[17:35:29] [Client thread/DEBUG] [TaskController] Scheduled MapPlayerTask
[17:35:31] [Client thread/DEBUG] [TaskController] Scheduled MapPlayerTask
[17:35:33] [Client thread/DEBUG] [TaskController] Scheduled MapPlayerTask
[17:35:36] [Client thread/DEBUG] [TaskController] Scheduled MapPlayerTask
[17:35:39] [Client thread/DEBUG] [TaskController] Scheduled MapPlayerTask
[17:35:42] [Client thread/DEBUG] [TaskController] Scheduled MapPlayerTask
[17:35:45] [Client thread/DEBUG] [TaskController] Scheduled MapPlayerTask
[17:35:48] [Client thread/DEBUG] [TaskController] Scheduled MapPlayerTask
[17:35:48] [JM-task-4/DEBUG] [RegionImageCache] RegionImageCache auto-flushing
[17:35:50] [Client thread/DEBUG] [TaskController] Scheduled MapPlayerTask
[17:35:52] [Client thread/DEBUG] [TaskController] Scheduled MapPlayerTask
[17:35:54] [Client thread/DEBUG] [TaskController] Scheduled MapPlayerTask
[17:35:56] [Client thread/DEBUG] [TaskController] Scheduled MapPlayerTask
[17:35:58] [Client thread/DEBUG] [TaskController] Scheduled MapPlayerTask
[17:36:00] [Client thread/DEBUG] [TaskController] Scheduled MapPlayerTask
[17:36:03] [Client thread/DEBUG] [TaskController] Scheduled MapPlayerTask
[17:36:05] [Client thread/DEBUG] [TaskController] Scheduled MapPlayerTask
[17:36:08] [Client thread/DEBUG] [TaskController] Scheduled MapPlayerTask
[17:36:11] [Client thread/DEBUG] [TaskController] Scheduled MapPlayerTask
[17:36:13] [Client thread/DEBUG] [TaskController] Scheduled MapPlayerTask
[17:36:16] [Client thread/DEBUG] [TaskController] Scheduled MapPlayerTask
[17:36:19] [Client thread/DEBUG] [TaskController] Scheduled MapPlayerTask
[17:36:21] [Client thread/DEBUG] [TaskController] Scheduled MapPlayerTask
[17:36:24] [Client thread/DEBUG] [TaskController] Scheduled MapPlayerTask
[17:36:26] [Client thread/DEBUG] [TaskController] Scheduled MapPlayerTask
[17:36:28] [Client thread/DEBUG] [TaskController] Scheduled MapPlayerTask
[17:36:30] [Client thread/DEBUG] [TaskController] Scheduled MapPlayerTask
[17:36:32] [Client thread/DEBUG] [TaskController] Scheduled MapPlayerTask
[17:36:34] [Client thread/DEBUG] [TaskController] Scheduled MapPlayerTask
[17:36:36] [Client thread/DEBUG] [TaskController] Scheduled MapPlayerTask
[17:36:39] [Client thread/DEBUG] [TaskController] Scheduled MapPlayerTask
[17:36:42] [Client thread/DEBUG] [TaskController] Scheduled MapPlayerTask
[17:36:45] [Client thread/DEBUG] [TaskController] Scheduled MapPlayerTask
[17:36:48] [Client thread/DEBUG] [TaskController] Scheduled MapPlayerTask
[17:36:51] [Client thread/DEBUG] [TaskController] Scheduled MapPlayerTask
[17:36:51] [JM-task-4/DEBUG] [RegionImageCache] RegionImageCache auto-flushing
[17:36:53] [Client thread/DEBUG] [TaskController] Scheduled MapPlayerTask
[17:36:55] [Client thread/DEBUG] [TaskController] Scheduled MapPlayerTask
[17:36:57] [Client thread/DEBUG] [TaskController] Scheduled MapPlayerTask
[17:36:59] [Client thread/DEBUG] [TaskController] Scheduled MapPlayerTask
[17:37:01] [Client thread/DEBUG] [TaskController] Scheduled MapPlayerTask
[17:37:03] [Client thread/DEBUG] [TaskController] Scheduled MapPlayerTask
[17:37:06] [Client thread/DEBUG] [TaskController] Scheduled MapPlayerTask
[17:37:08] [Client thread/DEBUG] [TaskController] Scheduled MapPlayerTask
[17:37:11] [Client thread/DEBUG] [TaskController] Scheduled MapPlayerTask
[17:37:14] [Client thread/DEBUG] [TaskController] Scheduled MapPlayerTask
[17:37:16] [Client thread/DEBUG] [TaskController] Scheduled MapPlayerTask
[17:37:19] [Client thread/DEBUG] [TaskController] Scheduled MapPlayerTask
[17:37:22] [Client thread/DEBUG] [TaskController] Scheduled MapPlayerTask
[17:37:24] [Client thread/DEBUG] [TaskController] Scheduled MapPlayerTask
[17:37:27] [Client thread/DEBUG] [TaskController] Scheduled MapPlayerTask
[17:37:29] [Client thread/DEBUG] [TaskController] Scheduled MapPlayerTask
[17:37:31] [Client thread/DEBUG] [TaskController] Scheduled MapPlayerTask
[17:37:33] [Client thread/DEBUG] [TaskController] Scheduled MapPlayerTask
[17:37:35] [Client thread/DEBUG] [TaskController] Scheduled MapPlayerTask
[17:37:37] [Client thread/DEBUG] [TaskController] Scheduled MapPlayerTask
[17:37:39] [Client thread/DEBUG] [TaskController] Scheduled MapPlayerTask
[17:37:42] [Client thread/DEBUG] [TaskController] Scheduled MapPlayerTask
[17:37:45] [Client thread/DEBUG] [TaskController] Scheduled MapPlayerTask
[17:37:48] [Client thread/DEBUG] [TaskController] Scheduled MapPlayerTask
[17:37:51] [Client thread/DEBUG] [TaskController] Scheduled MapPlayerTask
[17:37:54] [Client thread/DEBUG] [TaskController] Scheduled MapPlayerTask
[17:37:54] [JM-task-4/DEBUG] [RegionImageCache] RegionImageCache auto-flushing
[17:37:56] [Client thread/DEBUG] [TaskController] Scheduled MapPlayerTask
[17:37:58] [Client thread/DEBUG] [TaskController] Scheduled MapPlayerTask
[17:38:00] [Client thread/DEBUG] [TaskController] Scheduled MapPlayerTask
[17:38:02] [Client thread/DEBUG] [TaskController] Scheduled MapPlayerTask
[17:38:04] [Client thread/DEBUG] [TaskController] Scheduled MapPlayerTask
[17:38:06] [Client thread/DEBUG] [TaskController] Scheduled MapPlayerTask
[17:38:09] [Client thread/DEBUG] [TaskController] Scheduled MapPlayerTask
[17:38:11] [Client thread/DEBUG] [TaskController] Scheduled MapPlayerTask
[17:38:14] [Client thread/DEBUG] [TaskController] Scheduled MapPlayerTask
[17:38:17] [Client thread/DEBUG] [TaskController] Scheduled MapPlayerTask
[17:38:19] [Client thread/DEBUG] [TaskController] Scheduled MapPlayerTask
[17:38:22] [Client thread/DEBUG] [TaskController] Scheduled MapPlayerTask
[17:38:25] [Client thread/DEBUG] [TaskController] Scheduled MapPlayerTask
[17:38:27] [Client thread/DEBUG] [TaskController] Scheduled MapPlayerTask
[17:38:30] [Client thread/DEBUG] [TaskController] Scheduled MapPlayerTask
[17:38:32] [Client thread/DEBUG] [TaskController] Scheduled MapPlayerTask
[17:38:34] [Client thread/DEBUG] [TaskController] Scheduled MapPlayerTask
[17:38:36] [Client thread/DEBUG] [TaskController] Scheduled MapPlayerTask
[17:38:38] [Client thread/DEBUG] [TaskController] Scheduled MapPlayerTask
[17:38:40] [Client thread/DEBUG] [TaskController] Scheduled MapPlayerTask
[17:38:42] [Client thread/DEBUG] [TaskController] Scheduled MapPlayerTask
[17:38:45] [Client thread/DEBUG] [TaskController] Scheduled MapPlayerTask
[17:38:48] [Client thread/DEBUG] [TaskController] Scheduled MapPlayerTask
[17:38:51] [Client thread/DEBUG] [TaskController] Scheduled MapPlayerTask
[17:38:54] [Client thread/DEBUG] [TaskController] Scheduled MapPlayerTask
[17:38:57] [Client thread/DEBUG] [TaskController] Scheduled MapPlayerTask
[17:38:57] [JM-task-4/DEBUG] [RegionImageCache] RegionImageCache auto-flushing
[17:38:59] [Client thread/DEBUG] [TaskController] Scheduled MapPlayerTask
[17:39:01] [Client thread/DEBUG] [TaskController] Scheduled MapPlayerTask
[17:39:03] [Client thread/DEBUG] [TaskController] Scheduled MapPlayerTask
[17:39:05] [Client thread/DEBUG] [TaskController] Scheduled MapPlayerTask
[17:39:07] [Client thread/DEBUG] [TaskController] Scheduled MapPlayerTask
[17:39:09] [Client thread/DEBUG] [TaskController] Scheduled MapPlayerTask
[17:39:12] [Client thread/DEBUG] [TaskController] Scheduled MapPlayerTask
[17:39:14] [Client thread/DEBUG] [TaskController] Scheduled MapPlayerTask
[17:39:17] [Client thread/DEBUG] [TaskController] Scheduled MapPlayerTask
[17:39:20] [Client thread/DEBUG] [TaskController] Scheduled MapPlayerTask
[17:39:22] [Client thread/DEBUG] [TaskController] Scheduled MapPlayerTask
[17:39:25] [Client thread/DEBUG] [TaskController] Scheduled MapPlayerTask
[17:39:28] [Client thread/DEBUG] [TaskController] Scheduled MapPlayerTask
[17:39:30] [Client thread/DEBUG] [TaskController] Scheduled MapPlayerTask
[17:39:33] [Client thread/DEBUG] [TaskController] Scheduled MapPlayerTask
[17:39:35] [Client thread/DEBUG] [TaskController] Scheduled MapPlayerTask
[17:39:37] [Client thread/DEBUG] [TaskController] Scheduled MapPlayerTask
[17:39:39] [Client thread/DEBUG] [TaskController] Scheduled MapPlayerTask
[17:39:41] [Client thread/DEBUG] [TaskController] Scheduled MapPlayerTask
[17:39:43] [Client thread/DEBUG] [TaskController] Scheduled MapPlayerTask
[17:39:45] [Client thread/DEBUG] [TaskController] Scheduled MapPlayerTask
[17:39:48] [Client thread/DEBUG] [TaskController] Scheduled MapPlayerTask
[17:39:51] [Client thread/DEBUG] [TaskController] Scheduled MapPlayerTask
[17:39:54] [Client thread/DEBUG] [TaskController] Scheduled MapPlayerTask
[17:39:57] [Client thread/DEBUG] [TaskController] Scheduled MapPlayerTask
[17:40:00] [Client thread/DEBUG] [TaskController] Scheduled MapPlayerTask
[17:40:00] [JM-task-4/DEBUG] [RegionImageCache] RegionImageCache auto-flushing
[17:40:02] [Client thread/DEBUG] [TaskController] Scheduled MapPlayerTask
[17:40:04] [Client thread/DEBUG] [TaskController] Scheduled MapPlayerTask
[17:40:06] [Client thread/DEBUG] [TaskController] Scheduled MapPlayerTask
[17:40:08] [Client thread/DEBUG] [TaskController] Scheduled MapPlayerTask
[17:40:10] [Client thread/DEBUG] [TaskController] Scheduled MapPlayerTask
[17:40:12] [Client thread/DEBUG] [TaskController] Scheduled MapPlayerTask
[17:40:15] [Client thread/DEBUG] [TaskController] Scheduled MapPlayerTask
[17:40:17] [Client thread/DEBUG] [TaskController] Scheduled MapPlayerTask
[17:40:20] [Client thread/DEBUG] [TaskController] Scheduled MapPlayerTask
[17:40:23] [Client thread/DEBUG] [TaskController] Scheduled MapPlayerTask
[17:40:25] [Client thread/DEBUG] [TaskController] Scheduled MapPlayerTask
[17:40:28] [Client thread/DEBUG] [TaskController] Scheduled MapPlayerTask
[17:40:31] [Client thread/DEBUG] [TaskController] Scheduled MapPlayerTask
[17:40:33] [Client thread/DEBUG] [TaskController] Scheduled MapPlayerTask
[17:40:36] [Client thread/DEBUG] [TaskController] Scheduled MapPlayerTask
[17:40:38] [Client thread/DEBUG] [TaskController] Scheduled MapPlayerTask
[17:40:40] [Client thread/DEBUG] [TaskController] Scheduled MapPlayerTask
[17:40:42] [Client thread/DEBUG] [TaskController] Scheduled MapPlayerTask
[17:40:44] [Client thread/DEBUG] [TaskController] Scheduled MapPlayerTask
[17:40:46] [Client thread/DEBUG] [TaskController] Scheduled MapPlayerTask
[17:40:48] [Client thread/DEBUG] [TaskController] Scheduled MapPlayerTask
[17:40:51] [Client thread/DEBUG] [TaskController] Scheduled MapPlayerTask
[17:40:54] [Client thread/DEBUG] [TaskController] Scheduled MapPlayerTask
[17:40:57] [Client thread/DEBUG] [TaskController] Scheduled MapPlayerTask
[17:41:00] [Client thread/DEBUG] [TaskController] Scheduled MapPlayerTask
[17:41:03] [Client thread/DEBUG] [TaskController] Scheduled MapPlayerTask
[17:41:03] [JM-task-4/DEBUG] [RegionImageCache] RegionImageCache auto-flushing
[17:41:05] [Client thread/DEBUG] [TaskController] Scheduled MapPlayerTask
[17:41:07] [Client thread/DEBUG] [TaskController] Scheduled MapPlayerTask
[17:41:09] [Client thread/DEBUG] [TaskController] Scheduled MapPlayerTask
[17:41:11] [Client thread/DEBUG] [TaskController] Scheduled MapPlayerTask
[17:41:13] [Client thread/DEBUG] [TaskController] Scheduled MapPlayerTask
[17:41:15] [Client thread/DEBUG] [TaskController] Scheduled MapPlayerTask
[17:41:18] [Client thread/DEBUG] [TaskController] Scheduled MapPlayerTask
[17:41:20] [Client thread/DEBUG] [TaskController] Scheduled MapPlayerTask
[17:41:23] [Client thread/DEBUG] [TaskController] Scheduled MapPlayerTask
[17:41:26] [Client thread/DEBUG] [TaskController] Scheduled MapPlayerTask
[17:41:28] [Client thread/DEBUG] [TaskController] Scheduled MapPlayerTask
[17:41:31] [Client thread/DEBUG] [TaskController] Scheduled MapPlayerTask
[17:41:34] [Client thread/DEBUG] [TaskController] Scheduled MapPlayerTask
[17:41:36] [Client thread/DEBUG] [TaskController] Scheduled MapPlayerTask
[17:41:39] [Client thread/DEBUG] [TaskController] Scheduled MapPlayerTask
[17:41:41] [Client thread/DEBUG] [TaskController] Scheduled MapPlayerTask
[17:41:43] [Client thread/DEBUG] [TaskController] Scheduled MapPlayerTask
[17:41:45] [Client thread/DEBUG] [TaskController] Scheduled MapPlayerTask
[17:41:47] [Client thread/DEBUG] [TaskController] Scheduled MapPlayerTask
[17:41:49] [Client thread/DEBUG] [TaskController] Scheduled MapPlayerTask
[17:41:51] [Client thread/DEBUG] [TaskController] Scheduled MapPlayerTask
[17:41:54] [Client thread/DEBUG] [TaskController] Scheduled MapPlayerTask
[17:41:57] [Client thread/DEBUG] [TaskController] Scheduled MapPlayerTask
[17:42:00] [Client thread/DEBUG] [TaskController] Scheduled MapPlayerTask
[17:42:03] [Client thread/DEBUG] [TaskController] Scheduled MapPlayerTask
[17:42:06] [Client thread/DEBUG] [TaskController] Scheduled MapPlayerTask
[17:42:06] [JM-task-4/DEBUG] [RegionImageCache] RegionImageCache auto-flushing
[17:42:08] [Client thread/DEBUG] [TaskController] Scheduled MapPlayerTask
[17:42:10] [Client thread/DEBUG] [TaskController] Scheduled MapPlayerTask
[17:42:12] [Client thread/DEBUG] [TaskController] Scheduled MapPlayerTask
[17:42:14] [Client thread/DEBUG] [TaskController] Scheduled MapPlayerTask
[17:42:16] [Client thread/DEBUG] [TaskController] Scheduled MapPlayerTask
[17:42:18] [Client thread/DEBUG] [TaskController] Scheduled MapPlayerTask
[17:42:21] [Client thread/DEBUG] [TaskController] Scheduled MapPlayerTask
[17:42:23] [Client thread/DEBUG] [TaskController] Scheduled MapPlayerTask
[17:42:26] [Client thread/DEBUG] [TaskController] Scheduled MapPlayerTask
[17:42:29] [Client thread/DEBUG] [TaskController] Scheduled MapPlayerTask
[17:42:31] [Client thread/DEBUG] [TaskController] Scheduled MapPlayerTask
[17:42:34] [Client thread/DEBUG] [TaskController] Scheduled MapPlayerTask
[17:42:37] [Client thread/DEBUG] [TaskController] Scheduled MapPlayerTask
[17:42:39] [Client thread/DEBUG] [TaskController] Scheduled MapPlayerTask
[17:42:42] [Client thread/DEBUG] [TaskController] Scheduled MapPlayerTask
[17:42:44] [Client thread/DEBUG] [TaskController] Scheduled MapPlayerTask
[17:42:46] [Client thread/DEBUG] [TaskController] Scheduled MapPlayerTask
[17:42:48] [Client thread/DEBUG] [TaskController] Scheduled MapPlayerTask
[17:42:50] [Client thread/DEBUG] [TaskController] Scheduled MapPlayerTask
[17:42:52] [Client thread/DEBUG] [TaskController] Scheduled MapPlayerTask
[17:42:54] [Client thread/DEBUG] [TaskController] Scheduled MapPlayerTask
[17:42:57] [Client thread/DEBUG] [TaskController] Scheduled MapPlayerTask
[17:43:00] [Client thread/DEBUG] [TaskController] Scheduled MapPlayerTask
[17:43:03] [Client thread/DEBUG] [TaskController] Scheduled MapPlayerTask
[17:43:06] [Client thread/DEBUG] [TaskController] Scheduled MapPlayerTask
[17:43:09] [Client thread/DEBUG] [TaskController] Scheduled MapPlayerTask
[17:43:09] [JM-task-4/DEBUG] [RegionImageCache] RegionImageCache auto-flushing
[17:43:11] [Client thread/DEBUG] [TaskController] Scheduled MapPlayerTask
[17:43:13] [Client thread/DEBUG] [TaskController] Scheduled MapPlayerTask
[17:43:15] [Client thread/DEBUG] [TaskController] Scheduled MapPlayerTask
[17:43:17] [Client thread/DEBUG] [TaskController] Scheduled MapPlayerTask
[17:43:19] [Client thread/DEBUG] [TaskController] Scheduled MapPlayerTask
[17:43:21] [Client thread/DEBUG] [TaskController] Scheduled MapPlayerTask
[17:43:24] [Client thread/DEBUG] [TaskController] Scheduled MapPlayerTask
[17:43:26] [Client thread/DEBUG] [TaskController] Scheduled MapPlayerTask
[17:43:29] [Client thread/DEBUG] [TaskController] Scheduled MapPlayerTask
[17:43:32] [Client thread/DEBUG] [TaskController] Scheduled MapPlayerTask
[17:43:34] [Client thread/DEBUG] [TaskController] Scheduled MapPlayerTask
[17:43:37] [Client thread/DEBUG] [TaskController] Scheduled MapPlayerTask
[17:43:40] [Client thread/DEBUG] [TaskController] Scheduled MapPlayerTask
[17:43:42] [Client thread/DEBUG] [TaskController] Scheduled MapPlayerTask
[17:43:45] [Client thread/DEBUG] [TaskController] Scheduled MapPlayerTask
[17:43:47] [Client thread/DEBUG] [TaskController] Scheduled MapPlayerTask
[17:43:49] [Client thread/DEBUG] [TaskController] Scheduled MapPlayerTask
[17:43:51] [Client thread/DEBUG] [TaskController] Scheduled MapPlayerTask
[17:43:53] [Client thread/DEBUG] [TaskController] Scheduled MapPlayerTask
[17:43:55] [Client thread/DEBUG] [TaskController] Scheduled MapPlayerTask
[17:43:57] [Client thread/DEBUG] [TaskController] Scheduled MapPlayerTask
[17:44:00] [Client thread/DEBUG] [TaskController] Scheduled MapPlayerTask
[17:44:03] [Client thread/DEBUG] [TaskController] Scheduled MapPlayerTask
[17:44:06] [Client thread/DEBUG] [TaskController] Scheduled MapPlayerTask
[17:44:09] [Client thread/DEBUG] [TaskController] Scheduled MapPlayerTask
[17:44:12] [Client thread/DEBUG] [TaskController] Scheduled MapPlayerTask
[17:44:12] [JM-task-4/DEBUG] [RegionImageCache] RegionImageCache auto-flushing
[17:44:14] [Client thread/DEBUG] [TaskController] Scheduled MapPlayerTask
[17:44:16] [Client thread/DEBUG] [TaskController] Scheduled MapPlayerTask
[17:44:18] [Client thread/DEBUG] [TaskController] Scheduled MapPlayerTask
[17:44:20] [Client thread/DEBUG] [TaskController] Scheduled MapPlayerTask
[17:44:22] [Client thread/DEBUG] [TaskController] Scheduled MapPlayerTask
[17:44:24] [Client thread/DEBUG] [TaskController] Scheduled MapPlayerTask
[17:44:27] [Client thread/DEBUG] [TaskController] Scheduled MapPlayerTask
[17:44:29] [Client thread/DEBUG] [TaskController] Scheduled MapPlayerTask
[17:44:32] [Client thread/DEBUG] [TaskController] Scheduled MapPlayerTask
[17:44:35] [Client thread/DEBUG] [TaskController] Scheduled MapPlayerTask
[17:44:37] [Client thread/DEBUG] [TaskController] Scheduled MapPlayerTask
[17:44:40] [Client thread/DEBUG] [TaskController] Scheduled MapPlayerTask
[17:44:43] [Client thread/DEBUG] [TaskController] Scheduled MapPlayerTask
[17:44:45] [Client thread/DEBUG] [TaskController] Scheduled MapPlayerTask
[17:44:48] [Client thread/DEBUG] [TaskController] Scheduled MapPlayerTask
[17:44:50] [Client thread/DEBUG] [TaskController] Scheduled MapPlayerTask
[17:44:52] [Client thread/DEBUG] [TaskController] Scheduled MapPlayerTask
[17:44:54] [Client thread/DEBUG] [TaskController] Scheduled MapPlayerTask
[17:44:56] [Client thread/DEBUG] [TaskController] Scheduled MapPlayerTask
[17:44:58] [Client thread/DEBUG] [TaskController] Scheduled MapPlayerTask
[17:45:00] [Client thread/DEBUG] [TaskController] Scheduled MapPlayerTask
[17:45:00] [JM-task-4/DEBUG] [StatTimer] ImageHolder.partialImageUpdate warmup done, 5
[17:45:03] [Client thread/DEBUG] [TaskController] Scheduled MapPlayerTask
[17:45:06] [Client thread/DEBUG] [TaskController] Scheduled MapPlayerTask
[17:45:09] [Client thread/DEBUG] [TaskController] Scheduled MapPlayerTask
[17:45:12] [Client thread/DEBUG] [TaskController] Scheduled MapPlayerTask
[17:45:15] [Client thread/DEBUG] [TaskController] Scheduled MapPlayerTask
[17:45:15] [JM-task-4/DEBUG] [RegionImageCache] RegionImageCache auto-flushing
[17:45:15] [File IO Thread/DEBUG] [ImageHolder] Wrote to disk: D:\New folder\Instances\Instances\test bench 2\journeymap\data\sp\New World\DIM0\day\0,-1.png
[17:45:15] [File IO Thread/DEBUG] [ImageHolder] Wrote to disk: D:\New folder\Instances\Instances\test bench 2\journeymap\data\sp\New World\DIM0\topo\0,-1.png
[17:45:15] [File IO Thread/DEBUG] [ImageHolder] Wrote to disk: D:\New folder\Instances\Instances\test bench 2\journeymap\data\sp\New World\DIM0\night\0,-1.png
[17:45:17] [Client thread/DEBUG] [TaskController] Scheduled MapPlayerTask
[17:45:19] [Client thread/DEBUG] [TaskController] Scheduled MapPlayerTask
[17:45:21] [Client thread/DEBUG] [TaskController] Scheduled MapPlayerTask
[17:45:23] [Client thread/DEBUG] [TaskController] Scheduled MapPlayerTask
[17:45:25] [Client thread/DEBUG] [TaskController] Scheduled MapPlayerTask
[17:45:27] [Client thread/DEBUG] [TaskController] Scheduled MapPlayerTask
[17:45:30] [Client thread/DEBUG] [TaskController] Scheduled MapPlayerTask
[17:45:32] [Client thread/DEBUG] [TaskController] Scheduled MapPlayerTask
[17:45:35] [Client thread/DEBUG] [TaskController] Scheduled MapPlayerTask
[17:45:38] [Client thread/DEBUG] [TaskController] Scheduled MapPlayerTask
[17:45:40] [Client thread/DEBUG] [TaskController] Scheduled MapPlayerTask
[17:45:43] [Client thread/DEBUG] [TaskController] Scheduled MapPlayerTask
[17:45:46] [Client thread/DEBUG] [TaskController] Scheduled MapPlayerTask
[17:45:48] [Client thread/DEBUG] [TaskController] Scheduled MapPlayerTask
[17:45:51] [Client thread/DEBUG] [TaskController] Scheduled MapPlayerTask
[17:45:53] [Client thread/DEBUG] [TaskController] Scheduled MapPlayerTask
[17:45:55] [Client thread/DEBUG] [TaskController] Scheduled MapPlayerTask
[17:45:57] [Client thread/DEBUG] [TaskController] Scheduled MapPlayerTask
[17:45:59] [Client thread/DEBUG] [TaskController] Scheduled MapPlayerTask
[17:46:01] [Client thread/DEBUG] [TaskController] Scheduled MapPlayerTask
[17:46:03] [Client thread/DEBUG] [TaskController] Scheduled MapPlayerTask
[17:46:06] [Client thread/DEBUG] [TaskController] Scheduled MapPlayerTask
[17:46:09] [Client thread/DEBUG] [TaskController] Scheduled MapPlayerTask
[17:46:12] [Client thread/DEBUG] [TaskController] Scheduled MapPlayerTask
[17:46:15] [Client thread/DEBUG] [TaskController] Scheduled MapPlayerTask
[17:46:18] [Client thread/DEBUG] [TaskController] Scheduled MapPlayerTask
[17:46:18] [JM-task-4/DEBUG] [RegionImageCache] RegionImageCache auto-flushing
[17:46:20] [Client thread/DEBUG] [TaskController] Scheduled MapPlayerTask
[17:46:22] [Client thread/DEBUG] [TaskController] Scheduled MapPlayerTask
[17:46:24] [Client thread/DEBUG] [TaskController] Scheduled MapPlayerTask
[17:46:26] [Client thread/DEBUG] [TaskController] Scheduled MapPlayerTask
[17:46:28] [Client thread/DEBUG] [TaskController] Scheduled MapPlayerTask
[17:46:30] [Client thread/DEBUG] [TaskController] Scheduled MapPlayerTask
[17:46:33] [Client thread/DEBUG] [TaskController] Scheduled MapPlayerTask
[17:46:35] [Client thread/DEBUG] [TaskController] Scheduled MapPlayerTask
[17:46:38] [Client thread/DEBUG] [TaskController] Scheduled MapPlayerTask
[17:46:41] [Client thread/DEBUG] [TaskController] Scheduled MapPlayerTask
[17:46:43] [Client thread/DEBUG] [TaskController] Scheduled MapPlayerTask
[17:46:46] [Client thread/DEBUG] [TaskController] Scheduled MapPlayerTask
[17:46:49] [Client thread/DEBUG] [TaskController] Scheduled MapPlayerTask
[17:46:51] [Client thread/DEBUG] [TaskController] Scheduled MapPlayerTask
[17:46:54] [Client thread/DEBUG] [TaskController] Scheduled MapPlayerTask
[17:46:56] [Client thread/DEBUG] [TaskController] Scheduled MapPlayerTask
[17:46:58] [Client thread/DEBUG] [TaskController] Scheduled MapPlayerTask
[17:47:00] [Client thread/DEBUG] [TaskController] Scheduled MapPlayerTask
[17:47:02] [Client thread/DEBUG] [TaskController] Scheduled MapPlayerTask
[17:47:04] [Client thread/DEBUG] [TaskController] Scheduled MapPlayerTask
[17:47:06] [Client thread/DEBUG] [TaskController] Scheduled MapPlayerTask
[17:47:09] [Client thread/DEBUG] [TaskController] Scheduled MapPlayerTask
[17:47:12] [Client thread/DEBUG] [TaskController] Scheduled MapPlayerTask
[17:47:15] [Client thread/DEBUG] [TaskController] Scheduled MapPlayerTask
[17:47:18] [Client thread/DEBUG] [TaskController] Scheduled MapPlayerTask
[17:47:21] [Client thread/DEBUG] [TaskController] Scheduled MapPlayerTask
[17:47:21] [JM-task-4/DEBUG] [RegionImageCache] RegionImageCache auto-flushing
[17:47:23] [Client thread/DEBUG] [TaskController] Scheduled MapPlayerTask
[17:47:25] [Client thread/DEBUG] [TaskController] Scheduled MapPlayerTask
[17:47:27] [Client thread/DEBUG] [TaskController] Scheduled MapPlayerTask
[17:47:29] [Client thread/DEBUG] [TaskController] Scheduled MapPlayerTask
[17:47:31] [Client thread/DEBUG] [TaskController] Scheduled MapPlayerTask
[17:47:33] [Client thread/DEBUG] [TaskController] Scheduled MapPlayerTask
[17:47:36] [Client thread/DEBUG] [TaskController] Scheduled MapPlayerTask
[17:47:38] [Client thread/DEBUG] [TaskController] Scheduled MapPlayerTask
[17:47:41] [Client thread/DEBUG] [TaskController] Scheduled MapPlayerTask
[17:47:44] [Client thread/DEBUG] [TaskController] Scheduled MapPlayerTask
[17:47:46] [Client thread/DEBUG] [TaskController] Scheduled MapPlayerTask
[17:47:49] [Client thread/DEBUG] [TaskController] Scheduled MapPlayerTask
[17:47:52] [Client thread/DEBUG] [TaskController] Scheduled MapPlayerTask
[17:47:54] [Client thread/DEBUG] [TaskController] Scheduled MapPlayerTask
[17:47:57] [Client thread/DEBUG] [TaskController] Scheduled MapPlayerTask
[17:47:59] [Client thread/DEBUG] [TaskController] Scheduled MapPlayerTask
[17:48:01] [Client thread/DEBUG] [TaskController] Scheduled MapPlayerTask
[17:48:03] [Client thread/DEBUG] [TaskController] Scheduled MapPlayerTask
[17:48:05] [Client thread/DEBUG] [TaskController] Scheduled MapPlayerTask
[17:48:07] [Client thread/DEBUG] [TaskController] Scheduled MapPlayerTask
[17:48:09] [Client thread/DEBUG] [TaskController] Scheduled MapPlayerTask
[17:48:12] [Client thread/DEBUG] [TaskController] Scheduled MapPlayerTask
[17:48:15] [Client thread/DEBUG] [TaskController] Scheduled MapPlayerTask
[17:48:18] [Client thread/DEBUG] [TaskController] Scheduled MapPlayerTask
[17:48:21] [Client thread/DEBUG] [TaskController] Scheduled MapPlayerTask
[17:48:24] [Client thread/DEBUG] [TaskController] Scheduled MapPlayerTask
[17:48:24] [JM-task-4/DEBUG] [RegionImageCache] RegionImageCache auto-flushing
[17:48:26] [Client thread/DEBUG] [TaskController] Scheduled MapPlayerTask
[17:48:28] [Client thread/DEBUG] [TaskController] Scheduled MapPlayerTask
[17:48:30] [Client thread/DEBUG] [TaskController] Scheduled MapPlayerTask
[17:48:32] [Client thread/DEBUG] [TaskController] Scheduled MapPlayerTask
[17:48:34] [Client thread/DEBUG] [TaskController] Scheduled MapPlayerTask
[17:48:36] [Client thread/DEBUG] [TaskController] Scheduled MapPlayerTask
[17:48:39] [Client thread/DEBUG] [TaskController] Scheduled MapPlayerTask
[17:48:41] [Client thread/DEBUG] [TaskController] Scheduled MapPlayerTask
[17:48:44] [Client thread/DEBUG] [TaskController] Scheduled MapPlayerTask
[17:48:47] [Client thread/DEBUG] [TaskController] Scheduled MapPlayerTask
[17:48:49] [Client thread/DEBUG] [TaskController] Scheduled MapPlayerTask
[17:48:52] [Client thread/DEBUG] [TaskController] Scheduled MapPlayerTask
[17:48:55] [Client thread/DEBUG] [TaskController] Scheduled MapPlayerTask
[17:48:57] [Client thread/DEBUG] [TaskController] Scheduled MapPlayerTask
[17:49:00] [Client thread/DEBUG] [TaskController] Scheduled MapPlayerTask
[17:49:02] [Client thread/DEBUG] [TaskController] Scheduled MapPlayerTask
[17:49:04] [Client thread/DEBUG] [TaskController] Scheduled MapPlayerTask
[17:49:06] [Client thread/DEBUG] [TaskController] Scheduled MapPlayerTask
[17:49:08] [Client thread/DEBUG] [TaskController] Scheduled MapPlayerTask
[17:49:10] [Client thread/DEBUG] [TaskController] Scheduled MapPlayerTask
[17:49:12] [Client thread/DEBUG] [TaskController] Scheduled MapPlayerTask
[17:49:15] [Client thread/DEBUG] [TaskController] Scheduled MapPlayerTask
[17:49:18] [Client thread/DEBUG] [TaskController] Scheduled MapPlayerTask
[17:49:21] [Client thread/DEBUG] [TaskController] Scheduled MapPlayerTask
[17:49:24] [Client thread/DEBUG] [TaskController] Scheduled MapPlayerTask
[17:49:27] [Client thread/DEBUG] [TaskController] Scheduled MapPlayerTask
[17:49:27] [JM-task-4/DEBUG] [RegionImageCache] RegionImageCache auto-flushing
[17:49:29] [Client thread/DEBUG] [TaskController] Scheduled MapPlayerTask
[17:49:31] [Client thread/DEBUG] [TaskController] Scheduled MapPlayerTask
[17:49:33] [Client thread/DEBUG] [TaskController] Scheduled MapPlayerTask
[17:49:35] [Client thread/DEBUG] [TaskController] Scheduled MapPlayerTask
[17:49:37] [Client thread/DEBUG] [TaskController] Scheduled MapPlayerTask
[17:49:39] [Client thread/DEBUG] [TaskController] Scheduled MapPlayerTask
[17:49:42] [Client thread/DEBUG] [TaskController] Scheduled MapPlayerTask
[17:49:44] [Client thread/DEBUG] [TaskController] Scheduled MapPlayerTask
[17:49:47] [Client thread/DEBUG] [TaskController] Scheduled MapPlayerTask
[17:49:50] [Client thread/DEBUG] [TaskController] Scheduled MapPlayerTask
[17:49:52] [Client thread/DEBUG] [TaskController] Scheduled MapPlayerTask
[17:49:55] [Client thread/DEBUG] [TaskController] Scheduled MapPlayerTask
[17:49:58] [Client thread/DEBUG] [TaskController] Scheduled MapPlayerTask
[17:50:00] [Client thread/DEBUG] [TaskController] Scheduled MapPlayerTask
[17:50:03] [Client thread/DEBUG] [TaskController] Scheduled MapPlayerTask
[17:50:05] [Client thread/DEBUG] [TaskController] Scheduled MapPlayerTask
[17:50:07] [Client thread/DEBUG] [TaskController] Scheduled MapPlayerTask
[17:50:09] [Client thread/DEBUG] [TaskController] Scheduled MapPlayerTask
[17:50:11] [Client thread/DEBUG] [TaskController] Scheduled MapPlayerTask
[17:50:13] [Client thread/DEBUG] [TaskController] Scheduled MapPlayerTask
[17:50:15] [Client thread/DEBUG] [TaskController] Scheduled MapPlayerTask
[17:50:18] [Client thread/DEBUG] [TaskController] Scheduled MapPlayerTask
[17:50:20] [Client thread/DEBUG] [TaskController] Scheduled MapPlayerTask
[17:50:22] [Client thread/DEBUG] [TaskController] Scheduled MapPlayerTask
[17:50:25] [Client thread/DEBUG] [TaskController] Scheduled MapPlayerTask
[17:50:27] [Client thread/DEBUG] [TaskController] Scheduled MapPlayerTask
[17:50:30] [Client thread/DEBUG] [TaskController] Scheduled MapPlayerTask
[17:50:30] [JM-task-4/DEBUG] [RegionImageCache] RegionImageCache auto-flushing
[17:50:32] [Client thread/DEBUG] [TaskController] Scheduled MapPlayerTask
[17:50:34] [Client thread/DEBUG] [TaskController] Scheduled MapPlayerTask
[17:50:36] [Client thread/DEBUG] [TaskController] Scheduled MapPlayerTask
[17:50:38] [Client thread/DEBUG] [TaskController] Scheduled MapPlayerTask
[17:50:40] [Client thread/DEBUG] [TaskController] Scheduled MapPlayerTask
[17:50:42] [Client thread/DEBUG] [TaskController] Scheduled MapPlayerTask
[17:50:45] [Client thread/DEBUG] [TaskController] Scheduled MapPlayerTask
[17:50:47] [Client thread/DEBUG] [TaskController] Scheduled MapPlayerTask
[17:50:50] [Client thread/DEBUG] [TaskController] Scheduled MapPlayerTask
[17:50:53] [Client thread/DEBUG] [TaskController] Scheduled MapPlayerTask
[17:50:56] [Client thread/DEBUG] [TaskController] Scheduled MapPlayerTask
[17:50:58] [Client thread/DEBUG] [TaskController] Scheduled MapPlayerTask
[17:51:01] [Client thread/DEBUG] [TaskController] Scheduled MapPlayerTask
[17:51:03] [Client thread/DEBUG] [TaskController] Scheduled MapPlayerTask
[17:51:06] [Client thread/DEBUG] [TaskController] Scheduled MapPlayerTask
[17:51:08] [Client thread/DEBUG] [TaskController] Scheduled MapPlayerTask
[17:51:10] [Client thread/DEBUG] [TaskController] Scheduled MapPlayerTask
[17:51:12] [Client thread/DEBUG] [TaskController] Scheduled MapPlayerTask
[17:51:14] [Client thread/DEBUG] [TaskController] Scheduled MapPlayerTask
[17:51:16] [Client thread/DEBUG] [TaskController] Scheduled MapPlayerTask
[17:51:18] [Client thread/DEBUG] [TaskController] Scheduled MapPlayerTask
[17:51:21] [Client thread/DEBUG] [TaskController] Scheduled MapPlayerTask
[17:51:24] [Client thread/DEBUG] [TaskController] Scheduled MapPlayerTask
[17:51:28] [Client thread/DEBUG] [TaskController] Scheduled MapPlayerTask
[17:51:30] [Client thread/DEBUG] [TaskController] Scheduled MapPlayerTask
[17:51:33] [Client thread/DEBUG] [TaskController] Scheduled MapPlayerTask
[17:51:33] [JM-task-4/DEBUG] [RegionImageCache] RegionImageCache auto-flushing
[17:51:35] [Client thread/DEBUG] [TaskController] Scheduled MapPlayerTask
[17:51:37] [Client thread/DEBUG] [TaskController] Scheduled MapPlayerTask
[17:51:39] [Client thread/DEBUG] [TaskController] Scheduled MapPlayerTask
[17:51:41] [Client thread/DEBUG] [TaskController] Scheduled MapPlayerTask
[17:51:43] [Client thread/DEBUG] [TaskController] Scheduled MapPlayerTask
[17:51:45] [Client thread/DEBUG] [TaskController] Scheduled MapPlayerTask
[17:51:48] [Client thread/DEBUG] [TaskController] Scheduled MapPlayerTask
[17:51:50] [Client thread/DEBUG] [TaskController] Scheduled MapPlayerTask
[17:51:53] [Client thread/DEBUG] [TaskController] Scheduled MapPlayerTask
[17:51:56] [Client thread/DEBUG] [TaskController] Scheduled MapPlayerTask
[17:51:59] [Client thread/DEBUG] [TaskController] Scheduled MapPlayerTask
[17:52:01] [Client thread/DEBUG] [TaskController] Scheduled MapPlayerTask
[17:52:04] [Client thread/DEBUG] [TaskController] Scheduled MapPlayerTask
[17:52:06] [Client thread/DEBUG] [TaskController] Scheduled MapPlayerTask
[17:52:09] [Client thread/DEBUG] [TaskController] Scheduled MapPlayerTask
[17:52:11] [Client thread/DEBUG] [TaskController] Scheduled MapPlayerTask
[17:52:13] [Client thread/DEBUG] [TaskController] Scheduled MapPlayerTask
[17:52:15] [Client thread/DEBUG] [TaskController] Scheduled MapPlayerTask
[17:52:17] [Client thread/DEBUG] [TaskController] Scheduled MapPlayerTask
[17:52:19] [Client thread/DEBUG] [TaskController] Scheduled MapPlayerTask
[17:52:21] [Client thread/DEBUG] [TaskController] Scheduled MapPlayerTask
[17:52:24] [Client thread/DEBUG] [TaskController] Scheduled MapPlayerTask
[17:52:27] [Client thread/DEBUG] [TaskController] Scheduled MapPlayerTask
[17:52:31] [Client thread/DEBUG] [TaskController] Scheduled MapPlayerTask
[17:52:33] [Client thread/DEBUG] [TaskController] Scheduled MapPlayerTask
[17:52:36] [Client thread/DEBUG] [TaskController] Scheduled MapPlayerTask
[17:52:36] [JM-task-4/DEBUG] [RegionImageCache] RegionImageCache auto-flushing
[17:52:38] [Client thread/DEBUG] [TaskController] Scheduled MapPlayerTask
[17:52:40] [Client thread/DEBUG] [TaskController] Scheduled MapPlayerTask
[17:52:42] [Client thread/DEBUG] [TaskController] Scheduled MapPlayerTask
[17:52:44] [Client thread/DEBUG] [TaskController] Scheduled MapPlayerTask
[17:52:46] [Client thread/DEBUG] [TaskController] Scheduled MapPlayerTask
[17:52:48] [Client thread/DEBUG] [TaskController] Scheduled MapPlayerTask
[17:52:51] [Client thread/DEBUG] [TaskController] Scheduled MapPlayerTask
[17:52:53] [Client thread/DEBUG] [TaskController] Scheduled MapPlayerTask
[17:52:56] [Client thread/DEBUG] [TaskController] Scheduled MapPlayerTask
[17:52:59] [Client thread/DEBUG] [TaskController] Scheduled MapPlayerTask
[17:53:02] [Client thread/DEBUG] [TaskController] Scheduled MapPlayerTask
[17:53:04] [Client thread/DEBUG] [TaskController] Scheduled MapPlayerTask
[17:53:07] [Client thread/DEBUG] [TaskController] Scheduled MapPlayerTask
[17:53:09] [Client thread/DEBUG] [TaskController] Scheduled MapPlayerTask
[17:53:12] [Client thread/DEBUG] [TaskController] Scheduled MapPlayerTask
[17:53:14] [Client thread/DEBUG] [TaskController] Scheduled MapPlayerTask
[17:53:16] [Client thread/DEBUG] [TaskController] Scheduled MapPlayerTask
[17:53:18] [Client thread/DEBUG] [TaskController] Scheduled MapPlayerTask
[17:53:20] [Client thread/DEBUG] [TaskController] Scheduled MapPlayerTask
[17:53:22] [Client thread/DEBUG] [TaskController] Scheduled MapPlayerTask
[17:53:24] [Client thread/DEBUG] [TaskController] Scheduled MapPlayerTask
[17:53:27] [Client thread/DEBUG] [TaskController] Scheduled MapPlayerTask
[17:53:30] [Client thread/DEBUG] [TaskController] Scheduled MapPlayerTask
[17:53:34] [Client thread/DEBUG] [TaskController] Scheduled MapPlayerTask
[17:53:36] [Client thread/DEBUG] [TaskController] Scheduled MapPlayerTask
[17:53:39] [Client thread/DEBUG] [TaskController] Scheduled MapPlayerTask
[17:53:39] [JM-task-4/DEBUG] [RegionImageCache] RegionImageCache auto-flushing
[17:53:39] [File IO Thread/DEBUG] [ImageHolder] Wrote to disk: D:\New folder\Instances\Instances\test bench 2\journeymap\data\sp\New World\DIM0\day\0,-1.png
[17:53:39] [File IO Thread/DEBUG] [ImageHolder] Wrote to disk: D:\New folder\Instances\Instances\test bench 2\journeymap\data\sp\New World\DIM0\topo\0,-1.png
[17:53:39] [File IO Thread/DEBUG] [ImageHolder] Wrote to disk: D:\New folder\Instances\Instances\test bench 2\journeymap\data\sp\New World\DIM0\night\0,-1.png
[17:53:41] [Client thread/DEBUG] [TaskController] Scheduled MapPlayerTask
[17:53:43] [Client thread/DEBUG] [TaskController] Scheduled MapPlayerTask
[17:53:45] [Client thread/DEBUG] [TaskController] Scheduled MapPlayerTask
[17:53:47] [Client thread/DEBUG] [TaskController] Scheduled MapPlayerTask
[17:53:49] [Client thread/DEBUG] [TaskController] Scheduled MapPlayerTask
[17:53:51] [Client thread/DEBUG] [TaskController] Scheduled MapPlayerTask
[17:53:54] [Client thread/DEBUG] [TaskController] Scheduled MapPlayerTask
[17:53:56] [Client thread/DEBUG] [TaskController] Scheduled MapPlayerTask
[17:53:59] [Client thread/DEBUG] [TaskController] Scheduled MapPlayerTask
[17:54:02] [Client thread/DEBUG] [TaskController] Scheduled MapPlayerTask
[17:54:05] [Client thread/DEBUG] [TaskController] Scheduled MapPlayerTask
[17:54:07] [Client thread/DEBUG] [TaskController] Scheduled MapPlayerTask
[17:54:10] [Client thread/DEBUG] [TaskController] Scheduled MapPlayerTask
[17:54:12] [Client thread/DEBUG] [TaskController] Scheduled MapPlayerTask
[17:54:15] [Client thread/DEBUG] [TaskController] Scheduled MapPlayerTask
[17:54:17] [Client thread/DEBUG] [TaskController] Scheduled MapPlayerTask
[17:54:19] [Client thread/DEBUG] [TaskController] Scheduled MapPlayerTask
[17:54:21] [Client thread/DEBUG] [TaskController] Scheduled MapPlayerTask
[17:54:23] [Client thread/DEBUG] [TaskController] Scheduled MapPlayerTask
[17:54:25] [Client thread/DEBUG] [TaskController] Scheduled MapPlayerTask
[17:54:27] [Client thread/DEBUG] [TaskController] Scheduled MapPlayerTask
[17:54:30] [Client thread/DEBUG] [TaskController] Scheduled MapPlayerTask
[17:54:33] [Client thread/DEBUG] [TaskController] Scheduled MapPlayerTask
[17:54:37] [Client thread/DEBUG] [TaskController] Scheduled MapPlayerTask
[17:54:39] [Client thread/DEBUG] [TaskController] Scheduled MapPlayerTask
[17:54:42] [Client thread/DEBUG] [TaskController] Scheduled MapPlayerTask
[17:54:42] [JM-task-4/DEBUG] [RegionImageCache] RegionImageCache auto-flushing
[17:54:44] [Client thread/DEBUG] [TaskController] Scheduled MapPlayerTask
[17:54:46] [Client thread/DEBUG] [TaskController] Scheduled MapPlayerTask
[17:54:48] [Client thread/DEBUG] [TaskController] Scheduled MapPlayerTask
[17:54:50] [Client thread/DEBUG] [TaskController] Scheduled MapPlayerTask
[17:54:52] [Client thread/DEBUG] [TaskController] Scheduled MapPlayerTask
[17:54:54] [Client thread/DEBUG] [TaskController] Scheduled MapPlayerTask
[17:54:57] [Client thread/DEBUG] [TaskController] Scheduled MapPlayerTask
[17:54:59] [Client thread/DEBUG] [TaskController] Scheduled MapPlayerTask
[17:55:02] [Client thread/DEBUG] [TaskController] Scheduled MapPlayerTask
[17:55:05] [Client thread/DEBUG] [TaskController] Scheduled MapPlayerTask
[17:55:08] [Client thread/DEBUG] [TaskController] Scheduled MapPlayerTask
[17:55:10] [Client thread/DEBUG] [TaskController] Scheduled MapPlayerTask
[17:55:13] [Client thread/DEBUG] [TaskController] Scheduled MapPlayerTask
[17:55:15] [Client thread/DEBUG] [TaskController] Scheduled MapPlayerTask
[17:55:18] [Client thread/DEBUG] [TaskController] Scheduled MapPlayerTask
[17:55:20] [Client thread/DEBUG] [TaskController] Scheduled MapPlayerTask
[17:55:22] [Client thread/DEBUG] [TaskController] Scheduled MapPlayerTask
[17:55:24] [Client thread/DEBUG] [TaskController] Scheduled MapPlayerTask
[17:55:26] [Client thread/DEBUG] [TaskController] Scheduled MapPlayerTask
[17:55:28] [Client thread/DEBUG] [TaskController] Scheduled MapPlayerTask
[17:55:30] [Client thread/DEBUG] [TaskController] Scheduled MapPlayerTask
[17:55:33] [Client thread/DEBUG] [TaskController] Scheduled MapPlayerTask
[17:55:36] [Client thread/DEBUG] [TaskController] Scheduled MapPlayerTask
[17:55:40] [Client thread/DEBUG] [TaskController] Scheduled MapPlayerTask
[17:55:42] [Client thread/DEBUG] [TaskController] Scheduled MapPlayerTask
[17:55:45] [Client thread/DEBUG] [TaskController] Scheduled MapPlayerTask
[17:55:45] [JM-task-4/DEBUG] [RegionImageCache] RegionImageCache auto-flushing
[17:55:47] [Client thread/DEBUG] [TaskController] Scheduled MapPlayerTask
[17:55:49] [Client thread/DEBUG] [TaskController] Scheduled MapPlayerTask
[17:55:51] [Client thread/DEBUG] [TaskController] Scheduled MapPlayerTask
[17:55:53] [Client thread/DEBUG] [TaskController] Scheduled MapPlayerTask
[17:55:55] [Client thread/DEBUG] [TaskController] Scheduled MapPlayerTask
[17:55:57] [Client thread/DEBUG] [TaskController] Scheduled MapPlayerTask
[17:56:00] [Client thread/DEBUG] [TaskController] Scheduled MapPlayerTask
[17:56:02] [Client thread/DEBUG] [TaskController] Scheduled MapPlayerTask
[17:56:05] [Client thread/DEBUG] [TaskController] Scheduled MapPlayerTask
[17:56:08] [Client thread/DEBUG] [TaskController] Scheduled MapPlayerTask
[17:56:11] [Client thread/DEBUG] [TaskController] Scheduled MapPlayerTask
[17:56:13] [Client thread/DEBUG] [TaskController] Scheduled MapPlayerTask
[17:56:16] [Client thread/DEBUG] [TaskController] Scheduled MapPlayerTask
[17:56:18] [Client thread/DEBUG] [TaskController] Scheduled MapPlayerTask
[17:56:21] [Client thread/DEBUG] [TaskController] Scheduled MapPlayerTask
[17:56:23] [Client thread/DEBUG] [TaskController] Scheduled MapPlayerTask
[17:56:25] [Client thread/DEBUG] [TaskController] Scheduled MapPlayerTask
[17:56:27] [Client thread/DEBUG] [TaskController] Scheduled MapPlayerTask
[17:56:29] [Client thread/DEBUG] [TaskController] Scheduled MapPlayerTask
[17:56:31] [Client thread/DEBUG] [TaskController] Scheduled MapPlayerTask
[17:56:33] [Client thread/DEBUG] [TaskController] Scheduled MapPlayerTask
[17:56:36] [Client thread/DEBUG] [TaskController] Scheduled MapPlayerTask
[17:56:39] [Client thread/DEBUG] [TaskController] Scheduled MapPlayerTask
[17:56:43] [Client thread/DEBUG] [TaskController] Scheduled MapPlayerTask
[17:56:45] [Client thread/DEBUG] [TaskController] Scheduled MapPlayerTask
[17:56:48] [Client thread/DEBUG] [TaskController] Scheduled MapPlayerTask
[17:56:48] [JM-task-4/DEBUG] [RegionImageCache] RegionImageCache auto-flushing
[17:56:50] [Client thread/DEBUG] [TaskController] Scheduled MapPlayerTask
[17:56:52] [Client thread/DEBUG] [TaskController] Scheduled MapPlayerTask
[17:56:54] [Client thread/DEBUG] [TaskController] Scheduled MapPlayerTask
[17:56:56] [Client thread/DEBUG] [TaskController] Scheduled MapPlayerTask
[17:56:58] [Client thread/DEBUG] [TaskController] Scheduled MapPlayerTask
[17:57:00] [Client thread/DEBUG] [TaskController] Scheduled MapPlayerTask
[17:57:03] [Client thread/DEBUG] [TaskController] Scheduled MapPlayerTask
[17:57:05] [Client thread/DEBUG] [TaskController] Scheduled MapPlayerTask
[17:57:08] [Client thread/DEBUG] [TaskController] Scheduled MapPlayerTask
[17:57:11] [Client thread/DEBUG] [TaskController] Scheduled MapPlayerTask
[17:57:14] [Client thread/DEBUG] [TaskController] Scheduled MapPlayerTask
[17:57:16] [Client thread/DEBUG] [TaskController] Scheduled MapPlayerTask
[17:57:19] [Client thread/DEBUG] [TaskController] Scheduled MapPlayerTask
[17:57:21] [Client thread/DEBUG] [TaskController] Scheduled MapPlayerTask
[17:57:24] [Client thread/DEBUG] [TaskController] Scheduled MapPlayerTask
[17:57:26] [Client thread/DEBUG] [TaskController] Scheduled MapPlayerTask
[17:57:28] [Client thread/DEBUG] [TaskController] Scheduled MapPlayerTask
[17:57:30] [Client thread/DEBUG] [TaskController] Scheduled MapPlayerTask
[17:57:32] [Client thread/DEBUG] [TaskController] Scheduled MapPlayerTask
[17:57:34] [Client thread/DEBUG] [TaskController] Scheduled MapPlayerTask
[17:57:36] [Client thread/DEBUG] [TaskController] Scheduled MapPlayerTask
[17:57:39] [Client thread/DEBUG] [TaskController] Scheduled MapPlayerTask
[17:57:42] [Client thread/DEBUG] [TaskController] Scheduled MapPlayerTask
[17:57:46] [Client thread/DEBUG] [TaskController] Scheduled MapPlayerTask
[17:57:48] [Client thread/DEBUG] [TaskController] Scheduled MapPlayerTask
[17:57:51] [Client thread/DEBUG] [TaskController] Scheduled MapPlayerTask
[17:57:51] [JM-task-4/DEBUG] [RegionImageCache] RegionImageCache auto-flushing
[17:57:53] [Client thread/DEBUG] [TaskController] Scheduled MapPlayerTask
[17:57:55] [Client thread/DEBUG] [TaskController] Scheduled MapPlayerTask
[17:57:57] [Client thread/DEBUG] [TaskController] Scheduled MapPlayerTask
[17:57:59] [Client thread/DEBUG] [TaskController] Scheduled MapPlayerTask
[17:58:01] [Client thread/DEBUG] [TaskController] Scheduled MapPlayerTask
[17:58:03] [Client thread/DEBUG] [TaskController] Scheduled MapPlayerTask
[17:58:06] [Client thread/DEBUG] [TaskController] Scheduled MapPlayerTask
[17:58:08] [Client thread/DEBUG] [TaskController] Scheduled MapPlayerTask
[17:58:11] [Client thread/DEBUG] [TaskController] Scheduled MapPlayerTask
[17:58:14] [Client thread/DEBUG] [TaskController] Scheduled MapPlayerTask
[17:58:17] [Client thread/DEBUG] [TaskController] Scheduled MapPlayerTask
[17:58:19] [Client thread/DEBUG] [TaskController] Scheduled MapPlayerTask
[17:58:22] [Client thread/DEBUG] [TaskController] Scheduled MapPlayerTask
[17:58:24] [Client thread/DEBUG] [TaskController] Scheduled MapPlayerTask
[17:58:27] [Client thread/DEBUG] [TaskController] Scheduled MapPlayerTask
[17:58:29] [Client thread/DEBUG] [TaskController] Scheduled MapPlayerTask
[17:58:31] [Client thread/DEBUG] [TaskController] Scheduled MapPlayerTask
[17:58:33] [Client thread/DEBUG] [TaskController] Scheduled MapPlayerTask
[17:58:35] [Client thread/DEBUG] [TaskController] Scheduled MapPlayerTask
[17:58:37] [Client thread/DEBUG] [TaskController] Scheduled MapPlayerTask
[17:58:39] [Client thread/DEBUG] [TaskController] Scheduled MapPlayerTask
[17:58:42] [Client thread/DEBUG] [TaskController] Scheduled MapPlayerTask
[17:58:45] [Client thread/DEBUG] [TaskController] Scheduled MapPlayerTask
[17:58:49] [Client thread/DEBUG] [TaskController] Scheduled MapPlayerTask
[17:58:51] [Client thread/DEBUG] [TaskController] Scheduled MapPlayerTask
[17:58:54] [Client thread/DEBUG] [TaskController] Scheduled MapPlayerTask
[17:58:54] [JM-task-4/DEBUG] [RegionImageCache] RegionImageCache auto-flushing
[17:58:56] [Client thread/DEBUG] [TaskController] Scheduled MapPlayerTask
[17:58:58] [Client thread/DEBUG] [TaskController] Scheduled MapPlayerTask
[17:59:00] [Client thread/DEBUG] [TaskController] Scheduled MapPlayerTask
[17:59:02] [Client thread/DEBUG] [TaskController] Scheduled MapPlayerTask
[17:59:04] [Client thread/DEBUG] [TaskController] Scheduled MapPlayerTask
[17:59:06] [Client thread/DEBUG] [TaskController] Scheduled MapPlayerTask
[17:59:09] [Client thread/DEBUG] [TaskController] Scheduled MapPlayerTask
[17:59:11] [Client thread/DEBUG] [TaskController] Scheduled MapPlayerTask
[17:59:14] [Client thread/DEBUG] [TaskController] Scheduled MapPlayerTask
[17:59:17] [Client thread/DEBUG] [TaskController] Scheduled MapPlayerTask
[17:59:20] [Client thread/DEBUG] [TaskController] Scheduled MapPlayerTask
[17:59:22] [Client thread/DEBUG] [TaskController] Scheduled MapPlayerTask
[17:59:25] [Client thread/DEBUG] [TaskController] Scheduled MapPlayerTask
[17:59:27] [Client thread/DEBUG] [TaskController] Scheduled MapPlayerTask
[17:59:30] [Client thread/DEBUG] [TaskController] Scheduled MapPlayerTask
[17:59:32] [Client thread/DEBUG] [TaskController] Scheduled MapPlayerTask
[17:59:34] [Client thread/DEBUG] [TaskController] Scheduled MapPlayerTask
[17:59:36] [Client thread/DEBUG] [TaskController] Scheduled MapPlayerTask
[17:59:38] [Client thread/DEBUG] [TaskController] Scheduled MapPlayerTask
[17:59:40] [Client thread/DEBUG] [TaskController] Scheduled MapPlayerTask
[17:59:42] [Client thread/DEBUG] [TaskController] Scheduled MapPlayerTask
[17:59:45] [Client thread/DEBUG] [TaskController] Scheduled MapPlayerTask
[17:59:48] [Client thread/DEBUG] [TaskController] Scheduled MapPlayerTask
[17:59:52] [Client thread/DEBUG] [TaskController] Scheduled MapPlayerTask
[17:59:54] [Client thread/DEBUG] [TaskController] Scheduled MapPlayerTask
[17:59:57] [Client thread/DEBUG] [TaskController] Scheduled MapPlayerTask
[17:59:57] [JM-task-4/DEBUG] [RegionImageCache] RegionImageCache auto-flushing
[17:59:59] [Client thread/DEBUG] [TaskController] Scheduled MapPlayerTask
[18:00:01] [Client thread/DEBUG] [TaskController] Scheduled MapPlayerTask
[18:00:03] [Client thread/DEBUG] [TaskController] Scheduled MapPlayerTask
[18:00:05] [Client thread/DEBUG] [TaskController] Scheduled MapPlayerTask
[18:00:07] [Client thread/DEBUG] [TaskController] Scheduled MapPlayerTask
[18:00:09] [Client thread/DEBUG] [TaskController] Scheduled MapPlayerTask
[18:00:12] [Client thread/DEBUG] [TaskController] Scheduled MapPlayerTask
[18:00:14] [Client thread/DEBUG] [TaskController] Scheduled MapPlayerTask
[18:00:17] [Client thread/DEBUG] [TaskController] Scheduled MapPlayerTask
[18:00:20] [Client thread/DEBUG] [TaskController] Scheduled MapPlayerTask
[18:00:23] [Client thread/DEBUG] [TaskController] Scheduled MapPlayerTask
[18:00:25] [Client thread/DEBUG] [TaskController] Scheduled MapPlayerTask
[18:00:27] [Client thread/DEBUG] [TaskController] Scheduled MapPlayerTask
[18:00:29] [Client thread/DEBUG] [TaskController] Scheduled MapPlayerTask
[18:00:31] [Client thread/DEBUG] [TaskController] Scheduled MapPlayerTask
[18:00:34] [Client thread/DEBUG] [TaskController] Scheduled MapPlayerTask
[18:00:36] [Client thread/DEBUG] [TaskController] Scheduled MapPlayerTask
[18:00:38] [Client thread/DEBUG] [TaskController] Scheduled MapPlayerTask
[18:00:40] [Client thread/DEBUG] [TaskController] Scheduled MapPlayerTask
[18:00:42] [Client thread/DEBUG] [TaskController] Scheduled MapPlayerTask
[18:00:44] [Client thread/DEBUG] [TaskController] Scheduled MapPlayerTask
[18:00:47] [Client thread/DEBUG] [TaskController] Scheduled MapPlayerTask
[18:00:50] [Client thread/DEBUG] [TaskController] Scheduled MapPlayerTask
[18:00:54] [Client thread/DEBUG] [TaskController] Scheduled MapPlayerTask
[18:00:56] [Client thread/DEBUG] [TaskController] Scheduled MapPlayerTask
[18:00:59] [Client thread/DEBUG] [TaskController] Scheduled MapPlayerTask
[18:00:59] [JM-task-4/DEBUG] [RegionImageCache] RegionImageCache auto-flushing
[18:01:01] [Client thread/DEBUG] [TaskController] Scheduled MapPlayerTask
[18:01:03] [Client thread/DEBUG] [TaskController] Scheduled MapPlayerTask
[18:01:05] [Client thread/DEBUG] [TaskController] Scheduled MapPlayerTask
[18:01:07] [Client thread/DEBUG] [TaskController] Scheduled MapPlayerTask
[18:01:09] [Client thread/DEBUG] [TaskController] Scheduled MapPlayerTask
[18:01:11] [Client thread/DEBUG] [TaskController] Scheduled MapPlayerTask
[18:01:13] [Client thread/DEBUG] [TaskController] Scheduled MapPlayerTask
[18:01:16] [Client thread/DEBUG] [TaskController] Scheduled MapPlayerTask
[18:01:19] [Client thread/DEBUG] [TaskController] Scheduled MapPlayerTask
[18:01:22] [Client thread/DEBUG] [TaskController] Scheduled MapPlayerTask
[18:01:25] [Client thread/DEBUG] [TaskController] Scheduled MapPlayerTask
[18:01:27] [Client thread/DEBUG] [TaskController] Scheduled MapPlayerTask
[18:01:30] [Client thread/DEBUG] [TaskController] Scheduled MapPlayerTask
[18:01:32] [Client thread/DEBUG] [TaskController] Scheduled MapPlayerTask
[18:01:34] [Client thread/DEBUG] [TaskController] Scheduled MapPlayerTask
[18:01:37] [Client thread/DEBUG] [TaskController] Scheduled MapPlayerTask
[18:01:39] [Client thread/DEBUG] [TaskController] Scheduled MapPlayerTask
[18:01:41] [Client thread/DEBUG] [TaskController] Scheduled MapPlayerTask
[18:01:43] [Client thread/DEBUG] [TaskController] Scheduled MapPlayerTask
[18:01:45] [Client thread/DEBUG] [TaskController] Scheduled MapPlayerTask
[18:01:47] [Client thread/DEBUG] [TaskController] Scheduled MapPlayerTask
[18:01:50] [Client thread/DEBUG] [TaskController] Scheduled MapPlayerTask
[18:01:53] [Client thread/DEBUG] [TaskController] Scheduled MapPlayerTask
[18:01:57] [Client thread/DEBUG] [TaskController] Scheduled MapPlayerTask
[18:01:59] [Client thread/DEBUG] [TaskController] Scheduled MapPlayerTask
[18:02:02] [Client thread/DEBUG] [TaskController] Scheduled MapPlayerTask
[18:02:02] [JM-task-4/DEBUG] [RegionImageCache] RegionImageCache auto-flushing
[18:02:02] [File IO Thread/DEBUG] [ImageHolder] Wrote to disk: D:\New folder\Instances\Instances\test bench 2\journeymap\data\sp\New World\DIM0\day\0,-1.png
[18:02:02] [File IO Thread/DEBUG] [ImageHolder] Wrote to disk: D:\New folder\Instances\Instances\test bench 2\journeymap\data\sp\New World\DIM0\topo\0,-1.png
[18:02:02] [File IO Thread/DEBUG] [ImageHolder] Wrote to disk: D:\New folder\Instances\Instances\test bench 2\journeymap\data\sp\New World\DIM0\night\0,-1.png
[18:02:04] [Client thread/DEBUG] [TaskController] Scheduled MapPlayerTask
[18:02:06] [Client thread/DEBUG] [TaskController] Scheduled MapPlayerTask
[18:02:08] [Client thread/DEBUG] [TaskController] Scheduled MapPlayerTask
[18:02:10] [Client thread/DEBUG] [TaskController] Scheduled MapPlayerTask
[18:02:12] [Client thread/DEBUG] [TaskController] Scheduled MapPlayerTask
[18:02:14] [Client thread/DEBUG] [TaskController] Scheduled MapPlayerTask
[18:02:16] [Client thread/DEBUG] [TaskController] Scheduled MapPlayerTask
[18:02:19] [Client thread/DEBUG] [TaskController] Scheduled MapPlayerTask
[18:02:21] [Client thread/DEBUG] [TaskController] Scheduled MapPlayerTask
[18:02:24] [Client thread/DEBUG] [TaskController] Scheduled MapPlayerTask
[18:02:27] [Client thread/DEBUG] [TaskController] Scheduled MapPlayerTask
[18:02:29] [Client thread/DEBUG] [TaskController] Scheduled MapPlayerTask
[18:02:32] [Client thread/DEBUG] [TaskController] Scheduled MapPlayerTask
[18:02:34] [Client thread/DEBUG] [TaskController] Scheduled MapPlayerTask
[18:02:36] [Client thread/DEBUG] [TaskController] Scheduled MapPlayerTask
[18:02:38] [Client thread/DEBUG] [TaskController] Scheduled MapPlayerTask
[18:02:41] [Client thread/DEBUG] [TaskController] Scheduled MapPlayerTask
[18:02:43] [Client thread/DEBUG] [TaskController] Scheduled MapPlayerTask
[18:02:45] [Client thread/DEBUG] [TaskController] Scheduled MapPlayerTask
[18:02:47] [Client thread/DEBUG] [TaskController] Scheduled MapPlayerTask
[18:02:49] [Client thread/DEBUG] [TaskController] Scheduled MapPlayerTask
[18:02:52] [Client thread/DEBUG] [TaskController] Scheduled MapPlayerTask
[18:02:54] [Client thread/DEBUG] [TaskController] Scheduled MapPlayerTask
[18:02:57] [Client thread/DEBUG] [TaskController] Scheduled MapPlayerTask
[18:02:59] [Client thread/DEBUG] [TaskController] Scheduled MapPlayerTask
[18:03:03] [Client thread/DEBUG] [TaskController] Scheduled MapPlayerTask
[18:03:03] [JM-task-4/DEBUG] [RegionImageCache] RegionImageCache auto-flushing
[18:03:05] [Client thread/DEBUG] [TaskController] Scheduled MapPlayerTask
[18:03:07] [Client thread/DEBUG] [TaskController] Scheduled MapPlayerTask
[18:03:09] [Client thread/DEBUG] [TaskController] Scheduled MapPlayerTask
[18:03:11] [Client thread/DEBUG] [TaskController] Scheduled MapPlayerTask
[18:03:13] [Client thread/DEBUG] [TaskController] Scheduled MapPlayerTask
[18:03:15] [Client thread/DEBUG] [TaskController] Scheduled MapPlayerTask
[18:03:16] [Client thread/DEBUG] [StatTimer] MapState.refresh warmup done, 10
[18:03:17] [Client thread/DEBUG] [TaskController] Scheduled MapPlayerTask
[18:03:19] [Client thread/INFO] [JourneymapClient] Mapping halted in D:\New folder\Instances\Instances\test bench 2\journeymap\data\sp\New World\DIM0
[18:03:19] [Client thread/DEBUG] [TaskController] Task disabled: MapPlayerTask
[18:03:19] [Client thread/DEBUG] [TaskController] Task disabled: InitColorManagerTask
[18:03:19] [File IO Thread/DEBUG] [ImageHolder] Wrote to disk: D:\New folder\Instances\Instances\test bench 2\journeymap\data\sp\New World\DIM0\day\-1,0.png
[18:03:19] [File IO Thread/DEBUG] [ImageHolder] Wrote to disk: D:\New folder\Instances\Instances\test bench 2\journeymap\data\sp\New World\DIM0\day\0,0.png
